<?xml version="1.0" encoding="UTF-8"?>
<testsuite xmlns:xsi="http://www.w3.org/2001/XMLSchema-instance" xsi:noNamespaceSchemaLocation="https://maven.apache.org/surefire/maven-surefire-plugin/xsd/surefire-test-report-3.0.xsd" version="3.0" name="com.prosphere.ras.WorkhistoryTests" time="0.503" tests="5" errors="0" skipped="0" failures="0">
  <properties>
    <property name="java.specification.version" value="21"/>
    <property name="sun.cpu.isalist" value="amd64"/>
    <property name="sun.jnu.encoding" value="Cp1251"/>
    <property name="java.class.path" value="d:\Documents\Programming\Java\WEB\web-app-ras\target\test-classes;d:\Documents\Programming\Java\WEB\web-app-ras\target\classes;C:\Users\krugl\.m2\repository\org\springframework\boot\spring-boot-starter-web\3.2.3\spring-boot-starter-web-3.2.3.jar;C:\Users\krugl\.m2\repository\org\springframework\boot\spring-boot-starter\3.2.3\spring-boot-starter-3.2.3.jar;C:\Users\krugl\.m2\repository\org\springframework\boot\spring-boot\3.2.3\spring-boot-3.2.3.jar;C:\Users\krugl\.m2\repository\org\springframework\boot\spring-boot-autoconfigure\3.2.3\spring-boot-autoconfigure-3.2.3.jar;C:\Users\krugl\.m2\repository\org\springframework\boot\spring-boot-starter-logging\3.2.3\spring-boot-starter-logging-3.2.3.jar;C:\Users\krugl\.m2\repository\ch\qos\logback\logback-classic\1.4.14\logback-classic-1.4.14.jar;C:\Users\krugl\.m2\repository\ch\qos\logback\logback-core\1.4.14\logback-core-1.4.14.jar;C:\Users\krugl\.m2\repository\org\apache\logging\log4j\log4j-to-slf4j\2.21.1\log4j-to-slf4j-2.21.1.jar;C:\Users\krugl\.m2\repository\org\apache\logging\log4j\log4j-api\2.21.1\log4j-api-2.21.1.jar;C:\Users\krugl\.m2\repository\org\slf4j\jul-to-slf4j\2.0.12\jul-to-slf4j-2.0.12.jar;C:\Users\krugl\.m2\repository\jakarta\annotation\jakarta.annotation-api\2.1.1\jakarta.annotation-api-2.1.1.jar;C:\Users\krugl\.m2\repository\org\yaml\snakeyaml\2.2\snakeyaml-2.2.jar;C:\Users\krugl\.m2\repository\org\springframework\boot\spring-boot-starter-json\3.2.3\spring-boot-starter-json-3.2.3.jar;C:\Users\krugl\.m2\repository\com\fasterxml\jackson\core\jackson-databind\2.15.4\jackson-databind-2.15.4.jar;C:\Users\krugl\.m2\repository\com\fasterxml\jackson\core\jackson-annotations\2.15.4\jackson-annotations-2.15.4.jar;C:\Users\krugl\.m2\repository\com\fasterxml\jackson\core\jackson-core\2.15.4\jackson-core-2.15.4.jar;C:\Users\krugl\.m2\repository\com\fasterxml\jackson\datatype\jackson-datatype-jdk8\2.15.4\jackson-datatype-jdk8-2.15.4.jar;C:\Users\krugl\.m2\repository\com\fasterxml\jackson\datatype\jackson-datatype-jsr310\2.15.4\jackson-datatype-jsr310-2.15.4.jar;C:\Users\krugl\.m2\repository\com\fasterxml\jackson\module\jackson-module-parameter-names\2.15.4\jackson-module-parameter-names-2.15.4.jar;C:\Users\krugl\.m2\repository\org\springframework\boot\spring-boot-starter-tomcat\3.2.3\spring-boot-starter-tomcat-3.2.3.jar;C:\Users\krugl\.m2\repository\org\apache\tomcat\embed\tomcat-embed-core\10.1.19\tomcat-embed-core-10.1.19.jar;C:\Users\krugl\.m2\repository\org\apache\tomcat\embed\tomcat-embed-el\10.1.19\tomcat-embed-el-10.1.19.jar;C:\Users\krugl\.m2\repository\org\apache\tomcat\embed\tomcat-embed-websocket\10.1.19\tomcat-embed-websocket-10.1.19.jar;C:\Users\krugl\.m2\repository\org\springframework\spring-web\6.1.4\spring-web-6.1.4.jar;C:\Users\krugl\.m2\repository\org\springframework\spring-webmvc\6.1.4\spring-webmvc-6.1.4.jar;C:\Users\krugl\.m2\repository\org\springframework\spring-aop\6.1.4\spring-aop-6.1.4.jar;C:\Users\krugl\.m2\repository\org\springframework\spring-context\6.1.4\spring-context-6.1.4.jar;C:\Users\krugl\.m2\repository\org\springframework\spring-expression\6.1.4\spring-expression-6.1.4.jar;C:\Users\krugl\.m2\repository\org\springframework\boot\spring-boot-starter-actuator\3.2.3\spring-boot-starter-actuator-3.2.3.jar;C:\Users\krugl\.m2\repository\org\springframework\boot\spring-boot-actuator-autoconfigure\3.2.3\spring-boot-actuator-autoconfigure-3.2.3.jar;C:\Users\krugl\.m2\repository\org\springframework\boot\spring-boot-actuator\3.2.3\spring-boot-actuator-3.2.3.jar;C:\Users\krugl\.m2\repository\io\micrometer\micrometer-observation\1.12.3\micrometer-observation-1.12.3.jar;C:\Users\krugl\.m2\repository\io\micrometer\micrometer-commons\1.12.3\micrometer-commons-1.12.3.jar;C:\Users\krugl\.m2\repository\io\micrometer\micrometer-jakarta9\1.12.3\micrometer-jakarta9-1.12.3.jar;C:\Users\krugl\.m2\repository\io\micrometer\micrometer-core\1.12.3\micrometer-core-1.12.3.jar;C:\Users\krugl\.m2\repository\org\hdrhistogram\HdrHistogram\2.1.12\HdrHistogram-2.1.12.jar;C:\Users\krugl\.m2\repository\org\latencyutils\LatencyUtils\2.0.3\LatencyUtils-2.0.3.jar;C:\Users\krugl\.m2\repository\org\springframework\boot\spring-boot-starter-test\3.2.3\spring-boot-starter-test-3.2.3.jar;C:\Users\krugl\.m2\repository\org\springframework\boot\spring-boot-test\3.2.3\spring-boot-test-3.2.3.jar;C:\Users\krugl\.m2\repository\org\springframework\boot\spring-boot-test-autoconfigure\3.2.3\spring-boot-test-autoconfigure-3.2.3.jar;C:\Users\krugl\.m2\repository\com\jayway\jsonpath\json-path\2.9.0\json-path-2.9.0.jar;C:\Users\krugl\.m2\repository\org\slf4j\slf4j-api\2.0.12\slf4j-api-2.0.12.jar;C:\Users\krugl\.m2\repository\jakarta\xml\bind\jakarta.xml.bind-api\4.0.1\jakarta.xml.bind-api-4.0.1.jar;C:\Users\krugl\.m2\repository\jakarta\activation\jakarta.activation-api\2.1.2\jakarta.activation-api-2.1.2.jar;C:\Users\krugl\.m2\repository\net\minidev\json-smart\2.5.0\json-smart-2.5.0.jar;C:\Users\krugl\.m2\repository\net\minidev\accessors-smart\2.5.0\accessors-smart-2.5.0.jar;C:\Users\krugl\.m2\repository\org\ow2\asm\asm\9.3\asm-9.3.jar;C:\Users\krugl\.m2\repository\org\assertj\assertj-core\3.24.2\assertj-core-3.24.2.jar;C:\Users\krugl\.m2\repository\org\awaitility\awaitility\4.2.0\awaitility-4.2.0.jar;C:\Users\krugl\.m2\repository\org\hamcrest\hamcrest\2.2\hamcrest-2.2.jar;C:\Users\krugl\.m2\repository\org\junit\jupiter\junit-jupiter\5.10.2\junit-jupiter-5.10.2.jar;C:\Users\krugl\.m2\repository\org\junit\jupiter\junit-jupiter-api\5.10.2\junit-jupiter-api-5.10.2.jar;C:\Users\krugl\.m2\repository\org\opentest4j\opentest4j\1.3.0\opentest4j-1.3.0.jar;C:\Users\krugl\.m2\repository\org\junit\platform\junit-platform-commons\1.10.2\junit-platform-commons-1.10.2.jar;C:\Users\krugl\.m2\repository\org\apiguardian\apiguardian-api\1.1.2\apiguardian-api-1.1.2.jar;C:\Users\krugl\.m2\repository\org\junit\jupiter\junit-jupiter-params\5.10.2\junit-jupiter-params-5.10.2.jar;C:\Users\krugl\.m2\repository\org\junit\jupiter\junit-jupiter-engine\5.10.2\junit-jupiter-engine-5.10.2.jar;C:\Users\krugl\.m2\repository\org\junit\platform\junit-platform-engine\1.10.2\junit-platform-engine-1.10.2.jar;C:\Users\krugl\.m2\repository\org\mockito\mockito-core\5.7.0\mockito-core-5.7.0.jar;C:\Users\krugl\.m2\repository\net\bytebuddy\byte-buddy-agent\1.14.12\byte-buddy-agent-1.14.12.jar;C:\Users\krugl\.m2\repository\org\objenesis\objenesis\3.3\objenesis-3.3.jar;C:\Users\krugl\.m2\repository\org\mockito\mockito-junit-jupiter\5.7.0\mockito-junit-jupiter-5.7.0.jar;C:\Users\krugl\.m2\repository\org\skyscreamer\jsonassert\1.5.1\jsonassert-1.5.1.jar;C:\Users\krugl\.m2\repository\com\vaadin\external\google\android-json\0.0.20131108.vaadin1\android-json-0.0.20131108.vaadin1.jar;C:\Users\krugl\.m2\repository\org\springframework\spring-core\6.1.4\spring-core-6.1.4.jar;C:\Users\krugl\.m2\repository\org\springframework\spring-jcl\6.1.4\spring-jcl-6.1.4.jar;C:\Users\krugl\.m2\repository\org\springframework\spring-test\6.1.4\spring-test-6.1.4.jar;C:\Users\krugl\.m2\repository\org\xmlunit\xmlunit-core\2.9.1\xmlunit-core-2.9.1.jar;C:\Users\krugl\.m2\repository\org\springframework\spring-tx\6.1.4\spring-tx-6.1.4.jar;C:\Users\krugl\.m2\repository\org\springframework\spring-beans\6.1.4\spring-beans-6.1.4.jar;C:\Users\krugl\.m2\repository\org\hibernate\orm\hibernate-core\6.4.4.Final\hibernate-core-6.4.4.Final.jar;C:\Users\krugl\.m2\repository\jakarta\persistence\jakarta.persistence-api\3.1.0\jakarta.persistence-api-3.1.0.jar;C:\Users\krugl\.m2\repository\jakarta\transaction\jakarta.transaction-api\2.0.1\jakarta.transaction-api-2.0.1.jar;C:\Users\krugl\.m2\repository\org\jboss\logging\jboss-logging\3.5.3.Final\jboss-logging-3.5.3.Final.jar;C:\Users\krugl\.m2\repository\org\hibernate\common\hibernate-commons-annotations\6.0.6.Final\hibernate-commons-annotations-6.0.6.Final.jar;C:\Users\krugl\.m2\repository\io\smallrye\jandex\3.1.2\jandex-3.1.2.jar;C:\Users\krugl\.m2\repository\com\fasterxml\classmate\1.6.0\classmate-1.6.0.jar;C:\Users\krugl\.m2\repository\net\bytebuddy\byte-buddy\1.14.12\byte-buddy-1.14.12.jar;C:\Users\krugl\.m2\repository\org\glassfish\jaxb\jaxb-runtime\4.0.4\jaxb-runtime-4.0.4.jar;C:\Users\krugl\.m2\repository\org\glassfish\jaxb\jaxb-core\4.0.4\jaxb-core-4.0.4.jar;C:\Users\krugl\.m2\repository\org\eclipse\angus\angus-activation\2.0.1\angus-activation-2.0.1.jar;C:\Users\krugl\.m2\repository\org\glassfish\jaxb\txw2\4.0.4\txw2-4.0.4.jar;C:\Users\krugl\.m2\repository\com\sun\istack\istack-commons-runtime\4.1.2\istack-commons-runtime-4.1.2.jar;C:\Users\krugl\.m2\repository\jakarta\inject\jakarta.inject-api\2.0.1\jakarta.inject-api-2.0.1.jar;C:\Users\krugl\.m2\repository\org\antlr\antlr4-runtime\4.13.0\antlr4-runtime-4.13.0.jar;C:\Users\krugl\.m2\repository\org\postgresql\postgresql\42.7.1\postgresql-42.7.1.jar;C:\Users\krugl\.m2\repository\org\checkerframework\checker-qual\3.41.0\checker-qual-3.41.0.jar;C:\Users\krugl\.m2\repository\org\projectlombok\lombok\1.18.30\lombok-1.18.30.jar;C:\Users\krugl\.m2\repository\junit\junit\4.13.2\junit-4.13.2.jar;C:\Users\krugl\.m2\repository\org\hamcrest\hamcrest-core\2.2\hamcrest-core-2.2.jar;C:\Users\krugl\.m2\repository\io\hypersistence\hypersistence-utils-hibernate-62\3.7.3\hypersistence-utils-hibernate-62-3.7.3.jar;C:\Users\krugl\.m2\repository\javax\xml\bind\jaxb-api\2.3.0\jaxb-api-2.3.0.jar;C:\Users\krugl\.m2\repository\io\hypersistence\hypersistence-tsid\2.1.1\hypersistence-tsid-2.1.1.jar;C:\Users\krugl\.m2\repository\org\springframework\spring-orm\6.1.4\spring-orm-6.1.4.jar;C:\Users\krugl\.m2\repository\org\springframework\spring-jdbc\6.1.4\spring-jdbc-6.1.4.jar;"/>
    <property name="java.vm.vendor" value="Oracle Corporation"/>
    <property name="sun.arch.data.model" value="64"/>
    <property name="user.variant" value=""/>
    <property name="java.vendor.url" value="https://java.oracle.com/"/>
    <property name="user.timezone" value="Europe/Moscow"/>
    <property name="org.jboss.logging.provider" value="slf4j"/>
    <property name="os.name" value="Windows 11"/>
    <property name="java.vm.specification.version" value="21"/>
    <property name="sun.java.launcher" value="SUN_STANDARD"/>
    <property name="user.country" value="RU"/>
    <property name="sun.boot.library.path" value="C:\Program Files\Java\jdk-21\bin"/>
    <property name="sun.java.command" value="C:\Users\krugl\AppData\Local\Temp\surefire4986941724278441955\surefirebooter-20240321104117320_3.jar C:\Users\krugl\AppData\Local\Temp\surefire4986941724278441955 2024-03-21T10-41-17_110-jvmRun1 surefire-20240321104117320_1tmp surefire_0-20240321104117320_2tmp"/>
    <property name="jdk.debug" value="release"/>
    <property name="surefire.test.class.path" value="d:\Documents\Programming\Java\WEB\web-app-ras\target\test-classes;d:\Documents\Programming\Java\WEB\web-app-ras\target\classes;C:\Users\krugl\.m2\repository\org\springframework\boot\spring-boot-starter-web\3.2.3\spring-boot-starter-web-3.2.3.jar;C:\Users\krugl\.m2\repository\org\springframework\boot\spring-boot-starter\3.2.3\spring-boot-starter-3.2.3.jar;C:\Users\krugl\.m2\repository\org\springframework\boot\spring-boot\3.2.3\spring-boot-3.2.3.jar;C:\Users\krugl\.m2\repository\org\springframework\boot\spring-boot-autoconfigure\3.2.3\spring-boot-autoconfigure-3.2.3.jar;C:\Users\krugl\.m2\repository\org\springframework\boot\spring-boot-starter-logging\3.2.3\spring-boot-starter-logging-3.2.3.jar;C:\Users\krugl\.m2\repository\ch\qos\logback\logback-classic\1.4.14\logback-classic-1.4.14.jar;C:\Users\krugl\.m2\repository\ch\qos\logback\logback-core\1.4.14\logback-core-1.4.14.jar;C:\Users\krugl\.m2\repository\org\apache\logging\log4j\log4j-to-slf4j\2.21.1\log4j-to-slf4j-2.21.1.jar;C:\Users\krugl\.m2\repository\org\apache\logging\log4j\log4j-api\2.21.1\log4j-api-2.21.1.jar;C:\Users\krugl\.m2\repository\org\slf4j\jul-to-slf4j\2.0.12\jul-to-slf4j-2.0.12.jar;C:\Users\krugl\.m2\repository\jakarta\annotation\jakarta.annotation-api\2.1.1\jakarta.annotation-api-2.1.1.jar;C:\Users\krugl\.m2\repository\org\yaml\snakeyaml\2.2\snakeyaml-2.2.jar;C:\Users\krugl\.m2\repository\org\springframework\boot\spring-boot-starter-json\3.2.3\spring-boot-starter-json-3.2.3.jar;C:\Users\krugl\.m2\repository\com\fasterxml\jackson\core\jackson-databind\2.15.4\jackson-databind-2.15.4.jar;C:\Users\krugl\.m2\repository\com\fasterxml\jackson\core\jackson-annotations\2.15.4\jackson-annotations-2.15.4.jar;C:\Users\krugl\.m2\repository\com\fasterxml\jackson\core\jackson-core\2.15.4\jackson-core-2.15.4.jar;C:\Users\krugl\.m2\repository\com\fasterxml\jackson\datatype\jackson-datatype-jdk8\2.15.4\jackson-datatype-jdk8-2.15.4.jar;C:\Users\krugl\.m2\repository\com\fasterxml\jackson\datatype\jackson-datatype-jsr310\2.15.4\jackson-datatype-jsr310-2.15.4.jar;C:\Users\krugl\.m2\repository\com\fasterxml\jackson\module\jackson-module-parameter-names\2.15.4\jackson-module-parameter-names-2.15.4.jar;C:\Users\krugl\.m2\repository\org\springframework\boot\spring-boot-starter-tomcat\3.2.3\spring-boot-starter-tomcat-3.2.3.jar;C:\Users\krugl\.m2\repository\org\apache\tomcat\embed\tomcat-embed-core\10.1.19\tomcat-embed-core-10.1.19.jar;C:\Users\krugl\.m2\repository\org\apache\tomcat\embed\tomcat-embed-el\10.1.19\tomcat-embed-el-10.1.19.jar;C:\Users\krugl\.m2\repository\org\apache\tomcat\embed\tomcat-embed-websocket\10.1.19\tomcat-embed-websocket-10.1.19.jar;C:\Users\krugl\.m2\repository\org\springframework\spring-web\6.1.4\spring-web-6.1.4.jar;C:\Users\krugl\.m2\repository\org\springframework\spring-webmvc\6.1.4\spring-webmvc-6.1.4.jar;C:\Users\krugl\.m2\repository\org\springframework\spring-aop\6.1.4\spring-aop-6.1.4.jar;C:\Users\krugl\.m2\repository\org\springframework\spring-context\6.1.4\spring-context-6.1.4.jar;C:\Users\krugl\.m2\repository\org\springframework\spring-expression\6.1.4\spring-expression-6.1.4.jar;C:\Users\krugl\.m2\repository\org\springframework\boot\spring-boot-starter-actuator\3.2.3\spring-boot-starter-actuator-3.2.3.jar;C:\Users\krugl\.m2\repository\org\springframework\boot\spring-boot-actuator-autoconfigure\3.2.3\spring-boot-actuator-autoconfigure-3.2.3.jar;C:\Users\krugl\.m2\repository\org\springframework\boot\spring-boot-actuator\3.2.3\spring-boot-actuator-3.2.3.jar;C:\Users\krugl\.m2\repository\io\micrometer\micrometer-observation\1.12.3\micrometer-observation-1.12.3.jar;C:\Users\krugl\.m2\repository\io\micrometer\micrometer-commons\1.12.3\micrometer-commons-1.12.3.jar;C:\Users\krugl\.m2\repository\io\micrometer\micrometer-jakarta9\1.12.3\micrometer-jakarta9-1.12.3.jar;C:\Users\krugl\.m2\repository\io\micrometer\micrometer-core\1.12.3\micrometer-core-1.12.3.jar;C:\Users\krugl\.m2\repository\org\hdrhistogram\HdrHistogram\2.1.12\HdrHistogram-2.1.12.jar;C:\Users\krugl\.m2\repository\org\latencyutils\LatencyUtils\2.0.3\LatencyUtils-2.0.3.jar;C:\Users\krugl\.m2\repository\org\springframework\boot\spring-boot-starter-test\3.2.3\spring-boot-starter-test-3.2.3.jar;C:\Users\krugl\.m2\repository\org\springframework\boot\spring-boot-test\3.2.3\spring-boot-test-3.2.3.jar;C:\Users\krugl\.m2\repository\org\springframework\boot\spring-boot-test-autoconfigure\3.2.3\spring-boot-test-autoconfigure-3.2.3.jar;C:\Users\krugl\.m2\repository\com\jayway\jsonpath\json-path\2.9.0\json-path-2.9.0.jar;C:\Users\krugl\.m2\repository\org\slf4j\slf4j-api\2.0.12\slf4j-api-2.0.12.jar;C:\Users\krugl\.m2\repository\jakarta\xml\bind\jakarta.xml.bind-api\4.0.1\jakarta.xml.bind-api-4.0.1.jar;C:\Users\krugl\.m2\repository\jakarta\activation\jakarta.activation-api\2.1.2\jakarta.activation-api-2.1.2.jar;C:\Users\krugl\.m2\repository\net\minidev\json-smart\2.5.0\json-smart-2.5.0.jar;C:\Users\krugl\.m2\repository\net\minidev\accessors-smart\2.5.0\accessors-smart-2.5.0.jar;C:\Users\krugl\.m2\repository\org\ow2\asm\asm\9.3\asm-9.3.jar;C:\Users\krugl\.m2\repository\org\assertj\assertj-core\3.24.2\assertj-core-3.24.2.jar;C:\Users\krugl\.m2\repository\org\awaitility\awaitility\4.2.0\awaitility-4.2.0.jar;C:\Users\krugl\.m2\repository\org\hamcrest\hamcrest\2.2\hamcrest-2.2.jar;C:\Users\krugl\.m2\repository\org\junit\jupiter\junit-jupiter\5.10.2\junit-jupiter-5.10.2.jar;C:\Users\krugl\.m2\repository\org\junit\jupiter\junit-jupiter-api\5.10.2\junit-jupiter-api-5.10.2.jar;C:\Users\krugl\.m2\repository\org\opentest4j\opentest4j\1.3.0\opentest4j-1.3.0.jar;C:\Users\krugl\.m2\repository\org\junit\platform\junit-platform-commons\1.10.2\junit-platform-commons-1.10.2.jar;C:\Users\krugl\.m2\repository\org\apiguardian\apiguardian-api\1.1.2\apiguardian-api-1.1.2.jar;C:\Users\krugl\.m2\repository\org\junit\jupiter\junit-jupiter-params\5.10.2\junit-jupiter-params-5.10.2.jar;C:\Users\krugl\.m2\repository\org\junit\jupiter\junit-jupiter-engine\5.10.2\junit-jupiter-engine-5.10.2.jar;C:\Users\krugl\.m2\repository\org\junit\platform\junit-platform-engine\1.10.2\junit-platform-engine-1.10.2.jar;C:\Users\krugl\.m2\repository\org\mockito\mockito-core\5.7.0\mockito-core-5.7.0.jar;C:\Users\krugl\.m2\repository\net\bytebuddy\byte-buddy-agent\1.14.12\byte-buddy-agent-1.14.12.jar;C:\Users\krugl\.m2\repository\org\objenesis\objenesis\3.3\objenesis-3.3.jar;C:\Users\krugl\.m2\repository\org\mockito\mockito-junit-jupiter\5.7.0\mockito-junit-jupiter-5.7.0.jar;C:\Users\krugl\.m2\repository\org\skyscreamer\jsonassert\1.5.1\jsonassert-1.5.1.jar;C:\Users\krugl\.m2\repository\com\vaadin\external\google\android-json\0.0.20131108.vaadin1\android-json-0.0.20131108.vaadin1.jar;C:\Users\krugl\.m2\repository\org\springframework\spring-core\6.1.4\spring-core-6.1.4.jar;C:\Users\krugl\.m2\repository\org\springframework\spring-jcl\6.1.4\spring-jcl-6.1.4.jar;C:\Users\krugl\.m2\repository\org\springframework\spring-test\6.1.4\spring-test-6.1.4.jar;C:\Users\krugl\.m2\repository\org\xmlunit\xmlunit-core\2.9.1\xmlunit-core-2.9.1.jar;C:\Users\krugl\.m2\repository\org\springframework\spring-tx\6.1.4\spring-tx-6.1.4.jar;C:\Users\krugl\.m2\repository\org\springframework\spring-beans\6.1.4\spring-beans-6.1.4.jar;C:\Users\krugl\.m2\repository\org\hibernate\orm\hibernate-core\6.4.4.Final\hibernate-core-6.4.4.Final.jar;C:\Users\krugl\.m2\repository\jakarta\persistence\jakarta.persistence-api\3.1.0\jakarta.persistence-api-3.1.0.jar;C:\Users\krugl\.m2\repository\jakarta\transaction\jakarta.transaction-api\2.0.1\jakarta.transaction-api-2.0.1.jar;C:\Users\krugl\.m2\repository\org\jboss\logging\jboss-logging\3.5.3.Final\jboss-logging-3.5.3.Final.jar;C:\Users\krugl\.m2\repository\org\hibernate\common\hibernate-commons-annotations\6.0.6.Final\hibernate-commons-annotations-6.0.6.Final.jar;C:\Users\krugl\.m2\repository\io\smallrye\jandex\3.1.2\jandex-3.1.2.jar;C:\Users\krugl\.m2\repository\com\fasterxml\classmate\1.6.0\classmate-1.6.0.jar;C:\Users\krugl\.m2\repository\net\bytebuddy\byte-buddy\1.14.12\byte-buddy-1.14.12.jar;C:\Users\krugl\.m2\repository\org\glassfish\jaxb\jaxb-runtime\4.0.4\jaxb-runtime-4.0.4.jar;C:\Users\krugl\.m2\repository\org\glassfish\jaxb\jaxb-core\4.0.4\jaxb-core-4.0.4.jar;C:\Users\krugl\.m2\repository\org\eclipse\angus\angus-activation\2.0.1\angus-activation-2.0.1.jar;C:\Users\krugl\.m2\repository\org\glassfish\jaxb\txw2\4.0.4\txw2-4.0.4.jar;C:\Users\krugl\.m2\repository\com\sun\istack\istack-commons-runtime\4.1.2\istack-commons-runtime-4.1.2.jar;C:\Users\krugl\.m2\repository\jakarta\inject\jakarta.inject-api\2.0.1\jakarta.inject-api-2.0.1.jar;C:\Users\krugl\.m2\repository\org\antlr\antlr4-runtime\4.13.0\antlr4-runtime-4.13.0.jar;C:\Users\krugl\.m2\repository\org\postgresql\postgresql\42.7.1\postgresql-42.7.1.jar;C:\Users\krugl\.m2\repository\org\checkerframework\checker-qual\3.41.0\checker-qual-3.41.0.jar;C:\Users\krugl\.m2\repository\org\projectlombok\lombok\1.18.30\lombok-1.18.30.jar;C:\Users\krugl\.m2\repository\junit\junit\4.13.2\junit-4.13.2.jar;C:\Users\krugl\.m2\repository\org\hamcrest\hamcrest-core\2.2\hamcrest-core-2.2.jar;C:\Users\krugl\.m2\repository\io\hypersistence\hypersistence-utils-hibernate-62\3.7.3\hypersistence-utils-hibernate-62-3.7.3.jar;C:\Users\krugl\.m2\repository\javax\xml\bind\jaxb-api\2.3.0\jaxb-api-2.3.0.jar;C:\Users\krugl\.m2\repository\io\hypersistence\hypersistence-tsid\2.1.1\hypersistence-tsid-2.1.1.jar;C:\Users\krugl\.m2\repository\org\springframework\spring-orm\6.1.4\spring-orm-6.1.4.jar;C:\Users\krugl\.m2\repository\org\springframework\spring-jdbc\6.1.4\spring-jdbc-6.1.4.jar;"/>
    <property name="sun.cpu.endian" value="little"/>
    <property name="user.home" value="C:\Users\krugl"/>
    <property name="user.language" value="ru"/>
    <property name="java.specification.vendor" value="Oracle Corporation"/>
    <property name="java.version.date" value="2024-01-16"/>
    <property name="java.home" value="C:\Program Files\Java\jdk-21"/>
    <property name="file.separator" value="\"/>
    <property name="basedir" value="d:\Documents\Programming\Java\WEB\web-app-ras"/>
    <property name="java.vm.compressedOopsMode" value="Zero based"/>
    <property name="line.separator" value="&#10;"/>
    <property name="java.vm.specification.vendor" value="Oracle Corporation"/>
    <property name="java.specification.name" value="Java Platform API Specification"/>
    <property name="FILE_LOG_CHARSET" value="UTF-8"/>
    <property name="java.awt.headless" value="true"/>
    <property name="surefire.real.class.path" value="C:\Users\krugl\AppData\Local\Temp\surefire4986941724278441955\surefirebooter-20240321104117320_3.jar"/>
    <property name="user.script" value=""/>
    <property name="sun.management.compiler" value="HotSpot 64-Bit Tiered Compilers"/>
    <property name="java.runtime.version" value="21.0.2+13-LTS-58"/>
    <property name="user.name" value="krugl"/>
    <property name="stdout.encoding" value="Cp1251"/>
    <property name="path.separator" value=";"/>
    <property name="os.version" value="10.0"/>
    <property name="java.runtime.name" value="Java(TM) SE Runtime Environment"/>
    <property name="file.encoding" value="UTF-8"/>
    <property name="java.vm.name" value="Java HotSpot(TM) 64-Bit Server VM"/>
    <property name="localRepository" value="C:\Users\krugl\.m2\repository"/>
    <property name="java.vendor.url.bug" value="https://bugreport.java.com/bugreport/"/>
    <property name="java.io.tmpdir" value="C:\Users\krugl\AppData\Local\Temp\"/>
    <property name="java.version" value="21.0.2"/>
    <property name="user.dir" value="d:\Documents\Programming\Java\WEB\web-app-ras"/>
    <property name="os.arch" value="amd64"/>
    <property name="java.vm.specification.name" value="Java Virtual Machine Specification"/>
    <property name="PID" value="16960"/>
    <property name="sun.os.patch.level" value=""/>
    <property name="CONSOLE_LOG_CHARSET" value="UTF-8"/>
    <property name="native.encoding" value="Cp1251"/>
    <property name="java.library.path" value="C:\Program Files\Java\jdk-21\bin;C:\WINDOWS\Sun\Java\bin;C:\WINDOWS\system32;C:\WINDOWS;C:\Program Files\Common Files\Oracle\Java\javapath;C:\Program Files\Python311\Scripts\;C:\Program Files\Python311\;C:\Program Files\NVIDIA GPU Computing Toolkit\CUDA\v12.1\bin;C:\Program Files\NVIDIA GPU Computing Toolkit\CUDA\v12.1\libnvvp;C:\WINDOWS\system32;C:\WINDOWS;C:\WINDOWS\System32\Wbem;C:\WINDOWS\System32\WindowsPowerShell\v1.0\;C:\WINDOWS\System32\OpenSSH\;C:\Windows\MinGW\mingw64\bin;C:\Windows\Cygwin\bin;C:\Program Files (x86)\AOMEI\AOMEI Backupper\6.8.0;C:\Program Files\dotnet\;C:\Program Files (x86)\Common Files\Acronis\SnapAPI\;C:\Program Files (x86)\NVIDIA Corporation\PhysX\Common;C:\Program Files\Docker\Docker\resources\bin;C:\Program Files\Java\jdk-21\bin;C:\Program Files\Maven\bin;C:\Users\krugl\AppData\Local\Microsoft\WindowsApps;C:\Users\krugl\AppData\Local\Programs\Microsoft VS Code\bin;C:\Program Files\PostgreSQL\15\scripts\runpsql.bat;C:\Program Files\Java\jdk-21;;."/>
    <property name="java.vm.info" value="mixed mode, sharing"/>
    <property name="stderr.encoding" value="Cp1251"/>
    <property name="java.vendor" value="Oracle Corporation"/>
    <property name="java.vm.version" value="21.0.2+13-LTS-58"/>
    <property name="sun.io.unicode.encoding" value="UnicodeLittle"/>
    <property name="java.class.version" value="65.0"/>
  </properties>
  <testcase name="testDeleteByObj" classname="com.prosphere.ras.WorkhistoryTests" time="0.058">
    <system-out><![CDATA[&amp#27;[35m[Hibernate]&amp#27;[0m 
    &amp#27;[34mselect&amp#27;[0m
        a1_0.id,
        a1_0.apartment,
        a1_0.building,
        a1_0.first_name,
        a1_0.last_name,
        a1_0.middle_name,
        s1_0.id,
        s1_0.name,
        a1_0.sought_salary,
        a1_0.street,
        a2_0.applicant_id,
        a2_0.speciality_id,
        s2_0.id,
        s2_0.name,
        a2_0.university_id,
        u1_0.id,
        u1_0.name 
    &amp#27;[34mfrom&amp#27;[0m
        applicant a1_0 
    &amp#27;[34mleft&amp#27;[0m &amp#27;[34mjoin&amp#27;[0m
        position s1_0 
            &amp#27;[34mon&amp#27;[0m s1_0.id=a1_0.sought_post 
    &amp#27;[34mleft&amp#27;[0m &amp#27;[34mjoin&amp#27;[0m
        education a2_0 
            &amp#27;[34mon&amp#27;[0m a1_0.id=a2_0.applicant_id 
    &amp#27;[34mleft&amp#27;[0m &amp#27;[34mjoin&amp#27;[0m
        speciality s2_0 
            &amp#27;[34mon&amp#27;[0m s2_0.id=a2_0.speciality_id 
    &amp#27;[34mleft&amp#27;[0m &amp#27;[34mjoin&amp#27;[0m
        university u1_0 
            &amp#27;[34mon&amp#27;[0m u1_0.id=a2_0.university_id 
    &amp#27;[34mwhere&amp#27;[0m
        a1_0.id=?
&amp#27;[35m[Hibernate]&amp#27;[0m 
    &amp#27;[34mselect&amp#27;[0m
        a1_0.applicant_id,
        a1_0.company_id,
        c1_0.id,
        c1_0.name,
        a1_0.position_id,
        p1_0.id,
        p1_0.name,
        a1_0.end_date,
        a1_0.salary,
        a1_0.start_date 
    &amp#27;[34mfrom&amp#27;[0m
        workhistory a1_0 
    &amp#27;[34mjoin&amp#27;[0m
        company c1_0 
            &amp#27;[34mon&amp#27;[0m c1_0.id=a1_0.company_id 
    &amp#27;[34mjoin&amp#27;[0m
        position p1_0 
            &amp#27;[34mon&amp#27;[0m p1_0.id=a1_0.position_id 
    &amp#27;[34mwhere&amp#27;[0m
        a1_0.applicant_id=?
&amp#27;[35m[Hibernate]&amp#27;[0m 
    &amp#27;[34mselect&amp#27;[0m
        c1_0.company_id,
        c1_0.position_id,
        p1_0.id,
        p1_0.name,
        c1_0.req_exp,
        r1_0.id,
        r1_0.name,
        c1_0.salary 
    &amp#27;[34mfrom&amp#27;[0m
        vacancy c1_0 
    &amp#27;[34mjoin&amp#27;[0m
        position p1_0 
            &amp#27;[34mon&amp#27;[0m p1_0.id=c1_0.position_id 
    &amp#27;[34mleft&amp#27;[0m &amp#27;[34mjoin&amp#27;[0m
        speciality r1_0 
            &amp#27;[34mon&amp#27;[0m r1_0.id=c1_0.req_spec 
    &amp#27;[34mwhere&amp#27;[0m
        c1_0.company_id=?
&amp#27;[35m[Hibernate]&amp#27;[0m 
    &amp#27;[34mselect&amp#27;[0m
        c1_0.company_id,
        c1_0.position_id,
        p1_0.id,
        p1_0.name,
        c1_0.req_exp,
        r1_0.id,
        r1_0.name,
        c1_0.salary 
    &amp#27;[34mfrom&amp#27;[0m
        vacancy c1_0 
    &amp#27;[34mjoin&amp#27;[0m
        position p1_0 
            &amp#27;[34mon&amp#27;[0m p1_0.id=c1_0.position_id 
    &amp#27;[34mleft&amp#27;[0m &amp#27;[34mjoin&amp#27;[0m
        speciality r1_0 
            &amp#27;[34mon&amp#27;[0m r1_0.id=c1_0.req_spec 
    &amp#27;[34mwhere&amp#27;[0m
        c1_0.company_id=?
&amp#27;[35m[Hibernate]&amp#27;[0m 
    &amp#27;[34mselect&amp#27;[0m
        c1_0.id,
        c1_0.name,
        c2_0.company_id,
        c2_0.position_id,
        p1_0.id,
        p1_0.name,
        c2_0.req_exp,
        r1_0.id,
        r1_0.name,
        c2_0.salary 
    &amp#27;[34mfrom&amp#27;[0m
        company c1_0 
    &amp#27;[34mleft&amp#27;[0m &amp#27;[34mjoin&amp#27;[0m
        vacancy c2_0 
            &amp#27;[34mon&amp#27;[0m c1_0.id=c2_0.company_id 
    &amp#27;[34mleft&amp#27;[0m &amp#27;[34mjoin&amp#27;[0m
        position p1_0 
            &amp#27;[34mon&amp#27;[0m p1_0.id=c2_0.position_id 
    &amp#27;[34mleft&amp#27;[0m &amp#27;[34mjoin&amp#27;[0m
        speciality r1_0 
            &amp#27;[34mon&amp#27;[0m r1_0.id=c2_0.req_spec 
    &amp#27;[34mwhere&amp#27;[0m
        c1_0.id=?
&amp#27;[35m[Hibernate]&amp#27;[0m 
    &amp#27;[34mselect&amp#27;[0m
        p1_0.id,
        p1_0.name 
    &amp#27;[34mfrom&amp#27;[0m
        position p1_0 
    &amp#27;[34mwhere&amp#27;[0m
        p1_0.id=?
&amp#27;[35m[Hibernate]&amp#27;[0m 
    &amp#27;[34mselect&amp#27;[0m
        p1_0.id,
        p1_0.name 
    &amp#27;[34mfrom&amp#27;[0m
        position p1_0 
    &amp#27;[34mwhere&amp#27;[0m
        p1_0.id=?
&amp#27;[35m[Hibernate]&amp#27;[0m 
    &amp#27;[34mselect&amp#27;[0m
        w1_0.applicant_id,
        a1_0.id,
        a1_0.apartment,
        a1_0.building,
        a1_0.first_name,
        a1_0.last_name,
        a1_0.middle_name,
        s1_0.id,
        s1_0.name,
        a1_0.sought_salary,
        a1_0.street,
        a2_0.applicant_id,
        a2_0.speciality_id,
        s2_0.id,
        s2_0.name,
        a2_0.university_id,
        u1_0.id,
        u1_0.name,
        w1_0.company_id,
        c1_0.id,
        c1_0.name,
        w1_0.position_id,
        p1_0.id,
        p1_0.name,
        w1_0.end_date,
        w1_0.salary,
        w1_0.start_date 
    &amp#27;[34mfrom&amp#27;[0m
        workhistory w1_0 
    &amp#27;[34mjoin&amp#27;[0m
        applicant a1_0 
            &amp#27;[34mon&amp#27;[0m a1_0.id=w1_0.applicant_id 
    &amp#27;[34mleft&amp#27;[0m &amp#27;[34mjoin&amp#27;[0m
        position s1_0 
            &amp#27;[34mon&amp#27;[0m s1_0.id=a1_0.sought_post 
    &amp#27;[34mleft&amp#27;[0m &amp#27;[34mjoin&amp#27;[0m
        education a2_0 
            &amp#27;[34mon&amp#27;[0m a1_0.id=a2_0.applicant_id 
    &amp#27;[34mleft&amp#27;[0m &amp#27;[34mjoin&amp#27;[0m
        speciality s2_0 
            &amp#27;[34mon&amp#27;[0m s2_0.id=a2_0.speciality_id 
    &amp#27;[34mleft&amp#27;[0m &amp#27;[34mjoin&amp#27;[0m
        university u1_0 
            &amp#27;[34mon&amp#27;[0m u1_0.id=a2_0.university_id 
    &amp#27;[34mjoin&amp#27;[0m
        company c1_0 
            &amp#27;[34mon&amp#27;[0m c1_0.id=w1_0.company_id 
    &amp#27;[34mjoin&amp#27;[0m
        position p1_0 
            &amp#27;[34mon&amp#27;[0m p1_0.id=w1_0.position_id 
    &amp#27;[34mwhere&amp#27;[0m
        (
            w1_0.applicant_id, w1_0.company_id, w1_0.position_id
        ) &amp#27;[34min&amp#27;[0m ((?, ?, ?))
&amp#27;[35m[Hibernate]&amp#27;[0m 
    &amp#27;[34minsert&amp#27;[0m 
    &amp#27;[34minto&amp#27;[0m
        workhistory
        (end_date, salary, start_date, applicant_id, company_id, position_id) 
    &amp#27;[34mvalues&amp#27;[0m
        (?, ?, ?, ?, ?, ?)
&amp#27;[35m[Hibernate]&amp#27;[0m 
    &amp#27;[34mselect&amp#27;[0m
        w1_0.applicant_id,
        w1_0.company_id,
        w1_0.position_id,
        w1_0.end_date,
        w1_0.salary,
        w1_0.start_date 
    &amp#27;[34mfrom&amp#27;[0m
        workhistory w1_0 
    &amp#27;[34mwhere&amp#27;[0m
        w1_0.applicant_id=? 
        &amp#27;[34mand&amp#27;[0m w1_0.company_id=? 
        &amp#27;[34mand&amp#27;[0m w1_0.position_id=?
&amp#27;[35m[Hibernate]&amp#27;[0m 
    &amp#27;[34mselect&amp#27;[0m
        a1_0.id,
        a1_0.apartment,
        a1_0.building,
        a1_0.first_name,
        a1_0.last_name,
        a1_0.middle_name,
        s1_0.id,
        s1_0.name,
        a1_0.sought_salary,
        a1_0.street,
        a2_0.applicant_id,
        a2_0.speciality_id,
        s2_0.id,
        s2_0.name,
        a2_0.university_id,
        u1_0.id,
        u1_0.name 
    &amp#27;[34mfrom&amp#27;[0m
        applicant a1_0 
    &amp#27;[34mleft&amp#27;[0m &amp#27;[34mjoin&amp#27;[0m
        position s1_0 
            &amp#27;[34mon&amp#27;[0m s1_0.id=a1_0.sought_post 
    &amp#27;[34mleft&amp#27;[0m &amp#27;[34mjoin&amp#27;[0m
        education a2_0 
            &amp#27;[34mon&amp#27;[0m a1_0.id=a2_0.applicant_id 
    &amp#27;[34mleft&amp#27;[0m &amp#27;[34mjoin&amp#27;[0m
        speciality s2_0 
            &amp#27;[34mon&amp#27;[0m s2_0.id=a2_0.speciality_id 
    &amp#27;[34mleft&amp#27;[0m &amp#27;[34mjoin&amp#27;[0m
        university u1_0 
            &amp#27;[34mon&amp#27;[0m u1_0.id=a2_0.university_id 
    &amp#27;[34mwhere&amp#27;[0m
        a1_0.id=?
&amp#27;[35m[Hibernate]&amp#27;[0m 
    &amp#27;[34mselect&amp#27;[0m
        c1_0.id,
        c1_0.name,
        c2_0.company_id,
        c2_0.position_id,
        p1_0.id,
        p1_0.name,
        c2_0.req_exp,
        r1_0.id,
        r1_0.name,
        c2_0.salary 
    &amp#27;[34mfrom&amp#27;[0m
        company c1_0 
    &amp#27;[34mleft&amp#27;[0m &amp#27;[34mjoin&amp#27;[0m
        vacancy c2_0 
            &amp#27;[34mon&amp#27;[0m c1_0.id=c2_0.company_id 
    &amp#27;[34mleft&amp#27;[0m &amp#27;[34mjoin&amp#27;[0m
        position p1_0 
            &amp#27;[34mon&amp#27;[0m p1_0.id=c2_0.position_id 
    &amp#27;[34mleft&amp#27;[0m &amp#27;[34mjoin&amp#27;[0m
        speciality r1_0 
            &amp#27;[34mon&amp#27;[0m r1_0.id=c2_0.req_spec 
    &amp#27;[34mwhere&amp#27;[0m
        c1_0.id=?
&amp#27;[35m[Hibernate]&amp#27;[0m 
    &amp#27;[34mselect&amp#27;[0m
        a1_0.applicant_id,
        a1_0.company_id,
        c1_0.id,
        c1_0.name,
        a1_0.position_id,
        p1_0.id,
        p1_0.name,
        a1_0.end_date,
        a1_0.salary,
        a1_0.start_date 
    &amp#27;[34mfrom&amp#27;[0m
        workhistory a1_0 
    &amp#27;[34mjoin&amp#27;[0m
        company c1_0 
            &amp#27;[34mon&amp#27;[0m c1_0.id=a1_0.company_id 
    &amp#27;[34mjoin&amp#27;[0m
        position p1_0 
            &amp#27;[34mon&amp#27;[0m p1_0.id=a1_0.position_id 
    &amp#27;[34mwhere&amp#27;[0m
        a1_0.applicant_id=?
&amp#27;[35m[Hibernate]&amp#27;[0m 
    &amp#27;[34mselect&amp#27;[0m
        c1_0.company_id,
        c1_0.position_id,
        p1_0.id,
        p1_0.name,
        c1_0.req_exp,
        r1_0.id,
        r1_0.name,
        c1_0.salary 
    &amp#27;[34mfrom&amp#27;[0m
        vacancy c1_0 
    &amp#27;[34mjoin&amp#27;[0m
        position p1_0 
            &amp#27;[34mon&amp#27;[0m p1_0.id=c1_0.position_id 
    &amp#27;[34mleft&amp#27;[0m &amp#27;[34mjoin&amp#27;[0m
        speciality r1_0 
            &amp#27;[34mon&amp#27;[0m r1_0.id=c1_0.req_spec 
    &amp#27;[34mwhere&amp#27;[0m
        c1_0.company_id=?
&amp#27;[35m[Hibernate]&amp#27;[0m 
    &amp#27;[34mselect&amp#27;[0m
        w1_0.applicant_id,
        w1_0.company_id,
        w1_0.position_id,
        w1_0.end_date,
        w1_0.salary,
        w1_0.start_date 
    &amp#27;[34mfrom&amp#27;[0m
        workhistory w1_0 
    &amp#27;[34mwhere&amp#27;[0m
        w1_0.applicant_id=? 
        &amp#27;[34mand&amp#27;[0m w1_0.company_id=? 
        &amp#27;[34mand&amp#27;[0m w1_0.position_id=?
&amp#27;[35m[Hibernate]&amp#27;[0m 
    &amp#27;[34mselect&amp#27;[0m
        a1_0.id,
        a1_0.apartment,
        a1_0.building,
        a1_0.first_name,
        a1_0.last_name,
        a1_0.middle_name,
        s1_0.id,
        s1_0.name,
        a1_0.sought_salary,
        a1_0.street,
        a2_0.applicant_id,
        a2_0.speciality_id,
        s2_0.id,
        s2_0.name,
        a2_0.university_id,
        u1_0.id,
        u1_0.name 
    &amp#27;[34mfrom&amp#27;[0m
        applicant a1_0 
    &amp#27;[34mleft&amp#27;[0m &amp#27;[34mjoin&amp#27;[0m
        position s1_0 
            &amp#27;[34mon&amp#27;[0m s1_0.id=a1_0.sought_post 
    &amp#27;[34mleft&amp#27;[0m &amp#27;[34mjoin&amp#27;[0m
        education a2_0 
            &amp#27;[34mon&amp#27;[0m a1_0.id=a2_0.applicant_id 
    &amp#27;[34mleft&amp#27;[0m &amp#27;[34mjoin&amp#27;[0m
        speciality s2_0 
            &amp#27;[34mon&amp#27;[0m s2_0.id=a2_0.speciality_id 
    &amp#27;[34mleft&amp#27;[0m &amp#27;[34mjoin&amp#27;[0m
        university u1_0 
            &amp#27;[34mon&amp#27;[0m u1_0.id=a2_0.university_id 
    &amp#27;[34mwhere&amp#27;[0m
        a1_0.id=?
&amp#27;[35m[Hibernate]&amp#27;[0m 
    &amp#27;[34mselect&amp#27;[0m
        c1_0.id,
        c1_0.name,
        c2_0.company_id,
        c2_0.position_id,
        p1_0.id,
        p1_0.name,
        c2_0.req_exp,
        r1_0.id,
        r1_0.name,
        c2_0.salary 
    &amp#27;[34mfrom&amp#27;[0m
        company c1_0 
    &amp#27;[34mleft&amp#27;[0m &amp#27;[34mjoin&amp#27;[0m
        vacancy c2_0 
            &amp#27;[34mon&amp#27;[0m c1_0.id=c2_0.company_id 
    &amp#27;[34mleft&amp#27;[0m &amp#27;[34mjoin&amp#27;[0m
        position p1_0 
            &amp#27;[34mon&amp#27;[0m p1_0.id=c2_0.position_id 
    &amp#27;[34mleft&amp#27;[0m &amp#27;[34mjoin&amp#27;[0m
        speciality r1_0 
            &amp#27;[34mon&amp#27;[0m r1_0.id=c2_0.req_spec 
    &amp#27;[34mwhere&amp#27;[0m
        c1_0.id=?
&amp#27;[35m[Hibernate]&amp#27;[0m 
    &amp#27;[34mselect&amp#27;[0m
        a1_0.applicant_id,
        a1_0.company_id,
        c1_0.id,
        c1_0.name,
        a1_0.position_id,
        p1_0.id,
        p1_0.name,
        a1_0.end_date,
        a1_0.salary,
        a1_0.start_date 
    &amp#27;[34mfrom&amp#27;[0m
        workhistory a1_0 
    &amp#27;[34mjoin&amp#27;[0m
        company c1_0 
            &amp#27;[34mon&amp#27;[0m c1_0.id=a1_0.company_id 
    &amp#27;[34mjoin&amp#27;[0m
        position p1_0 
            &amp#27;[34mon&amp#27;[0m p1_0.id=a1_0.position_id 
    &amp#27;[34mwhere&amp#27;[0m
        a1_0.applicant_id=?
&amp#27;[35m[Hibernate]&amp#27;[0m 
    &amp#27;[34mselect&amp#27;[0m
        c1_0.company_id,
        c1_0.position_id,
        p1_0.id,
        p1_0.name,
        c1_0.req_exp,
        r1_0.id,
        r1_0.name,
        c1_0.salary 
    &amp#27;[34mfrom&amp#27;[0m
        vacancy c1_0 
    &amp#27;[34mjoin&amp#27;[0m
        position p1_0 
            &amp#27;[34mon&amp#27;[0m p1_0.id=c1_0.position_id 
    &amp#27;[34mleft&amp#27;[0m &amp#27;[34mjoin&amp#27;[0m
        speciality r1_0 
            &amp#27;[34mon&amp#27;[0m r1_0.id=c1_0.req_spec 
    &amp#27;[34mwhere&amp#27;[0m
        c1_0.company_id=?
&amp#27;[35m[Hibernate]&amp#27;[0m 
    &amp#27;[34mselect&amp#27;[0m
        &amp#27;[34mnull&amp#27;[0m,
        w1_0.end_date,
        w1_0.salary,
        w1_0.start_date 
    &amp#27;[34mfrom&amp#27;[0m
        workhistory w1_0 
    &amp#27;[34mwhere&amp#27;[0m
        w1_0.applicant_id=? 
        &amp#27;[34mand&amp#27;[0m w1_0.company_id=? 
        &amp#27;[34mand&amp#27;[0m w1_0.position_id=?
&amp#27;[35m[Hibernate]&amp#27;[0m 
    &amp#27;[34mdelete&amp#27;[0m 
    &amp#27;[34mfrom&amp#27;[0m
        workhistory 
    &amp#27;[34mwhere&amp#27;[0m
        applicant_id=? 
        &amp#27;[34mand&amp#27;[0m company_id=? 
        &amp#27;[34mand&amp#27;[0m position_id=?
&amp#27;[35m[Hibernate]&amp#27;[0m 
    &amp#27;[34mselect&amp#27;[0m
        w1_0.applicant_id,
        w1_0.company_id,
        w1_0.position_id,
        w1_0.end_date,
        w1_0.salary,
        w1_0.start_date 
    &amp#27;[34mfrom&amp#27;[0m
        workhistory w1_0 
    &amp#27;[34mwhere&amp#27;[0m
        w1_0.applicant_id=? 
        &amp#27;[34mand&amp#27;[0m w1_0.company_id=? 
        &amp#27;[34mand&amp#27;[0m w1_0.position_id=?
findByObj error: jakarta.persistence.NoResultException: No result found for query [SELECT wh FROM Workhistory wh WHERE wh.applicant = :applicant AND wh.company = :company AND wh.position = :position ]
&amp#27;[35m[Hibernate]&amp#27;[0m 
    &amp#27;[34mselect&amp#27;[0m
        w1_0.applicant_id,
        w1_0.company_id,
        w1_0.position_id,
        w1_0.end_date,
        w1_0.salary,
        w1_0.start_date 
    &amp#27;[34mfrom&amp#27;[0m
        workhistory w1_0 
    &amp#27;[34mwhere&amp#27;[0m
        w1_0.applicant_id=? 
        &amp#27;[34mand&amp#27;[0m w1_0.company_id=? 
        &amp#27;[34mand&amp#27;[0m w1_0.position_id=?
findByObj error: jakarta.persistence.NoResultException: No result found for query [SELECT wh FROM Workhistory wh WHERE wh.applicant = :applicant AND wh.company = :company AND wh.position = :position ]
deleteByObj error
&amp#27;[35m[Hibernate]&amp#27;[0m 
    &amp#27;[34mselect&amp#27;[0m
        w1_0.applicant_id,
        w1_0.company_id,
        w1_0.position_id,
        w1_0.end_date,
        w1_0.salary,
        w1_0.start_date 
    &amp#27;[34mfrom&amp#27;[0m
        workhistory w1_0 
    &amp#27;[34mwhere&amp#27;[0m
        w1_0.applicant_id=? 
        &amp#27;[34mand&amp#27;[0m w1_0.company_id=? 
        &amp#27;[34mand&amp#27;[0m w1_0.position_id=?
findByObj error: jakarta.persistence.NoResultException: No result found for query [SELECT wh FROM Workhistory wh WHERE wh.applicant = :applicant AND wh.company = :company AND wh.position = :position ]
deleteByObj error
]]></system-out>
  </testcase>
  <testcase name="testWorkhistory" classname="com.prosphere.ras.WorkhistoryTests" time="0.001">
    <system-out><![CDATA[&amp#27;[35m[Hibernate]&amp#27;[0m 
    &amp#27;[34mselect&amp#27;[0m
        a1_0.id,
        a1_0.apartment,
        a1_0.building,
        a1_0.first_name,
        a1_0.last_name,
        a1_0.middle_name,
        s1_0.id,
        s1_0.name,
        a1_0.sought_salary,
        a1_0.street,
        a2_0.applicant_id,
        a2_0.speciality_id,
        s2_0.id,
        s2_0.name,
        a2_0.university_id,
        u1_0.id,
        u1_0.name 
    &amp#27;[34mfrom&amp#27;[0m
        applicant a1_0 
    &amp#27;[34mleft&amp#27;[0m &amp#27;[34mjoin&amp#27;[0m
        position s1_0 
            &amp#27;[34mon&amp#27;[0m s1_0.id=a1_0.sought_post 
    &amp#27;[34mleft&amp#27;[0m &amp#27;[34mjoin&amp#27;[0m
        education a2_0 
            &amp#27;[34mon&amp#27;[0m a1_0.id=a2_0.applicant_id 
    &amp#27;[34mleft&amp#27;[0m &amp#27;[34mjoin&amp#27;[0m
        speciality s2_0 
            &amp#27;[34mon&amp#27;[0m s2_0.id=a2_0.speciality_id 
    &amp#27;[34mleft&amp#27;[0m &amp#27;[34mjoin&amp#27;[0m
        university u1_0 
            &amp#27;[34mon&amp#27;[0m u1_0.id=a2_0.university_id 
    &amp#27;[34mwhere&amp#27;[0m
        a1_0.id=?
&amp#27;[35m[Hibernate]&amp#27;[0m 
    &amp#27;[34mselect&amp#27;[0m
        a1_0.applicant_id,
        a1_0.company_id,
        c1_0.id,
        c1_0.name,
        a1_0.position_id,
        p1_0.id,
        p1_0.name,
        a1_0.end_date,
        a1_0.salary,
        a1_0.start_date 
    &amp#27;[34mfrom&amp#27;[0m
        workhistory a1_0 
    &amp#27;[34mjoin&amp#27;[0m
        company c1_0 
            &amp#27;[34mon&amp#27;[0m c1_0.id=a1_0.company_id 
    &amp#27;[34mjoin&amp#27;[0m
        position p1_0 
            &amp#27;[34mon&amp#27;[0m p1_0.id=a1_0.position_id 
    &amp#27;[34mwhere&amp#27;[0m
        a1_0.applicant_id=?
&amp#27;[35m[Hibernate]&amp#27;[0m 
    &amp#27;[34mselect&amp#27;[0m
        c1_0.company_id,
        c1_0.position_id,
        p1_0.id,
        p1_0.name,
        c1_0.req_exp,
        r1_0.id,
        r1_0.name,
        c1_0.salary 
    &amp#27;[34mfrom&amp#27;[0m
        vacancy c1_0 
    &amp#27;[34mjoin&amp#27;[0m
        position p1_0 
            &amp#27;[34mon&amp#27;[0m p1_0.id=c1_0.position_id 
    &amp#27;[34mleft&amp#27;[0m &amp#27;[34mjoin&amp#27;[0m
        speciality r1_0 
            &amp#27;[34mon&amp#27;[0m r1_0.id=c1_0.req_spec 
    &amp#27;[34mwhere&amp#27;[0m
        c1_0.company_id=?
&amp#27;[35m[Hibernate]&amp#27;[0m 
    &amp#27;[34mselect&amp#27;[0m
        c1_0.company_id,
        c1_0.position_id,
        p1_0.id,
        p1_0.name,
        c1_0.req_exp,
        r1_0.id,
        r1_0.name,
        c1_0.salary 
    &amp#27;[34mfrom&amp#27;[0m
        vacancy c1_0 
    &amp#27;[34mjoin&amp#27;[0m
        position p1_0 
            &amp#27;[34mon&amp#27;[0m p1_0.id=c1_0.position_id 
    &amp#27;[34mleft&amp#27;[0m &amp#27;[34mjoin&amp#27;[0m
        speciality r1_0 
            &amp#27;[34mon&amp#27;[0m r1_0.id=c1_0.req_spec 
    &amp#27;[34mwhere&amp#27;[0m
        c1_0.company_id=?
&amp#27;[35m[Hibernate]&amp#27;[0m 
    &amp#27;[34mselect&amp#27;[0m
        c1_0.id,
        c1_0.name,
        c2_0.company_id,
        c2_0.position_id,
        p1_0.id,
        p1_0.name,
        c2_0.req_exp,
        r1_0.id,
        r1_0.name,
        c2_0.salary 
    &amp#27;[34mfrom&amp#27;[0m
        company c1_0 
    &amp#27;[34mleft&amp#27;[0m &amp#27;[34mjoin&amp#27;[0m
        vacancy c2_0 
            &amp#27;[34mon&amp#27;[0m c1_0.id=c2_0.company_id 
    &amp#27;[34mleft&amp#27;[0m &amp#27;[34mjoin&amp#27;[0m
        position p1_0 
            &amp#27;[34mon&amp#27;[0m p1_0.id=c2_0.position_id 
    &amp#27;[34mleft&amp#27;[0m &amp#27;[34mjoin&amp#27;[0m
        speciality r1_0 
            &amp#27;[34mon&amp#27;[0m r1_0.id=c2_0.req_spec 
    &amp#27;[34mwhere&amp#27;[0m
        c1_0.id=?
&amp#27;[35m[Hibernate]&amp#27;[0m 
    &amp#27;[34mselect&amp#27;[0m
        p1_0.id,
        p1_0.name 
    &amp#27;[34mfrom&amp#27;[0m
        position p1_0 
    &amp#27;[34mwhere&amp#27;[0m
        p1_0.id=?
]]></system-out>
  </testcase>
  <testcase name="testFindAll" classname="com.prosphere.ras.WorkhistoryTests" time="0.272">
    <system-out><![CDATA[&amp#27;[35m[Hibernate]&amp#27;[0m 
    &amp#27;[34mselect&amp#27;[0m
        a1_0.id,
        a1_0.apartment,
        a1_0.building,
        a1_0.first_name,
        a1_0.last_name,
        a1_0.middle_name,
        s1_0.id,
        s1_0.name,
        a1_0.sought_salary,
        a1_0.street,
        a2_0.applicant_id,
        a2_0.speciality_id,
        s2_0.id,
        s2_0.name,
        a2_0.university_id,
        u1_0.id,
        u1_0.name 
    &amp#27;[34mfrom&amp#27;[0m
        applicant a1_0 
    &amp#27;[34mleft&amp#27;[0m &amp#27;[34mjoin&amp#27;[0m
        position s1_0 
            &amp#27;[34mon&amp#27;[0m s1_0.id=a1_0.sought_post 
    &amp#27;[34mleft&amp#27;[0m &amp#27;[34mjoin&amp#27;[0m
        education a2_0 
            &amp#27;[34mon&amp#27;[0m a1_0.id=a2_0.applicant_id 
    &amp#27;[34mleft&amp#27;[0m &amp#27;[34mjoin&amp#27;[0m
        speciality s2_0 
            &amp#27;[34mon&amp#27;[0m s2_0.id=a2_0.speciality_id 
    &amp#27;[34mleft&amp#27;[0m &amp#27;[34mjoin&amp#27;[0m
        university u1_0 
            &amp#27;[34mon&amp#27;[0m u1_0.id=a2_0.university_id 
    &amp#27;[34mwhere&amp#27;[0m
        a1_0.id=?
&amp#27;[35m[Hibernate]&amp#27;[0m 
    &amp#27;[34mselect&amp#27;[0m
        a1_0.applicant_id,
        a1_0.company_id,
        c1_0.id,
        c1_0.name,
        a1_0.position_id,
        p1_0.id,
        p1_0.name,
        a1_0.end_date,
        a1_0.salary,
        a1_0.start_date 
    &amp#27;[34mfrom&amp#27;[0m
        workhistory a1_0 
    &amp#27;[34mjoin&amp#27;[0m
        company c1_0 
            &amp#27;[34mon&amp#27;[0m c1_0.id=a1_0.company_id 
    &amp#27;[34mjoin&amp#27;[0m
        position p1_0 
            &amp#27;[34mon&amp#27;[0m p1_0.id=a1_0.position_id 
    &amp#27;[34mwhere&amp#27;[0m
        a1_0.applicant_id=?
&amp#27;[35m[Hibernate]&amp#27;[0m 
    &amp#27;[34mselect&amp#27;[0m
        c1_0.company_id,
        c1_0.position_id,
        p1_0.id,
        p1_0.name,
        c1_0.req_exp,
        r1_0.id,
        r1_0.name,
        c1_0.salary 
    &amp#27;[34mfrom&amp#27;[0m
        vacancy c1_0 
    &amp#27;[34mjoin&amp#27;[0m
        position p1_0 
            &amp#27;[34mon&amp#27;[0m p1_0.id=c1_0.position_id 
    &amp#27;[34mleft&amp#27;[0m &amp#27;[34mjoin&amp#27;[0m
        speciality r1_0 
            &amp#27;[34mon&amp#27;[0m r1_0.id=c1_0.req_spec 
    &amp#27;[34mwhere&amp#27;[0m
        c1_0.company_id=?
&amp#27;[35m[Hibernate]&amp#27;[0m 
    &amp#27;[34mselect&amp#27;[0m
        c1_0.company_id,
        c1_0.position_id,
        p1_0.id,
        p1_0.name,
        c1_0.req_exp,
        r1_0.id,
        r1_0.name,
        c1_0.salary 
    &amp#27;[34mfrom&amp#27;[0m
        vacancy c1_0 
    &amp#27;[34mjoin&amp#27;[0m
        position p1_0 
            &amp#27;[34mon&amp#27;[0m p1_0.id=c1_0.position_id 
    &amp#27;[34mleft&amp#27;[0m &amp#27;[34mjoin&amp#27;[0m
        speciality r1_0 
            &amp#27;[34mon&amp#27;[0m r1_0.id=c1_0.req_spec 
    &amp#27;[34mwhere&amp#27;[0m
        c1_0.company_id=?
&amp#27;[35m[Hibernate]&amp#27;[0m 
    &amp#27;[34mselect&amp#27;[0m
        c1_0.id,
        c1_0.name,
        c2_0.company_id,
        c2_0.position_id,
        p1_0.id,
        p1_0.name,
        c2_0.req_exp,
        r1_0.id,
        r1_0.name,
        c2_0.salary 
    &amp#27;[34mfrom&amp#27;[0m
        company c1_0 
    &amp#27;[34mleft&amp#27;[0m &amp#27;[34mjoin&amp#27;[0m
        vacancy c2_0 
            &amp#27;[34mon&amp#27;[0m c1_0.id=c2_0.company_id 
    &amp#27;[34mleft&amp#27;[0m &amp#27;[34mjoin&amp#27;[0m
        position p1_0 
            &amp#27;[34mon&amp#27;[0m p1_0.id=c2_0.position_id 
    &amp#27;[34mleft&amp#27;[0m &amp#27;[34mjoin&amp#27;[0m
        speciality r1_0 
            &amp#27;[34mon&amp#27;[0m r1_0.id=c2_0.req_spec 
    &amp#27;[34mwhere&amp#27;[0m
        c1_0.id=?
&amp#27;[35m[Hibernate]&amp#27;[0m 
    &amp#27;[34mselect&amp#27;[0m
        p1_0.id,
        p1_0.name 
    &amp#27;[34mfrom&amp#27;[0m
        position p1_0 
    &amp#27;[34mwhere&amp#27;[0m
        p1_0.id=?
&amp#27;[35m[Hibernate]&amp#27;[0m 
    &amp#27;[34mselect&amp#27;[0m
        w1_0.applicant_id,
        w1_0.company_id,
        w1_0.position_id,
        w1_0.end_date,
        w1_0.salary,
        w1_0.start_date 
    &amp#27;[34mfrom&amp#27;[0m
        workhistory w1_0
&amp#27;[35m[Hibernate]&amp#27;[0m 
    &amp#27;[34mselect&amp#27;[0m
        a1_0.id,
        a1_0.apartment,
        a1_0.building,
        a1_0.first_name,
        a1_0.last_name,
        a1_0.middle_name,
        s1_0.id,
        s1_0.name,
        a1_0.sought_salary,
        a1_0.street,
        a2_0.applicant_id,
        a2_0.speciality_id,
        s2_0.id,
        s2_0.name,
        a2_0.university_id,
        u1_0.id,
        u1_0.name 
    &amp#27;[34mfrom&amp#27;[0m
        applicant a1_0 
    &amp#27;[34mleft&amp#27;[0m &amp#27;[34mjoin&amp#27;[0m
        position s1_0 
            &amp#27;[34mon&amp#27;[0m s1_0.id=a1_0.sought_post 
    &amp#27;[34mleft&amp#27;[0m &amp#27;[34mjoin&amp#27;[0m
        education a2_0 
            &amp#27;[34mon&amp#27;[0m a1_0.id=a2_0.applicant_id 
    &amp#27;[34mleft&amp#27;[0m &amp#27;[34mjoin&amp#27;[0m
        speciality s2_0 
            &amp#27;[34mon&amp#27;[0m s2_0.id=a2_0.speciality_id 
    &amp#27;[34mleft&amp#27;[0m &amp#27;[34mjoin&amp#27;[0m
        university u1_0 
            &amp#27;[34mon&amp#27;[0m u1_0.id=a2_0.university_id 
    &amp#27;[34mwhere&amp#27;[0m
        a1_0.id=?
&amp#27;[35m[Hibernate]&amp#27;[0m 
    &amp#27;[34mselect&amp#27;[0m
        c1_0.id,
        c1_0.name,
        c2_0.company_id,
        c2_0.position_id,
        p1_0.id,
        p1_0.name,
        c2_0.req_exp,
        r1_0.id,
        r1_0.name,
        c2_0.salary 
    &amp#27;[34mfrom&amp#27;[0m
        company c1_0 
    &amp#27;[34mleft&amp#27;[0m &amp#27;[34mjoin&amp#27;[0m
        vacancy c2_0 
            &amp#27;[34mon&amp#27;[0m c1_0.id=c2_0.company_id 
    &amp#27;[34mleft&amp#27;[0m &amp#27;[34mjoin&amp#27;[0m
        position p1_0 
            &amp#27;[34mon&amp#27;[0m p1_0.id=c2_0.position_id 
    &amp#27;[34mleft&amp#27;[0m &amp#27;[34mjoin&amp#27;[0m
        speciality r1_0 
            &amp#27;[34mon&amp#27;[0m r1_0.id=c2_0.req_spec 
    &amp#27;[34mwhere&amp#27;[0m
        c1_0.id=?
&amp#27;[35m[Hibernate]&amp#27;[0m 
    &amp#27;[34mselect&amp#27;[0m
        c1_0.id,
        c1_0.name,
        c2_0.company_id,
        c2_0.position_id,
        p1_0.id,
        p1_0.name,
        c2_0.req_exp,
        r1_0.id,
        r1_0.name,
        c2_0.salary 
    &amp#27;[34mfrom&amp#27;[0m
        company c1_0 
    &amp#27;[34mleft&amp#27;[0m &amp#27;[34mjoin&amp#27;[0m
        vacancy c2_0 
            &amp#27;[34mon&amp#27;[0m c1_0.id=c2_0.company_id 
    &amp#27;[34mleft&amp#27;[0m &amp#27;[34mjoin&amp#27;[0m
        position p1_0 
            &amp#27;[34mon&amp#27;[0m p1_0.id=c2_0.position_id 
    &amp#27;[34mleft&amp#27;[0m &amp#27;[34mjoin&amp#27;[0m
        speciality r1_0 
            &amp#27;[34mon&amp#27;[0m r1_0.id=c2_0.req_spec 
    &amp#27;[34mwhere&amp#27;[0m
        c1_0.id=?
&amp#27;[35m[Hibernate]&amp#27;[0m 
    &amp#27;[34mselect&amp#27;[0m
        a1_0.id,
        a1_0.apartment,
        a1_0.building,
        a1_0.first_name,
        a1_0.last_name,
        a1_0.middle_name,
        s1_0.id,
        s1_0.name,
        a1_0.sought_salary,
        a1_0.street,
        a2_0.applicant_id,
        a2_0.speciality_id,
        s2_0.id,
        s2_0.name,
        a2_0.university_id,
        u1_0.id,
        u1_0.name 
    &amp#27;[34mfrom&amp#27;[0m
        applicant a1_0 
    &amp#27;[34mleft&amp#27;[0m &amp#27;[34mjoin&amp#27;[0m
        position s1_0 
            &amp#27;[34mon&amp#27;[0m s1_0.id=a1_0.sought_post 
    &amp#27;[34mleft&amp#27;[0m &amp#27;[34mjoin&amp#27;[0m
        education a2_0 
            &amp#27;[34mon&amp#27;[0m a1_0.id=a2_0.applicant_id 
    &amp#27;[34mleft&amp#27;[0m &amp#27;[34mjoin&amp#27;[0m
        speciality s2_0 
            &amp#27;[34mon&amp#27;[0m s2_0.id=a2_0.speciality_id 
    &amp#27;[34mleft&amp#27;[0m &amp#27;[34mjoin&amp#27;[0m
        university u1_0 
            &amp#27;[34mon&amp#27;[0m u1_0.id=a2_0.university_id 
    &amp#27;[34mwhere&amp#27;[0m
        a1_0.id=?
&amp#27;[35m[Hibernate]&amp#27;[0m 
    &amp#27;[34mselect&amp#27;[0m
        c1_0.id,
        c1_0.name,
        c2_0.company_id,
        c2_0.position_id,
        p1_0.id,
        p1_0.name,
        c2_0.req_exp,
        r1_0.id,
        r1_0.name,
        c2_0.salary 
    &amp#27;[34mfrom&amp#27;[0m
        company c1_0 
    &amp#27;[34mleft&amp#27;[0m &amp#27;[34mjoin&amp#27;[0m
        vacancy c2_0 
            &amp#27;[34mon&amp#27;[0m c1_0.id=c2_0.company_id 
    &amp#27;[34mleft&amp#27;[0m &amp#27;[34mjoin&amp#27;[0m
        position p1_0 
            &amp#27;[34mon&amp#27;[0m p1_0.id=c2_0.position_id 
    &amp#27;[34mleft&amp#27;[0m &amp#27;[34mjoin&amp#27;[0m
        speciality r1_0 
            &amp#27;[34mon&amp#27;[0m r1_0.id=c2_0.req_spec 
    &amp#27;[34mwhere&amp#27;[0m
        c1_0.id=?
&amp#27;[35m[Hibernate]&amp#27;[0m 
    &amp#27;[34mselect&amp#27;[0m
        c1_0.id,
        c1_0.name,
        c2_0.company_id,
        c2_0.position_id,
        p1_0.id,
        p1_0.name,
        c2_0.req_exp,
        r1_0.id,
        r1_0.name,
        c2_0.salary 
    &amp#27;[34mfrom&amp#27;[0m
        company c1_0 
    &amp#27;[34mleft&amp#27;[0m &amp#27;[34mjoin&amp#27;[0m
        vacancy c2_0 
            &amp#27;[34mon&amp#27;[0m c1_0.id=c2_0.company_id 
    &amp#27;[34mleft&amp#27;[0m &amp#27;[34mjoin&amp#27;[0m
        position p1_0 
            &amp#27;[34mon&amp#27;[0m p1_0.id=c2_0.position_id 
    &amp#27;[34mleft&amp#27;[0m &amp#27;[34mjoin&amp#27;[0m
        speciality r1_0 
            &amp#27;[34mon&amp#27;[0m r1_0.id=c2_0.req_spec 
    &amp#27;[34mwhere&amp#27;[0m
        c1_0.id=?
&amp#27;[35m[Hibernate]&amp#27;[0m 
    &amp#27;[34mselect&amp#27;[0m
        a1_0.id,
        a1_0.apartment,
        a1_0.building,
        a1_0.first_name,
        a1_0.last_name,
        a1_0.middle_name,
        s1_0.id,
        s1_0.name,
        a1_0.sought_salary,
        a1_0.street,
        a2_0.applicant_id,
        a2_0.speciality_id,
        s2_0.id,
        s2_0.name,
        a2_0.university_id,
        u1_0.id,
        u1_0.name 
    &amp#27;[34mfrom&amp#27;[0m
        applicant a1_0 
    &amp#27;[34mleft&amp#27;[0m &amp#27;[34mjoin&amp#27;[0m
        position s1_0 
            &amp#27;[34mon&amp#27;[0m s1_0.id=a1_0.sought_post 
    &amp#27;[34mleft&amp#27;[0m &amp#27;[34mjoin&amp#27;[0m
        education a2_0 
            &amp#27;[34mon&amp#27;[0m a1_0.id=a2_0.applicant_id 
    &amp#27;[34mleft&amp#27;[0m &amp#27;[34mjoin&amp#27;[0m
        speciality s2_0 
            &amp#27;[34mon&amp#27;[0m s2_0.id=a2_0.speciality_id 
    &amp#27;[34mleft&amp#27;[0m &amp#27;[34mjoin&amp#27;[0m
        university u1_0 
            &amp#27;[34mon&amp#27;[0m u1_0.id=a2_0.university_id 
    &amp#27;[34mwhere&amp#27;[0m
        a1_0.id=?
&amp#27;[35m[Hibernate]&amp#27;[0m 
    &amp#27;[34mselect&amp#27;[0m
        a1_0.id,
        a1_0.apartment,
        a1_0.building,
        a1_0.first_name,
        a1_0.last_name,
        a1_0.middle_name,
        s1_0.id,
        s1_0.name,
        a1_0.sought_salary,
        a1_0.street,
        a2_0.applicant_id,
        a2_0.speciality_id,
        s2_0.id,
        s2_0.name,
        a2_0.university_id,
        u1_0.id,
        u1_0.name 
    &amp#27;[34mfrom&amp#27;[0m
        applicant a1_0 
    &amp#27;[34mleft&amp#27;[0m &amp#27;[34mjoin&amp#27;[0m
        position s1_0 
            &amp#27;[34mon&amp#27;[0m s1_0.id=a1_0.sought_post 
    &amp#27;[34mleft&amp#27;[0m &amp#27;[34mjoin&amp#27;[0m
        education a2_0 
            &amp#27;[34mon&amp#27;[0m a1_0.id=a2_0.applicant_id 
    &amp#27;[34mleft&amp#27;[0m &amp#27;[34mjoin&amp#27;[0m
        speciality s2_0 
            &amp#27;[34mon&amp#27;[0m s2_0.id=a2_0.speciality_id 
    &amp#27;[34mleft&amp#27;[0m &amp#27;[34mjoin&amp#27;[0m
        university u1_0 
            &amp#27;[34mon&amp#27;[0m u1_0.id=a2_0.university_id 
    &amp#27;[34mwhere&amp#27;[0m
        a1_0.id=?
&amp#27;[35m[Hibernate]&amp#27;[0m 
    &amp#27;[34mselect&amp#27;[0m
        a1_0.id,
        a1_0.apartment,
        a1_0.building,
        a1_0.first_name,
        a1_0.last_name,
        a1_0.middle_name,
        s1_0.id,
        s1_0.name,
        a1_0.sought_salary,
        a1_0.street,
        a2_0.applicant_id,
        a2_0.speciality_id,
        s2_0.id,
        s2_0.name,
        a2_0.university_id,
        u1_0.id,
        u1_0.name 
    &amp#27;[34mfrom&amp#27;[0m
        applicant a1_0 
    &amp#27;[34mleft&amp#27;[0m &amp#27;[34mjoin&amp#27;[0m
        position s1_0 
            &amp#27;[34mon&amp#27;[0m s1_0.id=a1_0.sought_post 
    &amp#27;[34mleft&amp#27;[0m &amp#27;[34mjoin&amp#27;[0m
        education a2_0 
            &amp#27;[34mon&amp#27;[0m a1_0.id=a2_0.applicant_id 
    &amp#27;[34mleft&amp#27;[0m &amp#27;[34mjoin&amp#27;[0m
        speciality s2_0 
            &amp#27;[34mon&amp#27;[0m s2_0.id=a2_0.speciality_id 
    &amp#27;[34mleft&amp#27;[0m &amp#27;[34mjoin&amp#27;[0m
        university u1_0 
            &amp#27;[34mon&amp#27;[0m u1_0.id=a2_0.university_id 
    &amp#27;[34mwhere&amp#27;[0m
        a1_0.id=?
&amp#27;[35m[Hibernate]&amp#27;[0m 
    &amp#27;[34mselect&amp#27;[0m
        a1_0.id,
        a1_0.apartment,
        a1_0.building,
        a1_0.first_name,
        a1_0.last_name,
        a1_0.middle_name,
        s1_0.id,
        s1_0.name,
        a1_0.sought_salary,
        a1_0.street,
        a2_0.applicant_id,
        a2_0.speciality_id,
        s2_0.id,
        s2_0.name,
        a2_0.university_id,
        u1_0.id,
        u1_0.name 
    &amp#27;[34mfrom&amp#27;[0m
        applicant a1_0 
    &amp#27;[34mleft&amp#27;[0m &amp#27;[34mjoin&amp#27;[0m
        position s1_0 
            &amp#27;[34mon&amp#27;[0m s1_0.id=a1_0.sought_post 
    &amp#27;[34mleft&amp#27;[0m &amp#27;[34mjoin&amp#27;[0m
        education a2_0 
            &amp#27;[34mon&amp#27;[0m a1_0.id=a2_0.applicant_id 
    &amp#27;[34mleft&amp#27;[0m &amp#27;[34mjoin&amp#27;[0m
        speciality s2_0 
            &amp#27;[34mon&amp#27;[0m s2_0.id=a2_0.speciality_id 
    &amp#27;[34mleft&amp#27;[0m &amp#27;[34mjoin&amp#27;[0m
        university u1_0 
            &amp#27;[34mon&amp#27;[0m u1_0.id=a2_0.university_id 
    &amp#27;[34mwhere&amp#27;[0m
        a1_0.id=?
&amp#27;[35m[Hibernate]&amp#27;[0m 
    &amp#27;[34mselect&amp#27;[0m
        a1_0.id,
        a1_0.apartment,
        a1_0.building,
        a1_0.first_name,
        a1_0.last_name,
        a1_0.middle_name,
        s1_0.id,
        s1_0.name,
        a1_0.sought_salary,
        a1_0.street,
        a2_0.applicant_id,
        a2_0.speciality_id,
        s2_0.id,
        s2_0.name,
        a2_0.university_id,
        u1_0.id,
        u1_0.name 
    &amp#27;[34mfrom&amp#27;[0m
        applicant a1_0 
    &amp#27;[34mleft&amp#27;[0m &amp#27;[34mjoin&amp#27;[0m
        position s1_0 
            &amp#27;[34mon&amp#27;[0m s1_0.id=a1_0.sought_post 
    &amp#27;[34mleft&amp#27;[0m &amp#27;[34mjoin&amp#27;[0m
        education a2_0 
            &amp#27;[34mon&amp#27;[0m a1_0.id=a2_0.applicant_id 
    &amp#27;[34mleft&amp#27;[0m &amp#27;[34mjoin&amp#27;[0m
        speciality s2_0 
            &amp#27;[34mon&amp#27;[0m s2_0.id=a2_0.speciality_id 
    &amp#27;[34mleft&amp#27;[0m &amp#27;[34mjoin&amp#27;[0m
        university u1_0 
            &amp#27;[34mon&amp#27;[0m u1_0.id=a2_0.university_id 
    &amp#27;[34mwhere&amp#27;[0m
        a1_0.id=?
&amp#27;[35m[Hibernate]&amp#27;[0m 
    &amp#27;[34mselect&amp#27;[0m
        a1_0.id,
        a1_0.apartment,
        a1_0.building,
        a1_0.first_name,
        a1_0.last_name,
        a1_0.middle_name,
        s1_0.id,
        s1_0.name,
        a1_0.sought_salary,
        a1_0.street,
        a2_0.applicant_id,
        a2_0.speciality_id,
        s2_0.id,
        s2_0.name,
        a2_0.university_id,
        u1_0.id,
        u1_0.name 
    &amp#27;[34mfrom&amp#27;[0m
        applicant a1_0 
    &amp#27;[34mleft&amp#27;[0m &amp#27;[34mjoin&amp#27;[0m
        position s1_0 
            &amp#27;[34mon&amp#27;[0m s1_0.id=a1_0.sought_post 
    &amp#27;[34mleft&amp#27;[0m &amp#27;[34mjoin&amp#27;[0m
        education a2_0 
            &amp#27;[34mon&amp#27;[0m a1_0.id=a2_0.applicant_id 
    &amp#27;[34mleft&amp#27;[0m &amp#27;[34mjoin&amp#27;[0m
        speciality s2_0 
            &amp#27;[34mon&amp#27;[0m s2_0.id=a2_0.speciality_id 
    &amp#27;[34mleft&amp#27;[0m &amp#27;[34mjoin&amp#27;[0m
        university u1_0 
            &amp#27;[34mon&amp#27;[0m u1_0.id=a2_0.university_id 
    &amp#27;[34mwhere&amp#27;[0m
        a1_0.id=?
&amp#27;[35m[Hibernate]&amp#27;[0m 
    &amp#27;[34mselect&amp#27;[0m
        a1_0.id,
        a1_0.apartment,
        a1_0.building,
        a1_0.first_name,
        a1_0.last_name,
        a1_0.middle_name,
        s1_0.id,
        s1_0.name,
        a1_0.sought_salary,
        a1_0.street,
        a2_0.applicant_id,
        a2_0.speciality_id,
        s2_0.id,
        s2_0.name,
        a2_0.university_id,
        u1_0.id,
        u1_0.name 
    &amp#27;[34mfrom&amp#27;[0m
        applicant a1_0 
    &amp#27;[34mleft&amp#27;[0m &amp#27;[34mjoin&amp#27;[0m
        position s1_0 
            &amp#27;[34mon&amp#27;[0m s1_0.id=a1_0.sought_post 
    &amp#27;[34mleft&amp#27;[0m &amp#27;[34mjoin&amp#27;[0m
        education a2_0 
            &amp#27;[34mon&amp#27;[0m a1_0.id=a2_0.applicant_id 
    &amp#27;[34mleft&amp#27;[0m &amp#27;[34mjoin&amp#27;[0m
        speciality s2_0 
            &amp#27;[34mon&amp#27;[0m s2_0.id=a2_0.speciality_id 
    &amp#27;[34mleft&amp#27;[0m &amp#27;[34mjoin&amp#27;[0m
        university u1_0 
            &amp#27;[34mon&amp#27;[0m u1_0.id=a2_0.university_id 
    &amp#27;[34mwhere&amp#27;[0m
        a1_0.id=?
&amp#27;[35m[Hibernate]&amp#27;[0m 
    &amp#27;[34mselect&amp#27;[0m
        a1_0.id,
        a1_0.apartment,
        a1_0.building,
        a1_0.first_name,
        a1_0.last_name,
        a1_0.middle_name,
        s1_0.id,
        s1_0.name,
        a1_0.sought_salary,
        a1_0.street,
        a2_0.applicant_id,
        a2_0.speciality_id,
        s2_0.id,
        s2_0.name,
        a2_0.university_id,
        u1_0.id,
        u1_0.name 
    &amp#27;[34mfrom&amp#27;[0m
        applicant a1_0 
    &amp#27;[34mleft&amp#27;[0m &amp#27;[34mjoin&amp#27;[0m
        position s1_0 
            &amp#27;[34mon&amp#27;[0m s1_0.id=a1_0.sought_post 
    &amp#27;[34mleft&amp#27;[0m &amp#27;[34mjoin&amp#27;[0m
        education a2_0 
            &amp#27;[34mon&amp#27;[0m a1_0.id=a2_0.applicant_id 
    &amp#27;[34mleft&amp#27;[0m &amp#27;[34mjoin&amp#27;[0m
        speciality s2_0 
            &amp#27;[34mon&amp#27;[0m s2_0.id=a2_0.speciality_id 
    &amp#27;[34mleft&amp#27;[0m &amp#27;[34mjoin&amp#27;[0m
        university u1_0 
            &amp#27;[34mon&amp#27;[0m u1_0.id=a2_0.university_id 
    &amp#27;[34mwhere&amp#27;[0m
        a1_0.id=?
&amp#27;[35m[Hibernate]&amp#27;[0m 
    &amp#27;[34mselect&amp#27;[0m
        a1_0.applicant_id,
        a1_0.company_id,
        c1_0.id,
        c1_0.name,
        a1_0.position_id,
        p1_0.id,
        p1_0.name,
        a1_0.end_date,
        a1_0.salary,
        a1_0.start_date 
    &amp#27;[34mfrom&amp#27;[0m
        workhistory a1_0 
    &amp#27;[34mjoin&amp#27;[0m
        company c1_0 
            &amp#27;[34mon&amp#27;[0m c1_0.id=a1_0.company_id 
    &amp#27;[34mjoin&amp#27;[0m
        position p1_0 
            &amp#27;[34mon&amp#27;[0m p1_0.id=a1_0.position_id 
    &amp#27;[34mwhere&amp#27;[0m
        a1_0.applicant_id=?
&amp#27;[35m[Hibernate]&amp#27;[0m 
    &amp#27;[34mselect&amp#27;[0m
        a1_0.applicant_id,
        a1_0.company_id,
        c1_0.id,
        c1_0.name,
        a1_0.position_id,
        p1_0.id,
        p1_0.name,
        a1_0.end_date,
        a1_0.salary,
        a1_0.start_date 
    &amp#27;[34mfrom&amp#27;[0m
        workhistory a1_0 
    &amp#27;[34mjoin&amp#27;[0m
        company c1_0 
            &amp#27;[34mon&amp#27;[0m c1_0.id=a1_0.company_id 
    &amp#27;[34mjoin&amp#27;[0m
        position p1_0 
            &amp#27;[34mon&amp#27;[0m p1_0.id=a1_0.position_id 
    &amp#27;[34mwhere&amp#27;[0m
        a1_0.applicant_id=?
&amp#27;[35m[Hibernate]&amp#27;[0m 
    &amp#27;[34mselect&amp#27;[0m
        a1_0.applicant_id,
        a1_0.company_id,
        c1_0.id,
        c1_0.name,
        a1_0.position_id,
        p1_0.id,
        p1_0.name,
        a1_0.end_date,
        a1_0.salary,
        a1_0.start_date 
    &amp#27;[34mfrom&amp#27;[0m
        workhistory a1_0 
    &amp#27;[34mjoin&amp#27;[0m
        company c1_0 
            &amp#27;[34mon&amp#27;[0m c1_0.id=a1_0.company_id 
    &amp#27;[34mjoin&amp#27;[0m
        position p1_0 
            &amp#27;[34mon&amp#27;[0m p1_0.id=a1_0.position_id 
    &amp#27;[34mwhere&amp#27;[0m
        a1_0.applicant_id=?
&amp#27;[35m[Hibernate]&amp#27;[0m 
    &amp#27;[34mselect&amp#27;[0m
        a1_0.applicant_id,
        a1_0.company_id,
        c1_0.id,
        c1_0.name,
        a1_0.position_id,
        p1_0.id,
        p1_0.name,
        a1_0.end_date,
        a1_0.salary,
        a1_0.start_date 
    &amp#27;[34mfrom&amp#27;[0m
        workhistory a1_0 
    &amp#27;[34mjoin&amp#27;[0m
        company c1_0 
            &amp#27;[34mon&amp#27;[0m c1_0.id=a1_0.company_id 
    &amp#27;[34mjoin&amp#27;[0m
        position p1_0 
            &amp#27;[34mon&amp#27;[0m p1_0.id=a1_0.position_id 
    &amp#27;[34mwhere&amp#27;[0m
        a1_0.applicant_id=?
&amp#27;[35m[Hibernate]&amp#27;[0m 
    &amp#27;[34mselect&amp#27;[0m
        a1_0.applicant_id,
        a1_0.company_id,
        c1_0.id,
        c1_0.name,
        a1_0.position_id,
        p1_0.id,
        p1_0.name,
        a1_0.end_date,
        a1_0.salary,
        a1_0.start_date 
    &amp#27;[34mfrom&amp#27;[0m
        workhistory a1_0 
    &amp#27;[34mjoin&amp#27;[0m
        company c1_0 
            &amp#27;[34mon&amp#27;[0m c1_0.id=a1_0.company_id 
    &amp#27;[34mjoin&amp#27;[0m
        position p1_0 
            &amp#27;[34mon&amp#27;[0m p1_0.id=a1_0.position_id 
    &amp#27;[34mwhere&amp#27;[0m
        a1_0.applicant_id=?
&amp#27;[35m[Hibernate]&amp#27;[0m 
    &amp#27;[34mselect&amp#27;[0m
        a1_0.applicant_id,
        a1_0.company_id,
        c1_0.id,
        c1_0.name,
        a1_0.position_id,
        p1_0.id,
        p1_0.name,
        a1_0.end_date,
        a1_0.salary,
        a1_0.start_date 
    &amp#27;[34mfrom&amp#27;[0m
        workhistory a1_0 
    &amp#27;[34mjoin&amp#27;[0m
        company c1_0 
            &amp#27;[34mon&amp#27;[0m c1_0.id=a1_0.company_id 
    &amp#27;[34mjoin&amp#27;[0m
        position p1_0 
            &amp#27;[34mon&amp#27;[0m p1_0.id=a1_0.position_id 
    &amp#27;[34mwhere&amp#27;[0m
        a1_0.applicant_id=?
&amp#27;[35m[Hibernate]&amp#27;[0m 
    &amp#27;[34mselect&amp#27;[0m
        a1_0.applicant_id,
        a1_0.company_id,
        c1_0.id,
        c1_0.name,
        a1_0.position_id,
        p1_0.id,
        p1_0.name,
        a1_0.end_date,
        a1_0.salary,
        a1_0.start_date 
    &amp#27;[34mfrom&amp#27;[0m
        workhistory a1_0 
    &amp#27;[34mjoin&amp#27;[0m
        company c1_0 
            &amp#27;[34mon&amp#27;[0m c1_0.id=a1_0.company_id 
    &amp#27;[34mjoin&amp#27;[0m
        position p1_0 
            &amp#27;[34mon&amp#27;[0m p1_0.id=a1_0.position_id 
    &amp#27;[34mwhere&amp#27;[0m
        a1_0.applicant_id=?
&amp#27;[35m[Hibernate]&amp#27;[0m 
    &amp#27;[34mselect&amp#27;[0m
        a1_0.applicant_id,
        a1_0.company_id,
        c1_0.id,
        c1_0.name,
        a1_0.position_id,
        p1_0.id,
        p1_0.name,
        a1_0.end_date,
        a1_0.salary,
        a1_0.start_date 
    &amp#27;[34mfrom&amp#27;[0m
        workhistory a1_0 
    &amp#27;[34mjoin&amp#27;[0m
        company c1_0 
            &amp#27;[34mon&amp#27;[0m c1_0.id=a1_0.company_id 
    &amp#27;[34mjoin&amp#27;[0m
        position p1_0 
            &amp#27;[34mon&amp#27;[0m p1_0.id=a1_0.position_id 
    &amp#27;[34mwhere&amp#27;[0m
        a1_0.applicant_id=?
&amp#27;[35m[Hibernate]&amp#27;[0m 
    &amp#27;[34mselect&amp#27;[0m
        a1_0.applicant_id,
        a1_0.company_id,
        c1_0.id,
        c1_0.name,
        a1_0.position_id,
        p1_0.id,
        p1_0.name,
        a1_0.end_date,
        a1_0.salary,
        a1_0.start_date 
    &amp#27;[34mfrom&amp#27;[0m
        workhistory a1_0 
    &amp#27;[34mjoin&amp#27;[0m
        company c1_0 
            &amp#27;[34mon&amp#27;[0m c1_0.id=a1_0.company_id 
    &amp#27;[34mjoin&amp#27;[0m
        position p1_0 
            &amp#27;[34mon&amp#27;[0m p1_0.id=a1_0.position_id 
    &amp#27;[34mwhere&amp#27;[0m
        a1_0.applicant_id=?
&amp#27;[35m[Hibernate]&amp#27;[0m 
    &amp#27;[34mselect&amp#27;[0m
        a1_0.applicant_id,
        a1_0.company_id,
        c1_0.id,
        c1_0.name,
        a1_0.position_id,
        p1_0.id,
        p1_0.name,
        a1_0.end_date,
        a1_0.salary,
        a1_0.start_date 
    &amp#27;[34mfrom&amp#27;[0m
        workhistory a1_0 
    &amp#27;[34mjoin&amp#27;[0m
        company c1_0 
            &amp#27;[34mon&amp#27;[0m c1_0.id=a1_0.company_id 
    &amp#27;[34mjoin&amp#27;[0m
        position p1_0 
            &amp#27;[34mon&amp#27;[0m p1_0.id=a1_0.position_id 
    &amp#27;[34mwhere&amp#27;[0m
        a1_0.applicant_id=?
&amp#27;[35m[Hibernate]&amp#27;[0m 
    &amp#27;[34mselect&amp#27;[0m
        a1_0.id,
        a1_0.apartment,
        a1_0.building,
        a1_0.first_name,
        a1_0.last_name,
        a1_0.middle_name,
        s1_0.id,
        s1_0.name,
        a1_0.sought_salary,
        a1_0.street,
        a2_0.applicant_id,
        a2_0.speciality_id,
        s2_0.id,
        s2_0.name,
        a2_0.university_id,
        u1_0.id,
        u1_0.name 
    &amp#27;[34mfrom&amp#27;[0m
        applicant a1_0 
    &amp#27;[34mleft&amp#27;[0m &amp#27;[34mjoin&amp#27;[0m
        position s1_0 
            &amp#27;[34mon&amp#27;[0m s1_0.id=a1_0.sought_post 
    &amp#27;[34mleft&amp#27;[0m &amp#27;[34mjoin&amp#27;[0m
        education a2_0 
            &amp#27;[34mon&amp#27;[0m a1_0.id=a2_0.applicant_id 
    &amp#27;[34mleft&amp#27;[0m &amp#27;[34mjoin&amp#27;[0m
        speciality s2_0 
            &amp#27;[34mon&amp#27;[0m s2_0.id=a2_0.speciality_id 
    &amp#27;[34mleft&amp#27;[0m &amp#27;[34mjoin&amp#27;[0m
        university u1_0 
            &amp#27;[34mon&amp#27;[0m u1_0.id=a2_0.university_id 
    &amp#27;[34mwhere&amp#27;[0m
        a1_0.id=?
&amp#27;[35m[Hibernate]&amp#27;[0m 
    &amp#27;[34mselect&amp#27;[0m
        a1_0.applicant_id,
        a1_0.company_id,
        c1_0.id,
        c1_0.name,
        a1_0.position_id,
        p1_0.id,
        p1_0.name,
        a1_0.end_date,
        a1_0.salary,
        a1_0.start_date 
    &amp#27;[34mfrom&amp#27;[0m
        workhistory a1_0 
    &amp#27;[34mjoin&amp#27;[0m
        company c1_0 
            &amp#27;[34mon&amp#27;[0m c1_0.id=a1_0.company_id 
    &amp#27;[34mjoin&amp#27;[0m
        position p1_0 
            &amp#27;[34mon&amp#27;[0m p1_0.id=a1_0.position_id 
    &amp#27;[34mwhere&amp#27;[0m
        a1_0.applicant_id=?
&amp#27;[35m[Hibernate]&amp#27;[0m 
    &amp#27;[34mselect&amp#27;[0m
        c1_0.company_id,
        c1_0.position_id,
        p1_0.id,
        p1_0.name,
        c1_0.req_exp,
        r1_0.id,
        r1_0.name,
        c1_0.salary 
    &amp#27;[34mfrom&amp#27;[0m
        vacancy c1_0 
    &amp#27;[34mjoin&amp#27;[0m
        position p1_0 
            &amp#27;[34mon&amp#27;[0m p1_0.id=c1_0.position_id 
    &amp#27;[34mleft&amp#27;[0m &amp#27;[34mjoin&amp#27;[0m
        speciality r1_0 
            &amp#27;[34mon&amp#27;[0m r1_0.id=c1_0.req_spec 
    &amp#27;[34mwhere&amp#27;[0m
        c1_0.company_id=?
&amp#27;[35m[Hibernate]&amp#27;[0m 
    &amp#27;[34mselect&amp#27;[0m
        c1_0.company_id,
        c1_0.position_id,
        p1_0.id,
        p1_0.name,
        c1_0.req_exp,
        r1_0.id,
        r1_0.name,
        c1_0.salary 
    &amp#27;[34mfrom&amp#27;[0m
        vacancy c1_0 
    &amp#27;[34mjoin&amp#27;[0m
        position p1_0 
            &amp#27;[34mon&amp#27;[0m p1_0.id=c1_0.position_id 
    &amp#27;[34mleft&amp#27;[0m &amp#27;[34mjoin&amp#27;[0m
        speciality r1_0 
            &amp#27;[34mon&amp#27;[0m r1_0.id=c1_0.req_spec 
    &amp#27;[34mwhere&amp#27;[0m
        c1_0.company_id=?
&amp#27;[35m[Hibernate]&amp#27;[0m 
    &amp#27;[34mselect&amp#27;[0m
        a1_0.id,
        a1_0.apartment,
        a1_0.building,
        a1_0.first_name,
        a1_0.last_name,
        a1_0.middle_name,
        s1_0.id,
        s1_0.name,
        a1_0.sought_salary,
        a1_0.street,
        a2_0.applicant_id,
        a2_0.speciality_id,
        s2_0.id,
        s2_0.name,
        a2_0.university_id,
        u1_0.id,
        u1_0.name 
    &amp#27;[34mfrom&amp#27;[0m
        applicant a1_0 
    &amp#27;[34mleft&amp#27;[0m &amp#27;[34mjoin&amp#27;[0m
        position s1_0 
            &amp#27;[34mon&amp#27;[0m s1_0.id=a1_0.sought_post 
    &amp#27;[34mleft&amp#27;[0m &amp#27;[34mjoin&amp#27;[0m
        education a2_0 
            &amp#27;[34mon&amp#27;[0m a1_0.id=a2_0.applicant_id 
    &amp#27;[34mleft&amp#27;[0m &amp#27;[34mjoin&amp#27;[0m
        speciality s2_0 
            &amp#27;[34mon&amp#27;[0m s2_0.id=a2_0.speciality_id 
    &amp#27;[34mleft&amp#27;[0m &amp#27;[34mjoin&amp#27;[0m
        university u1_0 
            &amp#27;[34mon&amp#27;[0m u1_0.id=a2_0.university_id 
    &amp#27;[34mwhere&amp#27;[0m
        a1_0.id=?
&amp#27;[35m[Hibernate]&amp#27;[0m 
    &amp#27;[34mselect&amp#27;[0m
        a1_0.applicant_id,
        a1_0.company_id,
        c1_0.id,
        c1_0.name,
        a1_0.position_id,
        p1_0.id,
        p1_0.name,
        a1_0.end_date,
        a1_0.salary,
        a1_0.start_date 
    &amp#27;[34mfrom&amp#27;[0m
        workhistory a1_0 
    &amp#27;[34mjoin&amp#27;[0m
        company c1_0 
            &amp#27;[34mon&amp#27;[0m c1_0.id=a1_0.company_id 
    &amp#27;[34mjoin&amp#27;[0m
        position p1_0 
            &amp#27;[34mon&amp#27;[0m p1_0.id=a1_0.position_id 
    &amp#27;[34mwhere&amp#27;[0m
        a1_0.applicant_id=?
&amp#27;[35m[Hibernate]&amp#27;[0m 
    &amp#27;[34mselect&amp#27;[0m
        c1_0.company_id,
        c1_0.position_id,
        p1_0.id,
        p1_0.name,
        c1_0.req_exp,
        r1_0.id,
        r1_0.name,
        c1_0.salary 
    &amp#27;[34mfrom&amp#27;[0m
        vacancy c1_0 
    &amp#27;[34mjoin&amp#27;[0m
        position p1_0 
            &amp#27;[34mon&amp#27;[0m p1_0.id=c1_0.position_id 
    &amp#27;[34mleft&amp#27;[0m &amp#27;[34mjoin&amp#27;[0m
        speciality r1_0 
            &amp#27;[34mon&amp#27;[0m r1_0.id=c1_0.req_spec 
    &amp#27;[34mwhere&amp#27;[0m
        c1_0.company_id=?
&amp#27;[35m[Hibernate]&amp#27;[0m 
    &amp#27;[34mselect&amp#27;[0m
        c1_0.company_id,
        c1_0.position_id,
        p1_0.id,
        p1_0.name,
        c1_0.req_exp,
        r1_0.id,
        r1_0.name,
        c1_0.salary 
    &amp#27;[34mfrom&amp#27;[0m
        vacancy c1_0 
    &amp#27;[34mjoin&amp#27;[0m
        position p1_0 
            &amp#27;[34mon&amp#27;[0m p1_0.id=c1_0.position_id 
    &amp#27;[34mleft&amp#27;[0m &amp#27;[34mjoin&amp#27;[0m
        speciality r1_0 
            &amp#27;[34mon&amp#27;[0m r1_0.id=c1_0.req_spec 
    &amp#27;[34mwhere&amp#27;[0m
        c1_0.company_id=?
&amp#27;[35m[Hibernate]&amp#27;[0m 
    &amp#27;[34mselect&amp#27;[0m
        a1_0.id,
        a1_0.apartment,
        a1_0.building,
        a1_0.first_name,
        a1_0.last_name,
        a1_0.middle_name,
        s1_0.id,
        s1_0.name,
        a1_0.sought_salary,
        a1_0.street,
        a2_0.applicant_id,
        a2_0.speciality_id,
        s2_0.id,
        s2_0.name,
        a2_0.university_id,
        u1_0.id,
        u1_0.name 
    &amp#27;[34mfrom&amp#27;[0m
        applicant a1_0 
    &amp#27;[34mleft&amp#27;[0m &amp#27;[34mjoin&amp#27;[0m
        position s1_0 
            &amp#27;[34mon&amp#27;[0m s1_0.id=a1_0.sought_post 
    &amp#27;[34mleft&amp#27;[0m &amp#27;[34mjoin&amp#27;[0m
        education a2_0 
            &amp#27;[34mon&amp#27;[0m a1_0.id=a2_0.applicant_id 
    &amp#27;[34mleft&amp#27;[0m &amp#27;[34mjoin&amp#27;[0m
        speciality s2_0 
            &amp#27;[34mon&amp#27;[0m s2_0.id=a2_0.speciality_id 
    &amp#27;[34mleft&amp#27;[0m &amp#27;[34mjoin&amp#27;[0m
        university u1_0 
            &amp#27;[34mon&amp#27;[0m u1_0.id=a2_0.university_id 
    &amp#27;[34mwhere&amp#27;[0m
        a1_0.id=?
&amp#27;[35m[Hibernate]&amp#27;[0m 
    &amp#27;[34mselect&amp#27;[0m
        a1_0.applicant_id,
        a1_0.company_id,
        c1_0.id,
        c1_0.name,
        a1_0.position_id,
        p1_0.id,
        p1_0.name,
        a1_0.end_date,
        a1_0.salary,
        a1_0.start_date 
    &amp#27;[34mfrom&amp#27;[0m
        workhistory a1_0 
    &amp#27;[34mjoin&amp#27;[0m
        company c1_0 
            &amp#27;[34mon&amp#27;[0m c1_0.id=a1_0.company_id 
    &amp#27;[34mjoin&amp#27;[0m
        position p1_0 
            &amp#27;[34mon&amp#27;[0m p1_0.id=a1_0.position_id 
    &amp#27;[34mwhere&amp#27;[0m
        a1_0.applicant_id=?
&amp#27;[35m[Hibernate]&amp#27;[0m 
    &amp#27;[34mselect&amp#27;[0m
        c1_0.company_id,
        c1_0.position_id,
        p1_0.id,
        p1_0.name,
        c1_0.req_exp,
        r1_0.id,
        r1_0.name,
        c1_0.salary 
    &amp#27;[34mfrom&amp#27;[0m
        vacancy c1_0 
    &amp#27;[34mjoin&amp#27;[0m
        position p1_0 
            &amp#27;[34mon&amp#27;[0m p1_0.id=c1_0.position_id 
    &amp#27;[34mleft&amp#27;[0m &amp#27;[34mjoin&amp#27;[0m
        speciality r1_0 
            &amp#27;[34mon&amp#27;[0m r1_0.id=c1_0.req_spec 
    &amp#27;[34mwhere&amp#27;[0m
        c1_0.company_id=?
&amp#27;[35m[Hibernate]&amp#27;[0m 
    &amp#27;[34mselect&amp#27;[0m
        c1_0.company_id,
        c1_0.position_id,
        p1_0.id,
        p1_0.name,
        c1_0.req_exp,
        r1_0.id,
        r1_0.name,
        c1_0.salary 
    &amp#27;[34mfrom&amp#27;[0m
        vacancy c1_0 
    &amp#27;[34mjoin&amp#27;[0m
        position p1_0 
            &amp#27;[34mon&amp#27;[0m p1_0.id=c1_0.position_id 
    &amp#27;[34mleft&amp#27;[0m &amp#27;[34mjoin&amp#27;[0m
        speciality r1_0 
            &amp#27;[34mon&amp#27;[0m r1_0.id=c1_0.req_spec 
    &amp#27;[34mwhere&amp#27;[0m
        c1_0.company_id=?
&amp#27;[35m[Hibernate]&amp#27;[0m 
    &amp#27;[34mselect&amp#27;[0m
        c1_0.company_id,
        c1_0.position_id,
        p1_0.id,
        p1_0.name,
        c1_0.req_exp,
        r1_0.id,
        r1_0.name,
        c1_0.salary 
    &amp#27;[34mfrom&amp#27;[0m
        vacancy c1_0 
    &amp#27;[34mjoin&amp#27;[0m
        position p1_0 
            &amp#27;[34mon&amp#27;[0m p1_0.id=c1_0.position_id 
    &amp#27;[34mleft&amp#27;[0m &amp#27;[34mjoin&amp#27;[0m
        speciality r1_0 
            &amp#27;[34mon&amp#27;[0m r1_0.id=c1_0.req_spec 
    &amp#27;[34mwhere&amp#27;[0m
        c1_0.company_id=?
&amp#27;[35m[Hibernate]&amp#27;[0m 
    &amp#27;[34mselect&amp#27;[0m
        a1_0.id,
        a1_0.apartment,
        a1_0.building,
        a1_0.first_name,
        a1_0.last_name,
        a1_0.middle_name,
        s1_0.id,
        s1_0.name,
        a1_0.sought_salary,
        a1_0.street,
        a2_0.applicant_id,
        a2_0.speciality_id,
        s2_0.id,
        s2_0.name,
        a2_0.university_id,
        u1_0.id,
        u1_0.name 
    &amp#27;[34mfrom&amp#27;[0m
        applicant a1_0 
    &amp#27;[34mleft&amp#27;[0m &amp#27;[34mjoin&amp#27;[0m
        position s1_0 
            &amp#27;[34mon&amp#27;[0m s1_0.id=a1_0.sought_post 
    &amp#27;[34mleft&amp#27;[0m &amp#27;[34mjoin&amp#27;[0m
        education a2_0 
            &amp#27;[34mon&amp#27;[0m a1_0.id=a2_0.applicant_id 
    &amp#27;[34mleft&amp#27;[0m &amp#27;[34mjoin&amp#27;[0m
        speciality s2_0 
            &amp#27;[34mon&amp#27;[0m s2_0.id=a2_0.speciality_id 
    &amp#27;[34mleft&amp#27;[0m &amp#27;[34mjoin&amp#27;[0m
        university u1_0 
            &amp#27;[34mon&amp#27;[0m u1_0.id=a2_0.university_id 
    &amp#27;[34mwhere&amp#27;[0m
        a1_0.id=?
&amp#27;[35m[Hibernate]&amp#27;[0m 
    &amp#27;[34mselect&amp#27;[0m
        a1_0.applicant_id,
        a1_0.company_id,
        c1_0.id,
        c1_0.name,
        a1_0.position_id,
        p1_0.id,
        p1_0.name,
        a1_0.end_date,
        a1_0.salary,
        a1_0.start_date 
    &amp#27;[34mfrom&amp#27;[0m
        workhistory a1_0 
    &amp#27;[34mjoin&amp#27;[0m
        company c1_0 
            &amp#27;[34mon&amp#27;[0m c1_0.id=a1_0.company_id 
    &amp#27;[34mjoin&amp#27;[0m
        position p1_0 
            &amp#27;[34mon&amp#27;[0m p1_0.id=a1_0.position_id 
    &amp#27;[34mwhere&amp#27;[0m
        a1_0.applicant_id=?
&amp#27;[35m[Hibernate]&amp#27;[0m 
    &amp#27;[34mselect&amp#27;[0m
        c1_0.company_id,
        c1_0.position_id,
        p1_0.id,
        p1_0.name,
        c1_0.req_exp,
        r1_0.id,
        r1_0.name,
        c1_0.salary 
    &amp#27;[34mfrom&amp#27;[0m
        vacancy c1_0 
    &amp#27;[34mjoin&amp#27;[0m
        position p1_0 
            &amp#27;[34mon&amp#27;[0m p1_0.id=c1_0.position_id 
    &amp#27;[34mleft&amp#27;[0m &amp#27;[34mjoin&amp#27;[0m
        speciality r1_0 
            &amp#27;[34mon&amp#27;[0m r1_0.id=c1_0.req_spec 
    &amp#27;[34mwhere&amp#27;[0m
        c1_0.company_id=?
&amp#27;[35m[Hibernate]&amp#27;[0m 
    &amp#27;[34mselect&amp#27;[0m
        c1_0.company_id,
        c1_0.position_id,
        p1_0.id,
        p1_0.name,
        c1_0.req_exp,
        r1_0.id,
        r1_0.name,
        c1_0.salary 
    &amp#27;[34mfrom&amp#27;[0m
        vacancy c1_0 
    &amp#27;[34mjoin&amp#27;[0m
        position p1_0 
            &amp#27;[34mon&amp#27;[0m p1_0.id=c1_0.position_id 
    &amp#27;[34mleft&amp#27;[0m &amp#27;[34mjoin&amp#27;[0m
        speciality r1_0 
            &amp#27;[34mon&amp#27;[0m r1_0.id=c1_0.req_spec 
    &amp#27;[34mwhere&amp#27;[0m
        c1_0.company_id=?
&amp#27;[35m[Hibernate]&amp#27;[0m 
    &amp#27;[34mselect&amp#27;[0m
        c1_0.company_id,
        c1_0.position_id,
        p1_0.id,
        p1_0.name,
        c1_0.req_exp,
        r1_0.id,
        r1_0.name,
        c1_0.salary 
    &amp#27;[34mfrom&amp#27;[0m
        vacancy c1_0 
    &amp#27;[34mjoin&amp#27;[0m
        position p1_0 
            &amp#27;[34mon&amp#27;[0m p1_0.id=c1_0.position_id 
    &amp#27;[34mleft&amp#27;[0m &amp#27;[34mjoin&amp#27;[0m
        speciality r1_0 
            &amp#27;[34mon&amp#27;[0m r1_0.id=c1_0.req_spec 
    &amp#27;[34mwhere&amp#27;[0m
        c1_0.company_id=?
&amp#27;[35m[Hibernate]&amp#27;[0m 
    &amp#27;[34mselect&amp#27;[0m
        a1_0.id,
        a1_0.apartment,
        a1_0.building,
        a1_0.first_name,
        a1_0.last_name,
        a1_0.middle_name,
        s1_0.id,
        s1_0.name,
        a1_0.sought_salary,
        a1_0.street,
        a2_0.applicant_id,
        a2_0.speciality_id,
        s2_0.id,
        s2_0.name,
        a2_0.university_id,
        u1_0.id,
        u1_0.name 
    &amp#27;[34mfrom&amp#27;[0m
        applicant a1_0 
    &amp#27;[34mleft&amp#27;[0m &amp#27;[34mjoin&amp#27;[0m
        position s1_0 
            &amp#27;[34mon&amp#27;[0m s1_0.id=a1_0.sought_post 
    &amp#27;[34mleft&amp#27;[0m &amp#27;[34mjoin&amp#27;[0m
        education a2_0 
            &amp#27;[34mon&amp#27;[0m a1_0.id=a2_0.applicant_id 
    &amp#27;[34mleft&amp#27;[0m &amp#27;[34mjoin&amp#27;[0m
        speciality s2_0 
            &amp#27;[34mon&amp#27;[0m s2_0.id=a2_0.speciality_id 
    &amp#27;[34mleft&amp#27;[0m &amp#27;[34mjoin&amp#27;[0m
        university u1_0 
            &amp#27;[34mon&amp#27;[0m u1_0.id=a2_0.university_id 
    &amp#27;[34mwhere&amp#27;[0m
        a1_0.id=?
&amp#27;[35m[Hibernate]&amp#27;[0m 
    &amp#27;[34mselect&amp#27;[0m
        a1_0.applicant_id,
        a1_0.company_id,
        c1_0.id,
        c1_0.name,
        a1_0.position_id,
        p1_0.id,
        p1_0.name,
        a1_0.end_date,
        a1_0.salary,
        a1_0.start_date 
    &amp#27;[34mfrom&amp#27;[0m
        workhistory a1_0 
    &amp#27;[34mjoin&amp#27;[0m
        company c1_0 
            &amp#27;[34mon&amp#27;[0m c1_0.id=a1_0.company_id 
    &amp#27;[34mjoin&amp#27;[0m
        position p1_0 
            &amp#27;[34mon&amp#27;[0m p1_0.id=a1_0.position_id 
    &amp#27;[34mwhere&amp#27;[0m
        a1_0.applicant_id=?
&amp#27;[35m[Hibernate]&amp#27;[0m 
    &amp#27;[34mselect&amp#27;[0m
        c1_0.company_id,
        c1_0.position_id,
        p1_0.id,
        p1_0.name,
        c1_0.req_exp,
        r1_0.id,
        r1_0.name,
        c1_0.salary 
    &amp#27;[34mfrom&amp#27;[0m
        vacancy c1_0 
    &amp#27;[34mjoin&amp#27;[0m
        position p1_0 
            &amp#27;[34mon&amp#27;[0m p1_0.id=c1_0.position_id 
    &amp#27;[34mleft&amp#27;[0m &amp#27;[34mjoin&amp#27;[0m
        speciality r1_0 
            &amp#27;[34mon&amp#27;[0m r1_0.id=c1_0.req_spec 
    &amp#27;[34mwhere&amp#27;[0m
        c1_0.company_id=?
&amp#27;[35m[Hibernate]&amp#27;[0m 
    &amp#27;[34mselect&amp#27;[0m
        c1_0.company_id,
        c1_0.position_id,
        p1_0.id,
        p1_0.name,
        c1_0.req_exp,
        r1_0.id,
        r1_0.name,
        c1_0.salary 
    &amp#27;[34mfrom&amp#27;[0m
        vacancy c1_0 
    &amp#27;[34mjoin&amp#27;[0m
        position p1_0 
            &amp#27;[34mon&amp#27;[0m p1_0.id=c1_0.position_id 
    &amp#27;[34mleft&amp#27;[0m &amp#27;[34mjoin&amp#27;[0m
        speciality r1_0 
            &amp#27;[34mon&amp#27;[0m r1_0.id=c1_0.req_spec 
    &amp#27;[34mwhere&amp#27;[0m
        c1_0.company_id=?
&amp#27;[35m[Hibernate]&amp#27;[0m 
    &amp#27;[34mselect&amp#27;[0m
        c1_0.company_id,
        c1_0.position_id,
        p1_0.id,
        p1_0.name,
        c1_0.req_exp,
        r1_0.id,
        r1_0.name,
        c1_0.salary 
    &amp#27;[34mfrom&amp#27;[0m
        vacancy c1_0 
    &amp#27;[34mjoin&amp#27;[0m
        position p1_0 
            &amp#27;[34mon&amp#27;[0m p1_0.id=c1_0.position_id 
    &amp#27;[34mleft&amp#27;[0m &amp#27;[34mjoin&amp#27;[0m
        speciality r1_0 
            &amp#27;[34mon&amp#27;[0m r1_0.id=c1_0.req_spec 
    &amp#27;[34mwhere&amp#27;[0m
        c1_0.company_id=?
&amp#27;[35m[Hibernate]&amp#27;[0m 
    &amp#27;[34mselect&amp#27;[0m
        a1_0.id,
        a1_0.apartment,
        a1_0.building,
        a1_0.first_name,
        a1_0.last_name,
        a1_0.middle_name,
        s1_0.id,
        s1_0.name,
        a1_0.sought_salary,
        a1_0.street,
        a2_0.applicant_id,
        a2_0.speciality_id,
        s2_0.id,
        s2_0.name,
        a2_0.university_id,
        u1_0.id,
        u1_0.name 
    &amp#27;[34mfrom&amp#27;[0m
        applicant a1_0 
    &amp#27;[34mleft&amp#27;[0m &amp#27;[34mjoin&amp#27;[0m
        position s1_0 
            &amp#27;[34mon&amp#27;[0m s1_0.id=a1_0.sought_post 
    &amp#27;[34mleft&amp#27;[0m &amp#27;[34mjoin&amp#27;[0m
        education a2_0 
            &amp#27;[34mon&amp#27;[0m a1_0.id=a2_0.applicant_id 
    &amp#27;[34mleft&amp#27;[0m &amp#27;[34mjoin&amp#27;[0m
        speciality s2_0 
            &amp#27;[34mon&amp#27;[0m s2_0.id=a2_0.speciality_id 
    &amp#27;[34mleft&amp#27;[0m &amp#27;[34mjoin&amp#27;[0m
        university u1_0 
            &amp#27;[34mon&amp#27;[0m u1_0.id=a2_0.university_id 
    &amp#27;[34mwhere&amp#27;[0m
        a1_0.id=?
&amp#27;[35m[Hibernate]&amp#27;[0m 
    &amp#27;[34mselect&amp#27;[0m
        a1_0.applicant_id,
        a1_0.company_id,
        c1_0.id,
        c1_0.name,
        a1_0.position_id,
        p1_0.id,
        p1_0.name,
        a1_0.end_date,
        a1_0.salary,
        a1_0.start_date 
    &amp#27;[34mfrom&amp#27;[0m
        workhistory a1_0 
    &amp#27;[34mjoin&amp#27;[0m
        company c1_0 
            &amp#27;[34mon&amp#27;[0m c1_0.id=a1_0.company_id 
    &amp#27;[34mjoin&amp#27;[0m
        position p1_0 
            &amp#27;[34mon&amp#27;[0m p1_0.id=a1_0.position_id 
    &amp#27;[34mwhere&amp#27;[0m
        a1_0.applicant_id=?
&amp#27;[35m[Hibernate]&amp#27;[0m 
    &amp#27;[34mselect&amp#27;[0m
        c1_0.company_id,
        c1_0.position_id,
        p1_0.id,
        p1_0.name,
        c1_0.req_exp,
        r1_0.id,
        r1_0.name,
        c1_0.salary 
    &amp#27;[34mfrom&amp#27;[0m
        vacancy c1_0 
    &amp#27;[34mjoin&amp#27;[0m
        position p1_0 
            &amp#27;[34mon&amp#27;[0m p1_0.id=c1_0.position_id 
    &amp#27;[34mleft&amp#27;[0m &amp#27;[34mjoin&amp#27;[0m
        speciality r1_0 
            &amp#27;[34mon&amp#27;[0m r1_0.id=c1_0.req_spec 
    &amp#27;[34mwhere&amp#27;[0m
        c1_0.company_id=?
&amp#27;[35m[Hibernate]&amp#27;[0m 
    &amp#27;[34mselect&amp#27;[0m
        a1_0.id,
        a1_0.apartment,
        a1_0.building,
        a1_0.first_name,
        a1_0.last_name,
        a1_0.middle_name,
        s1_0.id,
        s1_0.name,
        a1_0.sought_salary,
        a1_0.street,
        a2_0.applicant_id,
        a2_0.speciality_id,
        s2_0.id,
        s2_0.name,
        a2_0.university_id,
        u1_0.id,
        u1_0.name 
    &amp#27;[34mfrom&amp#27;[0m
        applicant a1_0 
    &amp#27;[34mleft&amp#27;[0m &amp#27;[34mjoin&amp#27;[0m
        position s1_0 
            &amp#27;[34mon&amp#27;[0m s1_0.id=a1_0.sought_post 
    &amp#27;[34mleft&amp#27;[0m &amp#27;[34mjoin&amp#27;[0m
        education a2_0 
            &amp#27;[34mon&amp#27;[0m a1_0.id=a2_0.applicant_id 
    &amp#27;[34mleft&amp#27;[0m &amp#27;[34mjoin&amp#27;[0m
        speciality s2_0 
            &amp#27;[34mon&amp#27;[0m s2_0.id=a2_0.speciality_id 
    &amp#27;[34mleft&amp#27;[0m &amp#27;[34mjoin&amp#27;[0m
        university u1_0 
            &amp#27;[34mon&amp#27;[0m u1_0.id=a2_0.university_id 
    &amp#27;[34mwhere&amp#27;[0m
        a1_0.id=?
&amp#27;[35m[Hibernate]&amp#27;[0m 
    &amp#27;[34mselect&amp#27;[0m
        a1_0.applicant_id,
        a1_0.company_id,
        c1_0.id,
        c1_0.name,
        a1_0.position_id,
        p1_0.id,
        p1_0.name,
        a1_0.end_date,
        a1_0.salary,
        a1_0.start_date 
    &amp#27;[34mfrom&amp#27;[0m
        workhistory a1_0 
    &amp#27;[34mjoin&amp#27;[0m
        company c1_0 
            &amp#27;[34mon&amp#27;[0m c1_0.id=a1_0.company_id 
    &amp#27;[34mjoin&amp#27;[0m
        position p1_0 
            &amp#27;[34mon&amp#27;[0m p1_0.id=a1_0.position_id 
    &amp#27;[34mwhere&amp#27;[0m
        a1_0.applicant_id=?
&amp#27;[35m[Hibernate]&amp#27;[0m 
    &amp#27;[34mselect&amp#27;[0m
        c1_0.company_id,
        c1_0.position_id,
        p1_0.id,
        p1_0.name,
        c1_0.req_exp,
        r1_0.id,
        r1_0.name,
        c1_0.salary 
    &amp#27;[34mfrom&amp#27;[0m
        vacancy c1_0 
    &amp#27;[34mjoin&amp#27;[0m
        position p1_0 
            &amp#27;[34mon&amp#27;[0m p1_0.id=c1_0.position_id 
    &amp#27;[34mleft&amp#27;[0m &amp#27;[34mjoin&amp#27;[0m
        speciality r1_0 
            &amp#27;[34mon&amp#27;[0m r1_0.id=c1_0.req_spec 
    &amp#27;[34mwhere&amp#27;[0m
        c1_0.company_id=?
&amp#27;[35m[Hibernate]&amp#27;[0m 
    &amp#27;[34mselect&amp#27;[0m
        c1_0.company_id,
        c1_0.position_id,
        p1_0.id,
        p1_0.name,
        c1_0.req_exp,
        r1_0.id,
        r1_0.name,
        c1_0.salary 
    &amp#27;[34mfrom&amp#27;[0m
        vacancy c1_0 
    &amp#27;[34mjoin&amp#27;[0m
        position p1_0 
            &amp#27;[34mon&amp#27;[0m p1_0.id=c1_0.position_id 
    &amp#27;[34mleft&amp#27;[0m &amp#27;[34mjoin&amp#27;[0m
        speciality r1_0 
            &amp#27;[34mon&amp#27;[0m r1_0.id=c1_0.req_spec 
    &amp#27;[34mwhere&amp#27;[0m
        c1_0.company_id=?
&amp#27;[35m[Hibernate]&amp#27;[0m 
    &amp#27;[34mselect&amp#27;[0m
        a1_0.id,
        a1_0.apartment,
        a1_0.building,
        a1_0.first_name,
        a1_0.last_name,
        a1_0.middle_name,
        s1_0.id,
        s1_0.name,
        a1_0.sought_salary,
        a1_0.street,
        a2_0.applicant_id,
        a2_0.speciality_id,
        s2_0.id,
        s2_0.name,
        a2_0.university_id,
        u1_0.id,
        u1_0.name 
    &amp#27;[34mfrom&amp#27;[0m
        applicant a1_0 
    &amp#27;[34mleft&amp#27;[0m &amp#27;[34mjoin&amp#27;[0m
        position s1_0 
            &amp#27;[34mon&amp#27;[0m s1_0.id=a1_0.sought_post 
    &amp#27;[34mleft&amp#27;[0m &amp#27;[34mjoin&amp#27;[0m
        education a2_0 
            &amp#27;[34mon&amp#27;[0m a1_0.id=a2_0.applicant_id 
    &amp#27;[34mleft&amp#27;[0m &amp#27;[34mjoin&amp#27;[0m
        speciality s2_0 
            &amp#27;[34mon&amp#27;[0m s2_0.id=a2_0.speciality_id 
    &amp#27;[34mleft&amp#27;[0m &amp#27;[34mjoin&amp#27;[0m
        university u1_0 
            &amp#27;[34mon&amp#27;[0m u1_0.id=a2_0.university_id 
    &amp#27;[34mwhere&amp#27;[0m
        a1_0.id=?
&amp#27;[35m[Hibernate]&amp#27;[0m 
    &amp#27;[34mselect&amp#27;[0m
        a1_0.applicant_id,
        a1_0.company_id,
        c1_0.id,
        c1_0.name,
        a1_0.position_id,
        p1_0.id,
        p1_0.name,
        a1_0.end_date,
        a1_0.salary,
        a1_0.start_date 
    &amp#27;[34mfrom&amp#27;[0m
        workhistory a1_0 
    &amp#27;[34mjoin&amp#27;[0m
        company c1_0 
            &amp#27;[34mon&amp#27;[0m c1_0.id=a1_0.company_id 
    &amp#27;[34mjoin&amp#27;[0m
        position p1_0 
            &amp#27;[34mon&amp#27;[0m p1_0.id=a1_0.position_id 
    &amp#27;[34mwhere&amp#27;[0m
        a1_0.applicant_id=?
&amp#27;[35m[Hibernate]&amp#27;[0m 
    &amp#27;[34mselect&amp#27;[0m
        c1_0.company_id,
        c1_0.position_id,
        p1_0.id,
        p1_0.name,
        c1_0.req_exp,
        r1_0.id,
        r1_0.name,
        c1_0.salary 
    &amp#27;[34mfrom&amp#27;[0m
        vacancy c1_0 
    &amp#27;[34mjoin&amp#27;[0m
        position p1_0 
            &amp#27;[34mon&amp#27;[0m p1_0.id=c1_0.position_id 
    &amp#27;[34mleft&amp#27;[0m &amp#27;[34mjoin&amp#27;[0m
        speciality r1_0 
            &amp#27;[34mon&amp#27;[0m r1_0.id=c1_0.req_spec 
    &amp#27;[34mwhere&amp#27;[0m
        c1_0.company_id=?
&amp#27;[35m[Hibernate]&amp#27;[0m 
    &amp#27;[34mselect&amp#27;[0m
        c1_0.company_id,
        c1_0.position_id,
        p1_0.id,
        p1_0.name,
        c1_0.req_exp,
        r1_0.id,
        r1_0.name,
        c1_0.salary 
    &amp#27;[34mfrom&amp#27;[0m
        vacancy c1_0 
    &amp#27;[34mjoin&amp#27;[0m
        position p1_0 
            &amp#27;[34mon&amp#27;[0m p1_0.id=c1_0.position_id 
    &amp#27;[34mleft&amp#27;[0m &amp#27;[34mjoin&amp#27;[0m
        speciality r1_0 
            &amp#27;[34mon&amp#27;[0m r1_0.id=c1_0.req_spec 
    &amp#27;[34mwhere&amp#27;[0m
        c1_0.company_id=?
&amp#27;[35m[Hibernate]&amp#27;[0m 
    &amp#27;[34mselect&amp#27;[0m
        a1_0.id,
        a1_0.apartment,
        a1_0.building,
        a1_0.first_name,
        a1_0.last_name,
        a1_0.middle_name,
        s1_0.id,
        s1_0.name,
        a1_0.sought_salary,
        a1_0.street,
        a2_0.applicant_id,
        a2_0.speciality_id,
        s2_0.id,
        s2_0.name,
        a2_0.university_id,
        u1_0.id,
        u1_0.name 
    &amp#27;[34mfrom&amp#27;[0m
        applicant a1_0 
    &amp#27;[34mleft&amp#27;[0m &amp#27;[34mjoin&amp#27;[0m
        position s1_0 
            &amp#27;[34mon&amp#27;[0m s1_0.id=a1_0.sought_post 
    &amp#27;[34mleft&amp#27;[0m &amp#27;[34mjoin&amp#27;[0m
        education a2_0 
            &amp#27;[34mon&amp#27;[0m a1_0.id=a2_0.applicant_id 
    &amp#27;[34mleft&amp#27;[0m &amp#27;[34mjoin&amp#27;[0m
        speciality s2_0 
            &amp#27;[34mon&amp#27;[0m s2_0.id=a2_0.speciality_id 
    &amp#27;[34mleft&amp#27;[0m &amp#27;[34mjoin&amp#27;[0m
        university u1_0 
            &amp#27;[34mon&amp#27;[0m u1_0.id=a2_0.university_id 
    &amp#27;[34mwhere&amp#27;[0m
        a1_0.id=?
&amp#27;[35m[Hibernate]&amp#27;[0m 
    &amp#27;[34mselect&amp#27;[0m
        a1_0.applicant_id,
        a1_0.company_id,
        c1_0.id,
        c1_0.name,
        a1_0.position_id,
        p1_0.id,
        p1_0.name,
        a1_0.end_date,
        a1_0.salary,
        a1_0.start_date 
    &amp#27;[34mfrom&amp#27;[0m
        workhistory a1_0 
    &amp#27;[34mjoin&amp#27;[0m
        company c1_0 
            &amp#27;[34mon&amp#27;[0m c1_0.id=a1_0.company_id 
    &amp#27;[34mjoin&amp#27;[0m
        position p1_0 
            &amp#27;[34mon&amp#27;[0m p1_0.id=a1_0.position_id 
    &amp#27;[34mwhere&amp#27;[0m
        a1_0.applicant_id=?
&amp#27;[35m[Hibernate]&amp#27;[0m 
    &amp#27;[34mselect&amp#27;[0m
        c1_0.company_id,
        c1_0.position_id,
        p1_0.id,
        p1_0.name,
        c1_0.req_exp,
        r1_0.id,
        r1_0.name,
        c1_0.salary 
    &amp#27;[34mfrom&amp#27;[0m
        vacancy c1_0 
    &amp#27;[34mjoin&amp#27;[0m
        position p1_0 
            &amp#27;[34mon&amp#27;[0m p1_0.id=c1_0.position_id 
    &amp#27;[34mleft&amp#27;[0m &amp#27;[34mjoin&amp#27;[0m
        speciality r1_0 
            &amp#27;[34mon&amp#27;[0m r1_0.id=c1_0.req_spec 
    &amp#27;[34mwhere&amp#27;[0m
        c1_0.company_id=?
&amp#27;[35m[Hibernate]&amp#27;[0m 
    &amp#27;[34mselect&amp#27;[0m
        a1_0.id,
        a1_0.apartment,
        a1_0.building,
        a1_0.first_name,
        a1_0.last_name,
        a1_0.middle_name,
        s1_0.id,
        s1_0.name,
        a1_0.sought_salary,
        a1_0.street,
        a2_0.applicant_id,
        a2_0.speciality_id,
        s2_0.id,
        s2_0.name,
        a2_0.university_id,
        u1_0.id,
        u1_0.name 
    &amp#27;[34mfrom&amp#27;[0m
        applicant a1_0 
    &amp#27;[34mleft&amp#27;[0m &amp#27;[34mjoin&amp#27;[0m
        position s1_0 
            &amp#27;[34mon&amp#27;[0m s1_0.id=a1_0.sought_post 
    &amp#27;[34mleft&amp#27;[0m &amp#27;[34mjoin&amp#27;[0m
        education a2_0 
            &amp#27;[34mon&amp#27;[0m a1_0.id=a2_0.applicant_id 
    &amp#27;[34mleft&amp#27;[0m &amp#27;[34mjoin&amp#27;[0m
        speciality s2_0 
            &amp#27;[34mon&amp#27;[0m s2_0.id=a2_0.speciality_id 
    &amp#27;[34mleft&amp#27;[0m &amp#27;[34mjoin&amp#27;[0m
        university u1_0 
            &amp#27;[34mon&amp#27;[0m u1_0.id=a2_0.university_id 
    &amp#27;[34mwhere&amp#27;[0m
        a1_0.id=?
&amp#27;[35m[Hibernate]&amp#27;[0m 
    &amp#27;[34mselect&amp#27;[0m
        a1_0.applicant_id,
        a1_0.company_id,
        c1_0.id,
        c1_0.name,
        a1_0.position_id,
        p1_0.id,
        p1_0.name,
        a1_0.end_date,
        a1_0.salary,
        a1_0.start_date 
    &amp#27;[34mfrom&amp#27;[0m
        workhistory a1_0 
    &amp#27;[34mjoin&amp#27;[0m
        company c1_0 
            &amp#27;[34mon&amp#27;[0m c1_0.id=a1_0.company_id 
    &amp#27;[34mjoin&amp#27;[0m
        position p1_0 
            &amp#27;[34mon&amp#27;[0m p1_0.id=a1_0.position_id 
    &amp#27;[34mwhere&amp#27;[0m
        a1_0.applicant_id=?
&amp#27;[35m[Hibernate]&amp#27;[0m 
    &amp#27;[34mselect&amp#27;[0m
        c1_0.company_id,
        c1_0.position_id,
        p1_0.id,
        p1_0.name,
        c1_0.req_exp,
        r1_0.id,
        r1_0.name,
        c1_0.salary 
    &amp#27;[34mfrom&amp#27;[0m
        vacancy c1_0 
    &amp#27;[34mjoin&amp#27;[0m
        position p1_0 
            &amp#27;[34mon&amp#27;[0m p1_0.id=c1_0.position_id 
    &amp#27;[34mleft&amp#27;[0m &amp#27;[34mjoin&amp#27;[0m
        speciality r1_0 
            &amp#27;[34mon&amp#27;[0m r1_0.id=c1_0.req_spec 
    &amp#27;[34mwhere&amp#27;[0m
        c1_0.company_id=?
&amp#27;[35m[Hibernate]&amp#27;[0m 
    &amp#27;[34mselect&amp#27;[0m
        c1_0.company_id,
        c1_0.position_id,
        p1_0.id,
        p1_0.name,
        c1_0.req_exp,
        r1_0.id,
        r1_0.name,
        c1_0.salary 
    &amp#27;[34mfrom&amp#27;[0m
        vacancy c1_0 
    &amp#27;[34mjoin&amp#27;[0m
        position p1_0 
            &amp#27;[34mon&amp#27;[0m p1_0.id=c1_0.position_id 
    &amp#27;[34mleft&amp#27;[0m &amp#27;[34mjoin&amp#27;[0m
        speciality r1_0 
            &amp#27;[34mon&amp#27;[0m r1_0.id=c1_0.req_spec 
    &amp#27;[34mwhere&amp#27;[0m
        c1_0.company_id=?
&amp#27;[35m[Hibernate]&amp#27;[0m 
    &amp#27;[34mselect&amp#27;[0m
        a1_0.id,
        a1_0.apartment,
        a1_0.building,
        a1_0.first_name,
        a1_0.last_name,
        a1_0.middle_name,
        s1_0.id,
        s1_0.name,
        a1_0.sought_salary,
        a1_0.street,
        a2_0.applicant_id,
        a2_0.speciality_id,
        s2_0.id,
        s2_0.name,
        a2_0.university_id,
        u1_0.id,
        u1_0.name 
    &amp#27;[34mfrom&amp#27;[0m
        applicant a1_0 
    &amp#27;[34mleft&amp#27;[0m &amp#27;[34mjoin&amp#27;[0m
        position s1_0 
            &amp#27;[34mon&amp#27;[0m s1_0.id=a1_0.sought_post 
    &amp#27;[34mleft&amp#27;[0m &amp#27;[34mjoin&amp#27;[0m
        education a2_0 
            &amp#27;[34mon&amp#27;[0m a1_0.id=a2_0.applicant_id 
    &amp#27;[34mleft&amp#27;[0m &amp#27;[34mjoin&amp#27;[0m
        speciality s2_0 
            &amp#27;[34mon&amp#27;[0m s2_0.id=a2_0.speciality_id 
    &amp#27;[34mleft&amp#27;[0m &amp#27;[34mjoin&amp#27;[0m
        university u1_0 
            &amp#27;[34mon&amp#27;[0m u1_0.id=a2_0.university_id 
    &amp#27;[34mwhere&amp#27;[0m
        a1_0.id=?
&amp#27;[35m[Hibernate]&amp#27;[0m 
    &amp#27;[34mselect&amp#27;[0m
        a1_0.applicant_id,
        a1_0.company_id,
        c1_0.id,
        c1_0.name,
        a1_0.position_id,
        p1_0.id,
        p1_0.name,
        a1_0.end_date,
        a1_0.salary,
        a1_0.start_date 
    &amp#27;[34mfrom&amp#27;[0m
        workhistory a1_0 
    &amp#27;[34mjoin&amp#27;[0m
        company c1_0 
            &amp#27;[34mon&amp#27;[0m c1_0.id=a1_0.company_id 
    &amp#27;[34mjoin&amp#27;[0m
        position p1_0 
            &amp#27;[34mon&amp#27;[0m p1_0.id=a1_0.position_id 
    &amp#27;[34mwhere&amp#27;[0m
        a1_0.applicant_id=?
&amp#27;[35m[Hibernate]&amp#27;[0m 
    &amp#27;[34mselect&amp#27;[0m
        c1_0.company_id,
        c1_0.position_id,
        p1_0.id,
        p1_0.name,
        c1_0.req_exp,
        r1_0.id,
        r1_0.name,
        c1_0.salary 
    &amp#27;[34mfrom&amp#27;[0m
        vacancy c1_0 
    &amp#27;[34mjoin&amp#27;[0m
        position p1_0 
            &amp#27;[34mon&amp#27;[0m p1_0.id=c1_0.position_id 
    &amp#27;[34mleft&amp#27;[0m &amp#27;[34mjoin&amp#27;[0m
        speciality r1_0 
            &amp#27;[34mon&amp#27;[0m r1_0.id=c1_0.req_spec 
    &amp#27;[34mwhere&amp#27;[0m
        c1_0.company_id=?
&amp#27;[35m[Hibernate]&amp#27;[0m 
    &amp#27;[34mselect&amp#27;[0m
        c1_0.company_id,
        c1_0.position_id,
        p1_0.id,
        p1_0.name,
        c1_0.req_exp,
        r1_0.id,
        r1_0.name,
        c1_0.salary 
    &amp#27;[34mfrom&amp#27;[0m
        vacancy c1_0 
    &amp#27;[34mjoin&amp#27;[0m
        position p1_0 
            &amp#27;[34mon&amp#27;[0m p1_0.id=c1_0.position_id 
    &amp#27;[34mleft&amp#27;[0m &amp#27;[34mjoin&amp#27;[0m
        speciality r1_0 
            &amp#27;[34mon&amp#27;[0m r1_0.id=c1_0.req_spec 
    &amp#27;[34mwhere&amp#27;[0m
        c1_0.company_id=?
&amp#27;[35m[Hibernate]&amp#27;[0m 
    &amp#27;[34mselect&amp#27;[0m
        a1_0.id,
        a1_0.apartment,
        a1_0.building,
        a1_0.first_name,
        a1_0.last_name,
        a1_0.middle_name,
        s1_0.id,
        s1_0.name,
        a1_0.sought_salary,
        a1_0.street,
        a2_0.applicant_id,
        a2_0.speciality_id,
        s2_0.id,
        s2_0.name,
        a2_0.university_id,
        u1_0.id,
        u1_0.name 
    &amp#27;[34mfrom&amp#27;[0m
        applicant a1_0 
    &amp#27;[34mleft&amp#27;[0m &amp#27;[34mjoin&amp#27;[0m
        position s1_0 
            &amp#27;[34mon&amp#27;[0m s1_0.id=a1_0.sought_post 
    &amp#27;[34mleft&amp#27;[0m &amp#27;[34mjoin&amp#27;[0m
        education a2_0 
            &amp#27;[34mon&amp#27;[0m a1_0.id=a2_0.applicant_id 
    &amp#27;[34mleft&amp#27;[0m &amp#27;[34mjoin&amp#27;[0m
        speciality s2_0 
            &amp#27;[34mon&amp#27;[0m s2_0.id=a2_0.speciality_id 
    &amp#27;[34mleft&amp#27;[0m &amp#27;[34mjoin&amp#27;[0m
        university u1_0 
            &amp#27;[34mon&amp#27;[0m u1_0.id=a2_0.university_id 
    &amp#27;[34mwhere&amp#27;[0m
        a1_0.id=?
&amp#27;[35m[Hibernate]&amp#27;[0m 
    &amp#27;[34mselect&amp#27;[0m
        a1_0.applicant_id,
        a1_0.company_id,
        c1_0.id,
        c1_0.name,
        a1_0.position_id,
        p1_0.id,
        p1_0.name,
        a1_0.end_date,
        a1_0.salary,
        a1_0.start_date 
    &amp#27;[34mfrom&amp#27;[0m
        workhistory a1_0 
    &amp#27;[34mjoin&amp#27;[0m
        company c1_0 
            &amp#27;[34mon&amp#27;[0m c1_0.id=a1_0.company_id 
    &amp#27;[34mjoin&amp#27;[0m
        position p1_0 
            &amp#27;[34mon&amp#27;[0m p1_0.id=a1_0.position_id 
    &amp#27;[34mwhere&amp#27;[0m
        a1_0.applicant_id=?
&amp#27;[35m[Hibernate]&amp#27;[0m 
    &amp#27;[34mselect&amp#27;[0m
        c1_0.company_id,
        c1_0.position_id,
        p1_0.id,
        p1_0.name,
        c1_0.req_exp,
        r1_0.id,
        r1_0.name,
        c1_0.salary 
    &amp#27;[34mfrom&amp#27;[0m
        vacancy c1_0 
    &amp#27;[34mjoin&amp#27;[0m
        position p1_0 
            &amp#27;[34mon&amp#27;[0m p1_0.id=c1_0.position_id 
    &amp#27;[34mleft&amp#27;[0m &amp#27;[34mjoin&amp#27;[0m
        speciality r1_0 
            &amp#27;[34mon&amp#27;[0m r1_0.id=c1_0.req_spec 
    &amp#27;[34mwhere&amp#27;[0m
        c1_0.company_id=?
&amp#27;[35m[Hibernate]&amp#27;[0m 
    &amp#27;[34mselect&amp#27;[0m
        a1_0.id,
        a1_0.apartment,
        a1_0.building,
        a1_0.first_name,
        a1_0.last_name,
        a1_0.middle_name,
        s1_0.id,
        s1_0.name,
        a1_0.sought_salary,
        a1_0.street,
        a2_0.applicant_id,
        a2_0.speciality_id,
        s2_0.id,
        s2_0.name,
        a2_0.university_id,
        u1_0.id,
        u1_0.name 
    &amp#27;[34mfrom&amp#27;[0m
        applicant a1_0 
    &amp#27;[34mleft&amp#27;[0m &amp#27;[34mjoin&amp#27;[0m
        position s1_0 
            &amp#27;[34mon&amp#27;[0m s1_0.id=a1_0.sought_post 
    &amp#27;[34mleft&amp#27;[0m &amp#27;[34mjoin&amp#27;[0m
        education a2_0 
            &amp#27;[34mon&amp#27;[0m a1_0.id=a2_0.applicant_id 
    &amp#27;[34mleft&amp#27;[0m &amp#27;[34mjoin&amp#27;[0m
        speciality s2_0 
            &amp#27;[34mon&amp#27;[0m s2_0.id=a2_0.speciality_id 
    &amp#27;[34mleft&amp#27;[0m &amp#27;[34mjoin&amp#27;[0m
        university u1_0 
            &amp#27;[34mon&amp#27;[0m u1_0.id=a2_0.university_id 
    &amp#27;[34mwhere&amp#27;[0m
        a1_0.id=?
&amp#27;[35m[Hibernate]&amp#27;[0m 
    &amp#27;[34mselect&amp#27;[0m
        a1_0.applicant_id,
        a1_0.company_id,
        c1_0.id,
        c1_0.name,
        a1_0.position_id,
        p1_0.id,
        p1_0.name,
        a1_0.end_date,
        a1_0.salary,
        a1_0.start_date 
    &amp#27;[34mfrom&amp#27;[0m
        workhistory a1_0 
    &amp#27;[34mjoin&amp#27;[0m
        company c1_0 
            &amp#27;[34mon&amp#27;[0m c1_0.id=a1_0.company_id 
    &amp#27;[34mjoin&amp#27;[0m
        position p1_0 
            &amp#27;[34mon&amp#27;[0m p1_0.id=a1_0.position_id 
    &amp#27;[34mwhere&amp#27;[0m
        a1_0.applicant_id=?
&amp#27;[35m[Hibernate]&amp#27;[0m 
    &amp#27;[34mselect&amp#27;[0m
        c1_0.company_id,
        c1_0.position_id,
        p1_0.id,
        p1_0.name,
        c1_0.req_exp,
        r1_0.id,
        r1_0.name,
        c1_0.salary 
    &amp#27;[34mfrom&amp#27;[0m
        vacancy c1_0 
    &amp#27;[34mjoin&amp#27;[0m
        position p1_0 
            &amp#27;[34mon&amp#27;[0m p1_0.id=c1_0.position_id 
    &amp#27;[34mleft&amp#27;[0m &amp#27;[34mjoin&amp#27;[0m
        speciality r1_0 
            &amp#27;[34mon&amp#27;[0m r1_0.id=c1_0.req_spec 
    &amp#27;[34mwhere&amp#27;[0m
        c1_0.company_id=?
&amp#27;[35m[Hibernate]&amp#27;[0m 
    &amp#27;[34mselect&amp#27;[0m
        a1_0.id,
        a1_0.apartment,
        a1_0.building,
        a1_0.first_name,
        a1_0.last_name,
        a1_0.middle_name,
        s1_0.id,
        s1_0.name,
        a1_0.sought_salary,
        a1_0.street,
        a2_0.applicant_id,
        a2_0.speciality_id,
        s2_0.id,
        s2_0.name,
        a2_0.university_id,
        u1_0.id,
        u1_0.name 
    &amp#27;[34mfrom&amp#27;[0m
        applicant a1_0 
    &amp#27;[34mleft&amp#27;[0m &amp#27;[34mjoin&amp#27;[0m
        position s1_0 
            &amp#27;[34mon&amp#27;[0m s1_0.id=a1_0.sought_post 
    &amp#27;[34mleft&amp#27;[0m &amp#27;[34mjoin&amp#27;[0m
        education a2_0 
            &amp#27;[34mon&amp#27;[0m a1_0.id=a2_0.applicant_id 
    &amp#27;[34mleft&amp#27;[0m &amp#27;[34mjoin&amp#27;[0m
        speciality s2_0 
            &amp#27;[34mon&amp#27;[0m s2_0.id=a2_0.speciality_id 
    &amp#27;[34mleft&amp#27;[0m &amp#27;[34mjoin&amp#27;[0m
        university u1_0 
            &amp#27;[34mon&amp#27;[0m u1_0.id=a2_0.university_id 
    &amp#27;[34mwhere&amp#27;[0m
        a1_0.id=?
&amp#27;[35m[Hibernate]&amp#27;[0m 
    &amp#27;[34mselect&amp#27;[0m
        a1_0.applicant_id,
        a1_0.company_id,
        c1_0.id,
        c1_0.name,
        a1_0.position_id,
        p1_0.id,
        p1_0.name,
        a1_0.end_date,
        a1_0.salary,
        a1_0.start_date 
    &amp#27;[34mfrom&amp#27;[0m
        workhistory a1_0 
    &amp#27;[34mjoin&amp#27;[0m
        company c1_0 
            &amp#27;[34mon&amp#27;[0m c1_0.id=a1_0.company_id 
    &amp#27;[34mjoin&amp#27;[0m
        position p1_0 
            &amp#27;[34mon&amp#27;[0m p1_0.id=a1_0.position_id 
    &amp#27;[34mwhere&amp#27;[0m
        a1_0.applicant_id=?
&amp#27;[35m[Hibernate]&amp#27;[0m 
    &amp#27;[34mselect&amp#27;[0m
        c1_0.company_id,
        c1_0.position_id,
        p1_0.id,
        p1_0.name,
        c1_0.req_exp,
        r1_0.id,
        r1_0.name,
        c1_0.salary 
    &amp#27;[34mfrom&amp#27;[0m
        vacancy c1_0 
    &amp#27;[34mjoin&amp#27;[0m
        position p1_0 
            &amp#27;[34mon&amp#27;[0m p1_0.id=c1_0.position_id 
    &amp#27;[34mleft&amp#27;[0m &amp#27;[34mjoin&amp#27;[0m
        speciality r1_0 
            &amp#27;[34mon&amp#27;[0m r1_0.id=c1_0.req_spec 
    &amp#27;[34mwhere&amp#27;[0m
        c1_0.company_id=?
&amp#27;[35m[Hibernate]&amp#27;[0m 
    &amp#27;[34mselect&amp#27;[0m
        a1_0.id,
        a1_0.apartment,
        a1_0.building,
        a1_0.first_name,
        a1_0.last_name,
        a1_0.middle_name,
        s1_0.id,
        s1_0.name,
        a1_0.sought_salary,
        a1_0.street,
        a2_0.applicant_id,
        a2_0.speciality_id,
        s2_0.id,
        s2_0.name,
        a2_0.university_id,
        u1_0.id,
        u1_0.name 
    &amp#27;[34mfrom&amp#27;[0m
        applicant a1_0 
    &amp#27;[34mleft&amp#27;[0m &amp#27;[34mjoin&amp#27;[0m
        position s1_0 
            &amp#27;[34mon&amp#27;[0m s1_0.id=a1_0.sought_post 
    &amp#27;[34mleft&amp#27;[0m &amp#27;[34mjoin&amp#27;[0m
        education a2_0 
            &amp#27;[34mon&amp#27;[0m a1_0.id=a2_0.applicant_id 
    &amp#27;[34mleft&amp#27;[0m &amp#27;[34mjoin&amp#27;[0m
        speciality s2_0 
            &amp#27;[34mon&amp#27;[0m s2_0.id=a2_0.speciality_id 
    &amp#27;[34mleft&amp#27;[0m &amp#27;[34mjoin&amp#27;[0m
        university u1_0 
            &amp#27;[34mon&amp#27;[0m u1_0.id=a2_0.university_id 
    &amp#27;[34mwhere&amp#27;[0m
        a1_0.id=?
&amp#27;[35m[Hibernate]&amp#27;[0m 
    &amp#27;[34mselect&amp#27;[0m
        a1_0.applicant_id,
        a1_0.company_id,
        c1_0.id,
        c1_0.name,
        a1_0.position_id,
        p1_0.id,
        p1_0.name,
        a1_0.end_date,
        a1_0.salary,
        a1_0.start_date 
    &amp#27;[34mfrom&amp#27;[0m
        workhistory a1_0 
    &amp#27;[34mjoin&amp#27;[0m
        company c1_0 
            &amp#27;[34mon&amp#27;[0m c1_0.id=a1_0.company_id 
    &amp#27;[34mjoin&amp#27;[0m
        position p1_0 
            &amp#27;[34mon&amp#27;[0m p1_0.id=a1_0.position_id 
    &amp#27;[34mwhere&amp#27;[0m
        a1_0.applicant_id=?
&amp#27;[35m[Hibernate]&amp#27;[0m 
    &amp#27;[34mselect&amp#27;[0m
        c1_0.company_id,
        c1_0.position_id,
        p1_0.id,
        p1_0.name,
        c1_0.req_exp,
        r1_0.id,
        r1_0.name,
        c1_0.salary 
    &amp#27;[34mfrom&amp#27;[0m
        vacancy c1_0 
    &amp#27;[34mjoin&amp#27;[0m
        position p1_0 
            &amp#27;[34mon&amp#27;[0m p1_0.id=c1_0.position_id 
    &amp#27;[34mleft&amp#27;[0m &amp#27;[34mjoin&amp#27;[0m
        speciality r1_0 
            &amp#27;[34mon&amp#27;[0m r1_0.id=c1_0.req_spec 
    &amp#27;[34mwhere&amp#27;[0m
        c1_0.company_id=?
&amp#27;[35m[Hibernate]&amp#27;[0m 
    &amp#27;[34mselect&amp#27;[0m
        c1_0.company_id,
        c1_0.position_id,
        p1_0.id,
        p1_0.name,
        c1_0.req_exp,
        r1_0.id,
        r1_0.name,
        c1_0.salary 
    &amp#27;[34mfrom&amp#27;[0m
        vacancy c1_0 
    &amp#27;[34mjoin&amp#27;[0m
        position p1_0 
            &amp#27;[34mon&amp#27;[0m p1_0.id=c1_0.position_id 
    &amp#27;[34mleft&amp#27;[0m &amp#27;[34mjoin&amp#27;[0m
        speciality r1_0 
            &amp#27;[34mon&amp#27;[0m r1_0.id=c1_0.req_spec 
    &amp#27;[34mwhere&amp#27;[0m
        c1_0.company_id=?
&amp#27;[35m[Hibernate]&amp#27;[0m 
    &amp#27;[34mselect&amp#27;[0m
        a1_0.id,
        a1_0.apartment,
        a1_0.building,
        a1_0.first_name,
        a1_0.last_name,
        a1_0.middle_name,
        s1_0.id,
        s1_0.name,
        a1_0.sought_salary,
        a1_0.street,
        a2_0.applicant_id,
        a2_0.speciality_id,
        s2_0.id,
        s2_0.name,
        a2_0.university_id,
        u1_0.id,
        u1_0.name 
    &amp#27;[34mfrom&amp#27;[0m
        applicant a1_0 
    &amp#27;[34mleft&amp#27;[0m &amp#27;[34mjoin&amp#27;[0m
        position s1_0 
            &amp#27;[34mon&amp#27;[0m s1_0.id=a1_0.sought_post 
    &amp#27;[34mleft&amp#27;[0m &amp#27;[34mjoin&amp#27;[0m
        education a2_0 
            &amp#27;[34mon&amp#27;[0m a1_0.id=a2_0.applicant_id 
    &amp#27;[34mleft&amp#27;[0m &amp#27;[34mjoin&amp#27;[0m
        speciality s2_0 
            &amp#27;[34mon&amp#27;[0m s2_0.id=a2_0.speciality_id 
    &amp#27;[34mleft&amp#27;[0m &amp#27;[34mjoin&amp#27;[0m
        university u1_0 
            &amp#27;[34mon&amp#27;[0m u1_0.id=a2_0.university_id 
    &amp#27;[34mwhere&amp#27;[0m
        a1_0.id=?
&amp#27;[35m[Hibernate]&amp#27;[0m 
    &amp#27;[34mselect&amp#27;[0m
        a1_0.applicant_id,
        a1_0.company_id,
        c1_0.id,
        c1_0.name,
        a1_0.position_id,
        p1_0.id,
        p1_0.name,
        a1_0.end_date,
        a1_0.salary,
        a1_0.start_date 
    &amp#27;[34mfrom&amp#27;[0m
        workhistory a1_0 
    &amp#27;[34mjoin&amp#27;[0m
        company c1_0 
            &amp#27;[34mon&amp#27;[0m c1_0.id=a1_0.company_id 
    &amp#27;[34mjoin&amp#27;[0m
        position p1_0 
            &amp#27;[34mon&amp#27;[0m p1_0.id=a1_0.position_id 
    &amp#27;[34mwhere&amp#27;[0m
        a1_0.applicant_id=?
&amp#27;[35m[Hibernate]&amp#27;[0m 
    &amp#27;[34mselect&amp#27;[0m
        c1_0.company_id,
        c1_0.position_id,
        p1_0.id,
        p1_0.name,
        c1_0.req_exp,
        r1_0.id,
        r1_0.name,
        c1_0.salary 
    &amp#27;[34mfrom&amp#27;[0m
        vacancy c1_0 
    &amp#27;[34mjoin&amp#27;[0m
        position p1_0 
            &amp#27;[34mon&amp#27;[0m p1_0.id=c1_0.position_id 
    &amp#27;[34mleft&amp#27;[0m &amp#27;[34mjoin&amp#27;[0m
        speciality r1_0 
            &amp#27;[34mon&amp#27;[0m r1_0.id=c1_0.req_spec 
    &amp#27;[34mwhere&amp#27;[0m
        c1_0.company_id=?
&amp#27;[35m[Hibernate]&amp#27;[0m 
    &amp#27;[34mselect&amp#27;[0m
        c1_0.company_id,
        c1_0.position_id,
        p1_0.id,
        p1_0.name,
        c1_0.req_exp,
        r1_0.id,
        r1_0.name,
        c1_0.salary 
    &amp#27;[34mfrom&amp#27;[0m
        vacancy c1_0 
    &amp#27;[34mjoin&amp#27;[0m
        position p1_0 
            &amp#27;[34mon&amp#27;[0m p1_0.id=c1_0.position_id 
    &amp#27;[34mleft&amp#27;[0m &amp#27;[34mjoin&amp#27;[0m
        speciality r1_0 
            &amp#27;[34mon&amp#27;[0m r1_0.id=c1_0.req_spec 
    &amp#27;[34mwhere&amp#27;[0m
        c1_0.company_id=?
&amp#27;[35m[Hibernate]&amp#27;[0m 
    &amp#27;[34mselect&amp#27;[0m
        c1_0.id,
        c1_0.name,
        c2_0.company_id,
        c2_0.position_id,
        p1_0.id,
        p1_0.name,
        c2_0.req_exp,
        r1_0.id,
        r1_0.name,
        c2_0.salary 
    &amp#27;[34mfrom&amp#27;[0m
        company c1_0 
    &amp#27;[34mleft&amp#27;[0m &amp#27;[34mjoin&amp#27;[0m
        vacancy c2_0 
            &amp#27;[34mon&amp#27;[0m c1_0.id=c2_0.company_id 
    &amp#27;[34mleft&amp#27;[0m &amp#27;[34mjoin&amp#27;[0m
        position p1_0 
            &amp#27;[34mon&amp#27;[0m p1_0.id=c2_0.position_id 
    &amp#27;[34mleft&amp#27;[0m &amp#27;[34mjoin&amp#27;[0m
        speciality r1_0 
            &amp#27;[34mon&amp#27;[0m r1_0.id=c2_0.req_spec 
    &amp#27;[34mwhere&amp#27;[0m
        c1_0.id=?
&amp#27;[35m[Hibernate]&amp#27;[0m 
    &amp#27;[34mselect&amp#27;[0m
        c1_0.id,
        c1_0.name,
        c2_0.company_id,
        c2_0.position_id,
        p1_0.id,
        p1_0.name,
        c2_0.req_exp,
        r1_0.id,
        r1_0.name,
        c2_0.salary 
    &amp#27;[34mfrom&amp#27;[0m
        company c1_0 
    &amp#27;[34mleft&amp#27;[0m &amp#27;[34mjoin&amp#27;[0m
        vacancy c2_0 
            &amp#27;[34mon&amp#27;[0m c1_0.id=c2_0.company_id 
    &amp#27;[34mleft&amp#27;[0m &amp#27;[34mjoin&amp#27;[0m
        position p1_0 
            &amp#27;[34mon&amp#27;[0m p1_0.id=c2_0.position_id 
    &amp#27;[34mleft&amp#27;[0m &amp#27;[34mjoin&amp#27;[0m
        speciality r1_0 
            &amp#27;[34mon&amp#27;[0m r1_0.id=c2_0.req_spec 
    &amp#27;[34mwhere&amp#27;[0m
        c1_0.id=?
&amp#27;[35m[Hibernate]&amp#27;[0m 
    &amp#27;[34mselect&amp#27;[0m
        c1_0.id,
        c1_0.name,
        c2_0.company_id,
        c2_0.position_id,
        p1_0.id,
        p1_0.name,
        c2_0.req_exp,
        r1_0.id,
        r1_0.name,
        c2_0.salary 
    &amp#27;[34mfrom&amp#27;[0m
        company c1_0 
    &amp#27;[34mleft&amp#27;[0m &amp#27;[34mjoin&amp#27;[0m
        vacancy c2_0 
            &amp#27;[34mon&amp#27;[0m c1_0.id=c2_0.company_id 
    &amp#27;[34mleft&amp#27;[0m &amp#27;[34mjoin&amp#27;[0m
        position p1_0 
            &amp#27;[34mon&amp#27;[0m p1_0.id=c2_0.position_id 
    &amp#27;[34mleft&amp#27;[0m &amp#27;[34mjoin&amp#27;[0m
        speciality r1_0 
            &amp#27;[34mon&amp#27;[0m r1_0.id=c2_0.req_spec 
    &amp#27;[34mwhere&amp#27;[0m
        c1_0.id=?
&amp#27;[35m[Hibernate]&amp#27;[0m 
    &amp#27;[34mselect&amp#27;[0m
        c1_0.id,
        c1_0.name,
        c2_0.company_id,
        c2_0.position_id,
        p1_0.id,
        p1_0.name,
        c2_0.req_exp,
        r1_0.id,
        r1_0.name,
        c2_0.salary 
    &amp#27;[34mfrom&amp#27;[0m
        company c1_0 
    &amp#27;[34mleft&amp#27;[0m &amp#27;[34mjoin&amp#27;[0m
        vacancy c2_0 
            &amp#27;[34mon&amp#27;[0m c1_0.id=c2_0.company_id 
    &amp#27;[34mleft&amp#27;[0m &amp#27;[34mjoin&amp#27;[0m
        position p1_0 
            &amp#27;[34mon&amp#27;[0m p1_0.id=c2_0.position_id 
    &amp#27;[34mleft&amp#27;[0m &amp#27;[34mjoin&amp#27;[0m
        speciality r1_0 
            &amp#27;[34mon&amp#27;[0m r1_0.id=c2_0.req_spec 
    &amp#27;[34mwhere&amp#27;[0m
        c1_0.id=?
&amp#27;[35m[Hibernate]&amp#27;[0m 
    &amp#27;[34mselect&amp#27;[0m
        c1_0.id,
        c1_0.name,
        c2_0.company_id,
        c2_0.position_id,
        p1_0.id,
        p1_0.name,
        c2_0.req_exp,
        r1_0.id,
        r1_0.name,
        c2_0.salary 
    &amp#27;[34mfrom&amp#27;[0m
        company c1_0 
    &amp#27;[34mleft&amp#27;[0m &amp#27;[34mjoin&amp#27;[0m
        vacancy c2_0 
            &amp#27;[34mon&amp#27;[0m c1_0.id=c2_0.company_id 
    &amp#27;[34mleft&amp#27;[0m &amp#27;[34mjoin&amp#27;[0m
        position p1_0 
            &amp#27;[34mon&amp#27;[0m p1_0.id=c2_0.position_id 
    &amp#27;[34mleft&amp#27;[0m &amp#27;[34mjoin&amp#27;[0m
        speciality r1_0 
            &amp#27;[34mon&amp#27;[0m r1_0.id=c2_0.req_spec 
    &amp#27;[34mwhere&amp#27;[0m
        c1_0.id=?
&amp#27;[35m[Hibernate]&amp#27;[0m 
    &amp#27;[34mselect&amp#27;[0m
        c1_0.id,
        c1_0.name,
        c2_0.company_id,
        c2_0.position_id,
        p1_0.id,
        p1_0.name,
        c2_0.req_exp,
        r1_0.id,
        r1_0.name,
        c2_0.salary 
    &amp#27;[34mfrom&amp#27;[0m
        company c1_0 
    &amp#27;[34mleft&amp#27;[0m &amp#27;[34mjoin&amp#27;[0m
        vacancy c2_0 
            &amp#27;[34mon&amp#27;[0m c1_0.id=c2_0.company_id 
    &amp#27;[34mleft&amp#27;[0m &amp#27;[34mjoin&amp#27;[0m
        position p1_0 
            &amp#27;[34mon&amp#27;[0m p1_0.id=c2_0.position_id 
    &amp#27;[34mleft&amp#27;[0m &amp#27;[34mjoin&amp#27;[0m
        speciality r1_0 
            &amp#27;[34mon&amp#27;[0m r1_0.id=c2_0.req_spec 
    &amp#27;[34mwhere&amp#27;[0m
        c1_0.id=?
&amp#27;[35m[Hibernate]&amp#27;[0m 
    &amp#27;[34mselect&amp#27;[0m
        c1_0.id,
        c1_0.name,
        c2_0.company_id,
        c2_0.position_id,
        p1_0.id,
        p1_0.name,
        c2_0.req_exp,
        r1_0.id,
        r1_0.name,
        c2_0.salary 
    &amp#27;[34mfrom&amp#27;[0m
        company c1_0 
    &amp#27;[34mleft&amp#27;[0m &amp#27;[34mjoin&amp#27;[0m
        vacancy c2_0 
            &amp#27;[34mon&amp#27;[0m c1_0.id=c2_0.company_id 
    &amp#27;[34mleft&amp#27;[0m &amp#27;[34mjoin&amp#27;[0m
        position p1_0 
            &amp#27;[34mon&amp#27;[0m p1_0.id=c2_0.position_id 
    &amp#27;[34mleft&amp#27;[0m &amp#27;[34mjoin&amp#27;[0m
        speciality r1_0 
            &amp#27;[34mon&amp#27;[0m r1_0.id=c2_0.req_spec 
    &amp#27;[34mwhere&amp#27;[0m
        c1_0.id=?
&amp#27;[35m[Hibernate]&amp#27;[0m 
    &amp#27;[34mselect&amp#27;[0m
        c1_0.id,
        c1_0.name,
        c2_0.company_id,
        c2_0.position_id,
        p1_0.id,
        p1_0.name,
        c2_0.req_exp,
        r1_0.id,
        r1_0.name,
        c2_0.salary 
    &amp#27;[34mfrom&amp#27;[0m
        company c1_0 
    &amp#27;[34mleft&amp#27;[0m &amp#27;[34mjoin&amp#27;[0m
        vacancy c2_0 
            &amp#27;[34mon&amp#27;[0m c1_0.id=c2_0.company_id 
    &amp#27;[34mleft&amp#27;[0m &amp#27;[34mjoin&amp#27;[0m
        position p1_0 
            &amp#27;[34mon&amp#27;[0m p1_0.id=c2_0.position_id 
    &amp#27;[34mleft&amp#27;[0m &amp#27;[34mjoin&amp#27;[0m
        speciality r1_0 
            &amp#27;[34mon&amp#27;[0m r1_0.id=c2_0.req_spec 
    &amp#27;[34mwhere&amp#27;[0m
        c1_0.id=?
&amp#27;[35m[Hibernate]&amp#27;[0m 
    &amp#27;[34mselect&amp#27;[0m
        c1_0.id,
        c1_0.name,
        c2_0.company_id,
        c2_0.position_id,
        p1_0.id,
        p1_0.name,
        c2_0.req_exp,
        r1_0.id,
        r1_0.name,
        c2_0.salary 
    &amp#27;[34mfrom&amp#27;[0m
        company c1_0 
    &amp#27;[34mleft&amp#27;[0m &amp#27;[34mjoin&amp#27;[0m
        vacancy c2_0 
            &amp#27;[34mon&amp#27;[0m c1_0.id=c2_0.company_id 
    &amp#27;[34mleft&amp#27;[0m &amp#27;[34mjoin&amp#27;[0m
        position p1_0 
            &amp#27;[34mon&amp#27;[0m p1_0.id=c2_0.position_id 
    &amp#27;[34mleft&amp#27;[0m &amp#27;[34mjoin&amp#27;[0m
        speciality r1_0 
            &amp#27;[34mon&amp#27;[0m r1_0.id=c2_0.req_spec 
    &amp#27;[34mwhere&amp#27;[0m
        c1_0.id=?
&amp#27;[35m[Hibernate]&amp#27;[0m 
    &amp#27;[34mselect&amp#27;[0m
        c1_0.id,
        c1_0.name,
        c2_0.company_id,
        c2_0.position_id,
        p1_0.id,
        p1_0.name,
        c2_0.req_exp,
        r1_0.id,
        r1_0.name,
        c2_0.salary 
    &amp#27;[34mfrom&amp#27;[0m
        company c1_0 
    &amp#27;[34mleft&amp#27;[0m &amp#27;[34mjoin&amp#27;[0m
        vacancy c2_0 
            &amp#27;[34mon&amp#27;[0m c1_0.id=c2_0.company_id 
    &amp#27;[34mleft&amp#27;[0m &amp#27;[34mjoin&amp#27;[0m
        position p1_0 
            &amp#27;[34mon&amp#27;[0m p1_0.id=c2_0.position_id 
    &amp#27;[34mleft&amp#27;[0m &amp#27;[34mjoin&amp#27;[0m
        speciality r1_0 
            &amp#27;[34mon&amp#27;[0m r1_0.id=c2_0.req_spec 
    &amp#27;[34mwhere&amp#27;[0m
        c1_0.id=?
&amp#27;[35m[Hibernate]&amp#27;[0m 
    &amp#27;[34mselect&amp#27;[0m
        c1_0.id,
        c1_0.name,
        c2_0.company_id,
        c2_0.position_id,
        p1_0.id,
        p1_0.name,
        c2_0.req_exp,
        r1_0.id,
        r1_0.name,
        c2_0.salary 
    &amp#27;[34mfrom&amp#27;[0m
        company c1_0 
    &amp#27;[34mleft&amp#27;[0m &amp#27;[34mjoin&amp#27;[0m
        vacancy c2_0 
            &amp#27;[34mon&amp#27;[0m c1_0.id=c2_0.company_id 
    &amp#27;[34mleft&amp#27;[0m &amp#27;[34mjoin&amp#27;[0m
        position p1_0 
            &amp#27;[34mon&amp#27;[0m p1_0.id=c2_0.position_id 
    &amp#27;[34mleft&amp#27;[0m &amp#27;[34mjoin&amp#27;[0m
        speciality r1_0 
            &amp#27;[34mon&amp#27;[0m r1_0.id=c2_0.req_spec 
    &amp#27;[34mwhere&amp#27;[0m
        c1_0.id=?
&amp#27;[35m[Hibernate]&amp#27;[0m 
    &amp#27;[34mselect&amp#27;[0m
        c1_0.id,
        c1_0.name,
        c2_0.company_id,
        c2_0.position_id,
        p1_0.id,
        p1_0.name,
        c2_0.req_exp,
        r1_0.id,
        r1_0.name,
        c2_0.salary 
    &amp#27;[34mfrom&amp#27;[0m
        company c1_0 
    &amp#27;[34mleft&amp#27;[0m &amp#27;[34mjoin&amp#27;[0m
        vacancy c2_0 
            &amp#27;[34mon&amp#27;[0m c1_0.id=c2_0.company_id 
    &amp#27;[34mleft&amp#27;[0m &amp#27;[34mjoin&amp#27;[0m
        position p1_0 
            &amp#27;[34mon&amp#27;[0m p1_0.id=c2_0.position_id 
    &amp#27;[34mleft&amp#27;[0m &amp#27;[34mjoin&amp#27;[0m
        speciality r1_0 
            &amp#27;[34mon&amp#27;[0m r1_0.id=c2_0.req_spec 
    &amp#27;[34mwhere&amp#27;[0m
        c1_0.id=?
&amp#27;[35m[Hibernate]&amp#27;[0m 
    &amp#27;[34mselect&amp#27;[0m
        c1_0.id,
        c1_0.name,
        c2_0.company_id,
        c2_0.position_id,
        p1_0.id,
        p1_0.name,
        c2_0.req_exp,
        r1_0.id,
        r1_0.name,
        c2_0.salary 
    &amp#27;[34mfrom&amp#27;[0m
        company c1_0 
    &amp#27;[34mleft&amp#27;[0m &amp#27;[34mjoin&amp#27;[0m
        vacancy c2_0 
            &amp#27;[34mon&amp#27;[0m c1_0.id=c2_0.company_id 
    &amp#27;[34mleft&amp#27;[0m &amp#27;[34mjoin&amp#27;[0m
        position p1_0 
            &amp#27;[34mon&amp#27;[0m p1_0.id=c2_0.position_id 
    &amp#27;[34mleft&amp#27;[0m &amp#27;[34mjoin&amp#27;[0m
        speciality r1_0 
            &amp#27;[34mon&amp#27;[0m r1_0.id=c2_0.req_spec 
    &amp#27;[34mwhere&amp#27;[0m
        c1_0.id=?
&amp#27;[35m[Hibernate]&amp#27;[0m 
    &amp#27;[34mselect&amp#27;[0m
        c1_0.id,
        c1_0.name,
        c2_0.company_id,
        c2_0.position_id,
        p1_0.id,
        p1_0.name,
        c2_0.req_exp,
        r1_0.id,
        r1_0.name,
        c2_0.salary 
    &amp#27;[34mfrom&amp#27;[0m
        company c1_0 
    &amp#27;[34mleft&amp#27;[0m &amp#27;[34mjoin&amp#27;[0m
        vacancy c2_0 
            &amp#27;[34mon&amp#27;[0m c1_0.id=c2_0.company_id 
    &amp#27;[34mleft&amp#27;[0m &amp#27;[34mjoin&amp#27;[0m
        position p1_0 
            &amp#27;[34mon&amp#27;[0m p1_0.id=c2_0.position_id 
    &amp#27;[34mleft&amp#27;[0m &amp#27;[34mjoin&amp#27;[0m
        speciality r1_0 
            &amp#27;[34mon&amp#27;[0m r1_0.id=c2_0.req_spec 
    &amp#27;[34mwhere&amp#27;[0m
        c1_0.id=?
&amp#27;[35m[Hibernate]&amp#27;[0m 
    &amp#27;[34mselect&amp#27;[0m
        c1_0.id,
        c1_0.name,
        c2_0.company_id,
        c2_0.position_id,
        p1_0.id,
        p1_0.name,
        c2_0.req_exp,
        r1_0.id,
        r1_0.name,
        c2_0.salary 
    &amp#27;[34mfrom&amp#27;[0m
        company c1_0 
    &amp#27;[34mleft&amp#27;[0m &amp#27;[34mjoin&amp#27;[0m
        vacancy c2_0 
            &amp#27;[34mon&amp#27;[0m c1_0.id=c2_0.company_id 
    &amp#27;[34mleft&amp#27;[0m &amp#27;[34mjoin&amp#27;[0m
        position p1_0 
            &amp#27;[34mon&amp#27;[0m p1_0.id=c2_0.position_id 
    &amp#27;[34mleft&amp#27;[0m &amp#27;[34mjoin&amp#27;[0m
        speciality r1_0 
            &amp#27;[34mon&amp#27;[0m r1_0.id=c2_0.req_spec 
    &amp#27;[34mwhere&amp#27;[0m
        c1_0.id=?
&amp#27;[35m[Hibernate]&amp#27;[0m 
    &amp#27;[34mselect&amp#27;[0m
        c1_0.id,
        c1_0.name,
        c2_0.company_id,
        c2_0.position_id,
        p1_0.id,
        p1_0.name,
        c2_0.req_exp,
        r1_0.id,
        r1_0.name,
        c2_0.salary 
    &amp#27;[34mfrom&amp#27;[0m
        company c1_0 
    &amp#27;[34mleft&amp#27;[0m &amp#27;[34mjoin&amp#27;[0m
        vacancy c2_0 
            &amp#27;[34mon&amp#27;[0m c1_0.id=c2_0.company_id 
    &amp#27;[34mleft&amp#27;[0m &amp#27;[34mjoin&amp#27;[0m
        position p1_0 
            &amp#27;[34mon&amp#27;[0m p1_0.id=c2_0.position_id 
    &amp#27;[34mleft&amp#27;[0m &amp#27;[34mjoin&amp#27;[0m
        speciality r1_0 
            &amp#27;[34mon&amp#27;[0m r1_0.id=c2_0.req_spec 
    &amp#27;[34mwhere&amp#27;[0m
        c1_0.id=?
&amp#27;[35m[Hibernate]&amp#27;[0m 
    &amp#27;[34mselect&amp#27;[0m
        p1_0.id,
        p1_0.name 
    &amp#27;[34mfrom&amp#27;[0m
        position p1_0 
    &amp#27;[34mwhere&amp#27;[0m
        p1_0.id=?
&amp#27;[35m[Hibernate]&amp#27;[0m 
    &amp#27;[34mselect&amp#27;[0m
        p1_0.id,
        p1_0.name 
    &amp#27;[34mfrom&amp#27;[0m
        position p1_0 
    &amp#27;[34mwhere&amp#27;[0m
        p1_0.id=?
&amp#27;[35m[Hibernate]&amp#27;[0m 
    &amp#27;[34mselect&amp#27;[0m
        p1_0.id,
        p1_0.name 
    &amp#27;[34mfrom&amp#27;[0m
        position p1_0 
    &amp#27;[34mwhere&amp#27;[0m
        p1_0.id=?
&amp#27;[35m[Hibernate]&amp#27;[0m 
    &amp#27;[34mselect&amp#27;[0m
        p1_0.id,
        p1_0.name 
    &amp#27;[34mfrom&amp#27;[0m
        position p1_0 
    &amp#27;[34mwhere&amp#27;[0m
        p1_0.id=?
&amp#27;[35m[Hibernate]&amp#27;[0m 
    &amp#27;[34mselect&amp#27;[0m
        p1_0.id,
        p1_0.name 
    &amp#27;[34mfrom&amp#27;[0m
        position p1_0 
    &amp#27;[34mwhere&amp#27;[0m
        p1_0.id=?
&amp#27;[35m[Hibernate]&amp#27;[0m 
    &amp#27;[34mselect&amp#27;[0m
        p1_0.id,
        p1_0.name 
    &amp#27;[34mfrom&amp#27;[0m
        position p1_0 
    &amp#27;[34mwhere&amp#27;[0m
        p1_0.id=?
&amp#27;[35m[Hibernate]&amp#27;[0m 
    &amp#27;[34mselect&amp#27;[0m
        p1_0.id,
        p1_0.name 
    &amp#27;[34mfrom&amp#27;[0m
        position p1_0 
    &amp#27;[34mwhere&amp#27;[0m
        p1_0.id=?
&amp#27;[35m[Hibernate]&amp#27;[0m 
    &amp#27;[34mselect&amp#27;[0m
        p1_0.id,
        p1_0.name 
    &amp#27;[34mfrom&amp#27;[0m
        position p1_0 
    &amp#27;[34mwhere&amp#27;[0m
        p1_0.id=?
&amp#27;[35m[Hibernate]&amp#27;[0m 
    &amp#27;[34mselect&amp#27;[0m
        p1_0.id,
        p1_0.name 
    &amp#27;[34mfrom&amp#27;[0m
        position p1_0 
    &amp#27;[34mwhere&amp#27;[0m
        p1_0.id=?
&amp#27;[35m[Hibernate]&amp#27;[0m 
    &amp#27;[34mselect&amp#27;[0m
        p1_0.id,
        p1_0.name 
    &amp#27;[34mfrom&amp#27;[0m
        position p1_0 
    &amp#27;[34mwhere&amp#27;[0m
        p1_0.id=?
&amp#27;[35m[Hibernate]&amp#27;[0m 
    &amp#27;[34mselect&amp#27;[0m
        p1_0.id,
        p1_0.name 
    &amp#27;[34mfrom&amp#27;[0m
        position p1_0 
    &amp#27;[34mwhere&amp#27;[0m
        p1_0.id=?
&amp#27;[35m[Hibernate]&amp#27;[0m 
    &amp#27;[34mselect&amp#27;[0m
        p1_0.id,
        p1_0.name 
    &amp#27;[34mfrom&amp#27;[0m
        position p1_0 
    &amp#27;[34mwhere&amp#27;[0m
        p1_0.id=?
&amp#27;[35m[Hibernate]&amp#27;[0m 
    &amp#27;[34mselect&amp#27;[0m
        p1_0.id,
        p1_0.name 
    &amp#27;[34mfrom&amp#27;[0m
        position p1_0 
    &amp#27;[34mwhere&amp#27;[0m
        p1_0.id=?
&amp#27;[35m[Hibernate]&amp#27;[0m 
    &amp#27;[34mselect&amp#27;[0m
        p1_0.id,
        p1_0.name 
    &amp#27;[34mfrom&amp#27;[0m
        position p1_0 
    &amp#27;[34mwhere&amp#27;[0m
        p1_0.id=?
&amp#27;[35m[Hibernate]&amp#27;[0m 
    &amp#27;[34mselect&amp#27;[0m
        p1_0.id,
        p1_0.name 
    &amp#27;[34mfrom&amp#27;[0m
        position p1_0 
    &amp#27;[34mwhere&amp#27;[0m
        p1_0.id=?
&amp#27;[35m[Hibernate]&amp#27;[0m 
    &amp#27;[34mselect&amp#27;[0m
        p1_0.id,
        p1_0.name 
    &amp#27;[34mfrom&amp#27;[0m
        position p1_0 
    &amp#27;[34mwhere&amp#27;[0m
        p1_0.id=?
]]></system-out>
  </testcase>
  <testcase name="testSaveUpdateDelete" classname="com.prosphere.ras.WorkhistoryTests" time="0.062">
    <system-out><![CDATA[&amp#27;[35m[Hibernate]&amp#27;[0m 
    &amp#27;[34mselect&amp#27;[0m
        a1_0.id,
        a1_0.apartment,
        a1_0.building,
        a1_0.first_name,
        a1_0.last_name,
        a1_0.middle_name,
        s1_0.id,
        s1_0.name,
        a1_0.sought_salary,
        a1_0.street,
        a2_0.applicant_id,
        a2_0.speciality_id,
        s2_0.id,
        s2_0.name,
        a2_0.university_id,
        u1_0.id,
        u1_0.name 
    &amp#27;[34mfrom&amp#27;[0m
        applicant a1_0 
    &amp#27;[34mleft&amp#27;[0m &amp#27;[34mjoin&amp#27;[0m
        position s1_0 
            &amp#27;[34mon&amp#27;[0m s1_0.id=a1_0.sought_post 
    &amp#27;[34mleft&amp#27;[0m &amp#27;[34mjoin&amp#27;[0m
        education a2_0 
            &amp#27;[34mon&amp#27;[0m a1_0.id=a2_0.applicant_id 
    &amp#27;[34mleft&amp#27;[0m &amp#27;[34mjoin&amp#27;[0m
        speciality s2_0 
            &amp#27;[34mon&amp#27;[0m s2_0.id=a2_0.speciality_id 
    &amp#27;[34mleft&amp#27;[0m &amp#27;[34mjoin&amp#27;[0m
        university u1_0 
            &amp#27;[34mon&amp#27;[0m u1_0.id=a2_0.university_id 
    &amp#27;[34mwhere&amp#27;[0m
        a1_0.id=?
&amp#27;[35m[Hibernate]&amp#27;[0m 
    &amp#27;[34mselect&amp#27;[0m
        a1_0.applicant_id,
        a1_0.company_id,
        c1_0.id,
        c1_0.name,
        a1_0.position_id,
        p1_0.id,
        p1_0.name,
        a1_0.end_date,
        a1_0.salary,
        a1_0.start_date 
    &amp#27;[34mfrom&amp#27;[0m
        workhistory a1_0 
    &amp#27;[34mjoin&amp#27;[0m
        company c1_0 
            &amp#27;[34mon&amp#27;[0m c1_0.id=a1_0.company_id 
    &amp#27;[34mjoin&amp#27;[0m
        position p1_0 
            &amp#27;[34mon&amp#27;[0m p1_0.id=a1_0.position_id 
    &amp#27;[34mwhere&amp#27;[0m
        a1_0.applicant_id=?
&amp#27;[35m[Hibernate]&amp#27;[0m 
    &amp#27;[34mselect&amp#27;[0m
        c1_0.company_id,
        c1_0.position_id,
        p1_0.id,
        p1_0.name,
        c1_0.req_exp,
        r1_0.id,
        r1_0.name,
        c1_0.salary 
    &amp#27;[34mfrom&amp#27;[0m
        vacancy c1_0 
    &amp#27;[34mjoin&amp#27;[0m
        position p1_0 
            &amp#27;[34mon&amp#27;[0m p1_0.id=c1_0.position_id 
    &amp#27;[34mleft&amp#27;[0m &amp#27;[34mjoin&amp#27;[0m
        speciality r1_0 
            &amp#27;[34mon&amp#27;[0m r1_0.id=c1_0.req_spec 
    &amp#27;[34mwhere&amp#27;[0m
        c1_0.company_id=?
&amp#27;[35m[Hibernate]&amp#27;[0m 
    &amp#27;[34mselect&amp#27;[0m
        c1_0.company_id,
        c1_0.position_id,
        p1_0.id,
        p1_0.name,
        c1_0.req_exp,
        r1_0.id,
        r1_0.name,
        c1_0.salary 
    &amp#27;[34mfrom&amp#27;[0m
        vacancy c1_0 
    &amp#27;[34mjoin&amp#27;[0m
        position p1_0 
            &amp#27;[34mon&amp#27;[0m p1_0.id=c1_0.position_id 
    &amp#27;[34mleft&amp#27;[0m &amp#27;[34mjoin&amp#27;[0m
        speciality r1_0 
            &amp#27;[34mon&amp#27;[0m r1_0.id=c1_0.req_spec 
    &amp#27;[34mwhere&amp#27;[0m
        c1_0.company_id=?
&amp#27;[35m[Hibernate]&amp#27;[0m 
    &amp#27;[34mselect&amp#27;[0m
        c1_0.id,
        c1_0.name,
        c2_0.company_id,
        c2_0.position_id,
        p1_0.id,
        p1_0.name,
        c2_0.req_exp,
        r1_0.id,
        r1_0.name,
        c2_0.salary 
    &amp#27;[34mfrom&amp#27;[0m
        company c1_0 
    &amp#27;[34mleft&amp#27;[0m &amp#27;[34mjoin&amp#27;[0m
        vacancy c2_0 
            &amp#27;[34mon&amp#27;[0m c1_0.id=c2_0.company_id 
    &amp#27;[34mleft&amp#27;[0m &amp#27;[34mjoin&amp#27;[0m
        position p1_0 
            &amp#27;[34mon&amp#27;[0m p1_0.id=c2_0.position_id 
    &amp#27;[34mleft&amp#27;[0m &amp#27;[34mjoin&amp#27;[0m
        speciality r1_0 
            &amp#27;[34mon&amp#27;[0m r1_0.id=c2_0.req_spec 
    &amp#27;[34mwhere&amp#27;[0m
        c1_0.id=?
&amp#27;[35m[Hibernate]&amp#27;[0m 
    &amp#27;[34mselect&amp#27;[0m
        p1_0.id,
        p1_0.name 
    &amp#27;[34mfrom&amp#27;[0m
        position p1_0 
    &amp#27;[34mwhere&amp#27;[0m
        p1_0.id=?
&amp#27;[35m[Hibernate]&amp#27;[0m 
    &amp#27;[34mselect&amp#27;[0m
        p1_0.id,
        p1_0.name 
    &amp#27;[34mfrom&amp#27;[0m
        position p1_0 
    &amp#27;[34mwhere&amp#27;[0m
        p1_0.id=?
&amp#27;[35m[Hibernate]&amp#27;[0m 
    &amp#27;[34mselect&amp#27;[0m
        w1_0.applicant_id,
        a1_0.id,
        a1_0.apartment,
        a1_0.building,
        a1_0.first_name,
        a1_0.last_name,
        a1_0.middle_name,
        s1_0.id,
        s1_0.name,
        a1_0.sought_salary,
        a1_0.street,
        a2_0.applicant_id,
        a2_0.speciality_id,
        s2_0.id,
        s2_0.name,
        a2_0.university_id,
        u1_0.id,
        u1_0.name,
        w1_0.company_id,
        c1_0.id,
        c1_0.name,
        w1_0.position_id,
        p1_0.id,
        p1_0.name,
        w1_0.end_date,
        w1_0.salary,
        w1_0.start_date 
    &amp#27;[34mfrom&amp#27;[0m
        workhistory w1_0 
    &amp#27;[34mjoin&amp#27;[0m
        applicant a1_0 
            &amp#27;[34mon&amp#27;[0m a1_0.id=w1_0.applicant_id 
    &amp#27;[34mleft&amp#27;[0m &amp#27;[34mjoin&amp#27;[0m
        position s1_0 
            &amp#27;[34mon&amp#27;[0m s1_0.id=a1_0.sought_post 
    &amp#27;[34mleft&amp#27;[0m &amp#27;[34mjoin&amp#27;[0m
        education a2_0 
            &amp#27;[34mon&amp#27;[0m a1_0.id=a2_0.applicant_id 
    &amp#27;[34mleft&amp#27;[0m &amp#27;[34mjoin&amp#27;[0m
        speciality s2_0 
            &amp#27;[34mon&amp#27;[0m s2_0.id=a2_0.speciality_id 
    &amp#27;[34mleft&amp#27;[0m &amp#27;[34mjoin&amp#27;[0m
        university u1_0 
            &amp#27;[34mon&amp#27;[0m u1_0.id=a2_0.university_id 
    &amp#27;[34mjoin&amp#27;[0m
        company c1_0 
            &amp#27;[34mon&amp#27;[0m c1_0.id=w1_0.company_id 
    &amp#27;[34mjoin&amp#27;[0m
        position p1_0 
            &amp#27;[34mon&amp#27;[0m p1_0.id=w1_0.position_id 
    &amp#27;[34mwhere&amp#27;[0m
        (
            w1_0.applicant_id, w1_0.company_id, w1_0.position_id
        ) &amp#27;[34min&amp#27;[0m ((?, ?, ?))
&amp#27;[35m[Hibernate]&amp#27;[0m 
    &amp#27;[34minsert&amp#27;[0m 
    &amp#27;[34minto&amp#27;[0m
        workhistory
        (end_date, salary, start_date, applicant_id, company_id, position_id) 
    &amp#27;[34mvalues&amp#27;[0m
        (?, ?, ?, ?, ?, ?)
&amp#27;[35m[Hibernate]&amp#27;[0m 
    &amp#27;[34mselect&amp#27;[0m
        w1_0.applicant_id,
        w1_0.company_id,
        w1_0.position_id,
        w1_0.end_date,
        w1_0.salary,
        w1_0.start_date 
    &amp#27;[34mfrom&amp#27;[0m
        workhistory w1_0 
    &amp#27;[34mwhere&amp#27;[0m
        w1_0.applicant_id=? 
        &amp#27;[34mand&amp#27;[0m w1_0.company_id=? 
        &amp#27;[34mand&amp#27;[0m w1_0.position_id=?
&amp#27;[35m[Hibernate]&amp#27;[0m 
    &amp#27;[34mselect&amp#27;[0m
        a1_0.id,
        a1_0.apartment,
        a1_0.building,
        a1_0.first_name,
        a1_0.last_name,
        a1_0.middle_name,
        s1_0.id,
        s1_0.name,
        a1_0.sought_salary,
        a1_0.street,
        a2_0.applicant_id,
        a2_0.speciality_id,
        s2_0.id,
        s2_0.name,
        a2_0.university_id,
        u1_0.id,
        u1_0.name 
    &amp#27;[34mfrom&amp#27;[0m
        applicant a1_0 
    &amp#27;[34mleft&amp#27;[0m &amp#27;[34mjoin&amp#27;[0m
        position s1_0 
            &amp#27;[34mon&amp#27;[0m s1_0.id=a1_0.sought_post 
    &amp#27;[34mleft&amp#27;[0m &amp#27;[34mjoin&amp#27;[0m
        education a2_0 
            &amp#27;[34mon&amp#27;[0m a1_0.id=a2_0.applicant_id 
    &amp#27;[34mleft&amp#27;[0m &amp#27;[34mjoin&amp#27;[0m
        speciality s2_0 
            &amp#27;[34mon&amp#27;[0m s2_0.id=a2_0.speciality_id 
    &amp#27;[34mleft&amp#27;[0m &amp#27;[34mjoin&amp#27;[0m
        university u1_0 
            &amp#27;[34mon&amp#27;[0m u1_0.id=a2_0.university_id 
    &amp#27;[34mwhere&amp#27;[0m
        a1_0.id=?
&amp#27;[35m[Hibernate]&amp#27;[0m 
    &amp#27;[34mselect&amp#27;[0m
        c1_0.id,
        c1_0.name,
        c2_0.company_id,
        c2_0.position_id,
        p1_0.id,
        p1_0.name,
        c2_0.req_exp,
        r1_0.id,
        r1_0.name,
        c2_0.salary 
    &amp#27;[34mfrom&amp#27;[0m
        company c1_0 
    &amp#27;[34mleft&amp#27;[0m &amp#27;[34mjoin&amp#27;[0m
        vacancy c2_0 
            &amp#27;[34mon&amp#27;[0m c1_0.id=c2_0.company_id 
    &amp#27;[34mleft&amp#27;[0m &amp#27;[34mjoin&amp#27;[0m
        position p1_0 
            &amp#27;[34mon&amp#27;[0m p1_0.id=c2_0.position_id 
    &amp#27;[34mleft&amp#27;[0m &amp#27;[34mjoin&amp#27;[0m
        speciality r1_0 
            &amp#27;[34mon&amp#27;[0m r1_0.id=c2_0.req_spec 
    &amp#27;[34mwhere&amp#27;[0m
        c1_0.id=?
&amp#27;[35m[Hibernate]&amp#27;[0m 
    &amp#27;[34mselect&amp#27;[0m
        a1_0.applicant_id,
        a1_0.company_id,
        c1_0.id,
        c1_0.name,
        a1_0.position_id,
        p1_0.id,
        p1_0.name,
        a1_0.end_date,
        a1_0.salary,
        a1_0.start_date 
    &amp#27;[34mfrom&amp#27;[0m
        workhistory a1_0 
    &amp#27;[34mjoin&amp#27;[0m
        company c1_0 
            &amp#27;[34mon&amp#27;[0m c1_0.id=a1_0.company_id 
    &amp#27;[34mjoin&amp#27;[0m
        position p1_0 
            &amp#27;[34mon&amp#27;[0m p1_0.id=a1_0.position_id 
    &amp#27;[34mwhere&amp#27;[0m
        a1_0.applicant_id=?
&amp#27;[35m[Hibernate]&amp#27;[0m 
    &amp#27;[34mselect&amp#27;[0m
        c1_0.company_id,
        c1_0.position_id,
        p1_0.id,
        p1_0.name,
        c1_0.req_exp,
        r1_0.id,
        r1_0.name,
        c1_0.salary 
    &amp#27;[34mfrom&amp#27;[0m
        vacancy c1_0 
    &amp#27;[34mjoin&amp#27;[0m
        position p1_0 
            &amp#27;[34mon&amp#27;[0m p1_0.id=c1_0.position_id 
    &amp#27;[34mleft&amp#27;[0m &amp#27;[34mjoin&amp#27;[0m
        speciality r1_0 
            &amp#27;[34mon&amp#27;[0m r1_0.id=c1_0.req_spec 
    &amp#27;[34mwhere&amp#27;[0m
        c1_0.company_id=?
&amp#27;[35m[Hibernate]&amp#27;[0m 
    &amp#27;[34mselect&amp#27;[0m
        p1_0.id,
        p1_0.name 
    &amp#27;[34mfrom&amp#27;[0m
        position p1_0 
    &amp#27;[34mwhere&amp#27;[0m
        p1_0.id=?
&amp#27;[35m[Hibernate]&amp#27;[0m 
    &amp#27;[34mselect&amp#27;[0m
        &amp#27;[34mnull&amp#27;[0m,
        w1_0.end_date,
        w1_0.salary,
        w1_0.start_date 
    &amp#27;[34mfrom&amp#27;[0m
        workhistory w1_0 
    &amp#27;[34mwhere&amp#27;[0m
        w1_0.applicant_id=? 
        &amp#27;[34mand&amp#27;[0m w1_0.company_id=? 
        &amp#27;[34mand&amp#27;[0m w1_0.position_id=?
&amp#27;[35m[Hibernate]&amp#27;[0m 
    &amp#27;[34mdelete&amp#27;[0m 
    &amp#27;[34mfrom&amp#27;[0m
        workhistory 
    &amp#27;[34mwhere&amp#27;[0m
        applicant_id=? 
        &amp#27;[34mand&amp#27;[0m company_id=? 
        &amp#27;[34mand&amp#27;[0m position_id=?
&amp#27;[35m[Hibernate]&amp#27;[0m 
    &amp#27;[34mselect&amp#27;[0m
        w1_0.applicant_id,
        a1_0.id,
        a1_0.apartment,
        a1_0.building,
        a1_0.first_name,
        a1_0.last_name,
        a1_0.middle_name,
        s1_0.id,
        s1_0.name,
        a1_0.sought_salary,
        a1_0.street,
        a2_0.applicant_id,
        a2_0.speciality_id,
        s2_0.id,
        s2_0.name,
        a2_0.university_id,
        u1_0.id,
        u1_0.name,
        w1_0.company_id,
        c1_0.id,
        c1_0.name,
        w1_0.position_id,
        p1_0.id,
        p1_0.name,
        w1_0.end_date,
        w1_0.salary,
        w1_0.start_date 
    &amp#27;[34mfrom&amp#27;[0m
        workhistory w1_0 
    &amp#27;[34mjoin&amp#27;[0m
        applicant a1_0 
            &amp#27;[34mon&amp#27;[0m a1_0.id=w1_0.applicant_id 
    &amp#27;[34mleft&amp#27;[0m &amp#27;[34mjoin&amp#27;[0m
        position s1_0 
            &amp#27;[34mon&amp#27;[0m s1_0.id=a1_0.sought_post 
    &amp#27;[34mleft&amp#27;[0m &amp#27;[34mjoin&amp#27;[0m
        education a2_0 
            &amp#27;[34mon&amp#27;[0m a1_0.id=a2_0.applicant_id 
    &amp#27;[34mleft&amp#27;[0m &amp#27;[34mjoin&amp#27;[0m
        speciality s2_0 
            &amp#27;[34mon&amp#27;[0m s2_0.id=a2_0.speciality_id 
    &amp#27;[34mleft&amp#27;[0m &amp#27;[34mjoin&amp#27;[0m
        university u1_0 
            &amp#27;[34mon&amp#27;[0m u1_0.id=a2_0.university_id 
    &amp#27;[34mjoin&amp#27;[0m
        company c1_0 
            &amp#27;[34mon&amp#27;[0m c1_0.id=w1_0.company_id 
    &amp#27;[34mjoin&amp#27;[0m
        position p1_0 
            &amp#27;[34mon&amp#27;[0m p1_0.id=w1_0.position_id 
    &amp#27;[34mwhere&amp#27;[0m
        (
            w1_0.applicant_id, w1_0.company_id, w1_0.position_id
        ) &amp#27;[34min&amp#27;[0m ((?, ?, ?))
&amp#27;[35m[Hibernate]&amp#27;[0m 
    &amp#27;[34minsert&amp#27;[0m 
    &amp#27;[34minto&amp#27;[0m
        workhistory
        (end_date, salary, start_date, applicant_id, company_id, position_id) 
    &amp#27;[34mvalues&amp#27;[0m
        (?, ?, ?, ?, ?, ?)
&amp#27;[35m[Hibernate]&amp#27;[0m 
    &amp#27;[34mselect&amp#27;[0m
        w1_0.applicant_id,
        w1_0.company_id,
        w1_0.position_id,
        w1_0.end_date,
        w1_0.salary,
        w1_0.start_date 
    &amp#27;[34mfrom&amp#27;[0m
        workhistory w1_0 
    &amp#27;[34mwhere&amp#27;[0m
        w1_0.applicant_id=? 
        &amp#27;[34mand&amp#27;[0m w1_0.company_id=? 
        &amp#27;[34mand&amp#27;[0m w1_0.position_id=?
&amp#27;[35m[Hibernate]&amp#27;[0m 
    &amp#27;[34mselect&amp#27;[0m
        a1_0.id,
        a1_0.apartment,
        a1_0.building,
        a1_0.first_name,
        a1_0.last_name,
        a1_0.middle_name,
        s1_0.id,
        s1_0.name,
        a1_0.sought_salary,
        a1_0.street,
        a2_0.applicant_id,
        a2_0.speciality_id,
        s2_0.id,
        s2_0.name,
        a2_0.university_id,
        u1_0.id,
        u1_0.name 
    &amp#27;[34mfrom&amp#27;[0m
        applicant a1_0 
    &amp#27;[34mleft&amp#27;[0m &amp#27;[34mjoin&amp#27;[0m
        position s1_0 
            &amp#27;[34mon&amp#27;[0m s1_0.id=a1_0.sought_post 
    &amp#27;[34mleft&amp#27;[0m &amp#27;[34mjoin&amp#27;[0m
        education a2_0 
            &amp#27;[34mon&amp#27;[0m a1_0.id=a2_0.applicant_id 
    &amp#27;[34mleft&amp#27;[0m &amp#27;[34mjoin&amp#27;[0m
        speciality s2_0 
            &amp#27;[34mon&amp#27;[0m s2_0.id=a2_0.speciality_id 
    &amp#27;[34mleft&amp#27;[0m &amp#27;[34mjoin&amp#27;[0m
        university u1_0 
            &amp#27;[34mon&amp#27;[0m u1_0.id=a2_0.university_id 
    &amp#27;[34mwhere&amp#27;[0m
        a1_0.id=?
&amp#27;[35m[Hibernate]&amp#27;[0m 
    &amp#27;[34mselect&amp#27;[0m
        c1_0.id,
        c1_0.name,
        c2_0.company_id,
        c2_0.position_id,
        p1_0.id,
        p1_0.name,
        c2_0.req_exp,
        r1_0.id,
        r1_0.name,
        c2_0.salary 
    &amp#27;[34mfrom&amp#27;[0m
        company c1_0 
    &amp#27;[34mleft&amp#27;[0m &amp#27;[34mjoin&amp#27;[0m
        vacancy c2_0 
            &amp#27;[34mon&amp#27;[0m c1_0.id=c2_0.company_id 
    &amp#27;[34mleft&amp#27;[0m &amp#27;[34mjoin&amp#27;[0m
        position p1_0 
            &amp#27;[34mon&amp#27;[0m p1_0.id=c2_0.position_id 
    &amp#27;[34mleft&amp#27;[0m &amp#27;[34mjoin&amp#27;[0m
        speciality r1_0 
            &amp#27;[34mon&amp#27;[0m r1_0.id=c2_0.req_spec 
    &amp#27;[34mwhere&amp#27;[0m
        c1_0.id=?
&amp#27;[35m[Hibernate]&amp#27;[0m 
    &amp#27;[34mselect&amp#27;[0m
        a1_0.applicant_id,
        a1_0.company_id,
        c1_0.id,
        c1_0.name,
        a1_0.position_id,
        p1_0.id,
        p1_0.name,
        a1_0.end_date,
        a1_0.salary,
        a1_0.start_date 
    &amp#27;[34mfrom&amp#27;[0m
        workhistory a1_0 
    &amp#27;[34mjoin&amp#27;[0m
        company c1_0 
            &amp#27;[34mon&amp#27;[0m c1_0.id=a1_0.company_id 
    &amp#27;[34mjoin&amp#27;[0m
        position p1_0 
            &amp#27;[34mon&amp#27;[0m p1_0.id=a1_0.position_id 
    &amp#27;[34mwhere&amp#27;[0m
        a1_0.applicant_id=?
&amp#27;[35m[Hibernate]&amp#27;[0m 
    &amp#27;[34mselect&amp#27;[0m
        c1_0.company_id,
        c1_0.position_id,
        p1_0.id,
        p1_0.name,
        c1_0.req_exp,
        r1_0.id,
        r1_0.name,
        c1_0.salary 
    &amp#27;[34mfrom&amp#27;[0m
        vacancy c1_0 
    &amp#27;[34mjoin&amp#27;[0m
        position p1_0 
            &amp#27;[34mon&amp#27;[0m p1_0.id=c1_0.position_id 
    &amp#27;[34mleft&amp#27;[0m &amp#27;[34mjoin&amp#27;[0m
        speciality r1_0 
            &amp#27;[34mon&amp#27;[0m r1_0.id=c1_0.req_spec 
    &amp#27;[34mwhere&amp#27;[0m
        c1_0.company_id=?
&amp#27;[35m[Hibernate]&amp#27;[0m 
    &amp#27;[34mselect&amp#27;[0m
        &amp#27;[34mnull&amp#27;[0m,
        w1_0.end_date,
        w1_0.salary,
        w1_0.start_date 
    &amp#27;[34mfrom&amp#27;[0m
        workhistory w1_0 
    &amp#27;[34mwhere&amp#27;[0m
        w1_0.applicant_id=? 
        &amp#27;[34mand&amp#27;[0m w1_0.company_id=? 
        &amp#27;[34mand&amp#27;[0m w1_0.position_id=?
&amp#27;[35m[Hibernate]&amp#27;[0m 
    &amp#27;[34mdelete&amp#27;[0m 
    &amp#27;[34mfrom&amp#27;[0m
        workhistory 
    &amp#27;[34mwhere&amp#27;[0m
        applicant_id=? 
        &amp#27;[34mand&amp#27;[0m company_id=? 
        &amp#27;[34mand&amp#27;[0m position_id=?
&amp#27;[35m[Hibernate]&amp#27;[0m 
    &amp#27;[34mselect&amp#27;[0m
        w1_0.applicant_id,
        w1_0.company_id,
        w1_0.position_id,
        w1_0.end_date,
        w1_0.salary,
        w1_0.start_date 
    &amp#27;[34mfrom&amp#27;[0m
        workhistory w1_0 
    &amp#27;[34mwhere&amp#27;[0m
        w1_0.applicant_id=? 
        &amp#27;[34mand&amp#27;[0m w1_0.company_id=? 
        &amp#27;[34mand&amp#27;[0m w1_0.position_id=?
findByObj error: jakarta.persistence.NoResultException: No result found for query [SELECT wh FROM Workhistory wh WHERE wh.applicant = :applicant AND wh.company = :company AND wh.position = :position ]
]]></system-out>
  </testcase>
  <testcase name="testFindByObj" classname="com.prosphere.ras.WorkhistoryTests" time="0.013">
    <system-out><![CDATA[&amp#27;[35m[Hibernate]&amp#27;[0m 
    &amp#27;[34mselect&amp#27;[0m
        a1_0.id,
        a1_0.apartment,
        a1_0.building,
        a1_0.first_name,
        a1_0.last_name,
        a1_0.middle_name,
        s1_0.id,
        s1_0.name,
        a1_0.sought_salary,
        a1_0.street,
        a2_0.applicant_id,
        a2_0.speciality_id,
        s2_0.id,
        s2_0.name,
        a2_0.university_id,
        u1_0.id,
        u1_0.name 
    &amp#27;[34mfrom&amp#27;[0m
        applicant a1_0 
    &amp#27;[34mleft&amp#27;[0m &amp#27;[34mjoin&amp#27;[0m
        position s1_0 
            &amp#27;[34mon&amp#27;[0m s1_0.id=a1_0.sought_post 
    &amp#27;[34mleft&amp#27;[0m &amp#27;[34mjoin&amp#27;[0m
        education a2_0 
            &amp#27;[34mon&amp#27;[0m a1_0.id=a2_0.applicant_id 
    &amp#27;[34mleft&amp#27;[0m &amp#27;[34mjoin&amp#27;[0m
        speciality s2_0 
            &amp#27;[34mon&amp#27;[0m s2_0.id=a2_0.speciality_id 
    &amp#27;[34mleft&amp#27;[0m &amp#27;[34mjoin&amp#27;[0m
        university u1_0 
            &amp#27;[34mon&amp#27;[0m u1_0.id=a2_0.university_id 
    &amp#27;[34mwhere&amp#27;[0m
        a1_0.id=?
&amp#27;[35m[Hibernate]&amp#27;[0m 
    &amp#27;[34mselect&amp#27;[0m
        a1_0.applicant_id,
        a1_0.company_id,
        c1_0.id,
        c1_0.name,
        a1_0.position_id,
        p1_0.id,
        p1_0.name,
        a1_0.end_date,
        a1_0.salary,
        a1_0.start_date 
    &amp#27;[34mfrom&amp#27;[0m
        workhistory a1_0 
    &amp#27;[34mjoin&amp#27;[0m
        company c1_0 
            &amp#27;[34mon&amp#27;[0m c1_0.id=a1_0.company_id 
    &amp#27;[34mjoin&amp#27;[0m
        position p1_0 
            &amp#27;[34mon&amp#27;[0m p1_0.id=a1_0.position_id 
    &amp#27;[34mwhere&amp#27;[0m
        a1_0.applicant_id=?
&amp#27;[35m[Hibernate]&amp#27;[0m 
    &amp#27;[34mselect&amp#27;[0m
        c1_0.company_id,
        c1_0.position_id,
        p1_0.id,
        p1_0.name,
        c1_0.req_exp,
        r1_0.id,
        r1_0.name,
        c1_0.salary 
    &amp#27;[34mfrom&amp#27;[0m
        vacancy c1_0 
    &amp#27;[34mjoin&amp#27;[0m
        position p1_0 
            &amp#27;[34mon&amp#27;[0m p1_0.id=c1_0.position_id 
    &amp#27;[34mleft&amp#27;[0m &amp#27;[34mjoin&amp#27;[0m
        speciality r1_0 
            &amp#27;[34mon&amp#27;[0m r1_0.id=c1_0.req_spec 
    &amp#27;[34mwhere&amp#27;[0m
        c1_0.company_id=?
&amp#27;[35m[Hibernate]&amp#27;[0m 
    &amp#27;[34mselect&amp#27;[0m
        c1_0.company_id,
        c1_0.position_id,
        p1_0.id,
        p1_0.name,
        c1_0.req_exp,
        r1_0.id,
        r1_0.name,
        c1_0.salary 
    &amp#27;[34mfrom&amp#27;[0m
        vacancy c1_0 
    &amp#27;[34mjoin&amp#27;[0m
        position p1_0 
            &amp#27;[34mon&amp#27;[0m p1_0.id=c1_0.position_id 
    &amp#27;[34mleft&amp#27;[0m &amp#27;[34mjoin&amp#27;[0m
        speciality r1_0 
            &amp#27;[34mon&amp#27;[0m r1_0.id=c1_0.req_spec 
    &amp#27;[34mwhere&amp#27;[0m
        c1_0.company_id=?
&amp#27;[35m[Hibernate]&amp#27;[0m 
    &amp#27;[34mselect&amp#27;[0m
        c1_0.id,
        c1_0.name,
        c2_0.company_id,
        c2_0.position_id,
        p1_0.id,
        p1_0.name,
        c2_0.req_exp,
        r1_0.id,
        r1_0.name,
        c2_0.salary 
    &amp#27;[34mfrom&amp#27;[0m
        company c1_0 
    &amp#27;[34mleft&amp#27;[0m &amp#27;[34mjoin&amp#27;[0m
        vacancy c2_0 
            &amp#27;[34mon&amp#27;[0m c1_0.id=c2_0.company_id 
    &amp#27;[34mleft&amp#27;[0m &amp#27;[34mjoin&amp#27;[0m
        position p1_0 
            &amp#27;[34mon&amp#27;[0m p1_0.id=c2_0.position_id 
    &amp#27;[34mleft&amp#27;[0m &amp#27;[34mjoin&amp#27;[0m
        speciality r1_0 
            &amp#27;[34mon&amp#27;[0m r1_0.id=c2_0.req_spec 
    &amp#27;[34mwhere&amp#27;[0m
        c1_0.id=?
&amp#27;[35m[Hibernate]&amp#27;[0m 
    &amp#27;[34mselect&amp#27;[0m
        p1_0.id,
        p1_0.name 
    &amp#27;[34mfrom&amp#27;[0m
        position p1_0 
    &amp#27;[34mwhere&amp#27;[0m
        p1_0.id=?
&amp#27;[35m[Hibernate]&amp#27;[0m 
    &amp#27;[34mselect&amp#27;[0m
        w1_0.applicant_id,
        w1_0.company_id,
        w1_0.position_id,
        w1_0.end_date,
        w1_0.salary,
        w1_0.start_date 
    &amp#27;[34mfrom&amp#27;[0m
        workhistory w1_0 
    &amp#27;[34mwhere&amp#27;[0m
        w1_0.applicant_id=? 
        &amp#27;[34mand&amp#27;[0m w1_0.company_id=? 
        &amp#27;[34mand&amp#27;[0m w1_0.position_id=?
&amp#27;[35m[Hibernate]&amp#27;[0m 
    &amp#27;[34mselect&amp#27;[0m
        a1_0.id,
        a1_0.apartment,
        a1_0.building,
        a1_0.first_name,
        a1_0.last_name,
        a1_0.middle_name,
        s1_0.id,
        s1_0.name,
        a1_0.sought_salary,
        a1_0.street,
        a2_0.applicant_id,
        a2_0.speciality_id,
        s2_0.id,
        s2_0.name,
        a2_0.university_id,
        u1_0.id,
        u1_0.name 
    &amp#27;[34mfrom&amp#27;[0m
        applicant a1_0 
    &amp#27;[34mleft&amp#27;[0m &amp#27;[34mjoin&amp#27;[0m
        position s1_0 
            &amp#27;[34mon&amp#27;[0m s1_0.id=a1_0.sought_post 
    &amp#27;[34mleft&amp#27;[0m &amp#27;[34mjoin&amp#27;[0m
        education a2_0 
            &amp#27;[34mon&amp#27;[0m a1_0.id=a2_0.applicant_id 
    &amp#27;[34mleft&amp#27;[0m &amp#27;[34mjoin&amp#27;[0m
        speciality s2_0 
            &amp#27;[34mon&amp#27;[0m s2_0.id=a2_0.speciality_id 
    &amp#27;[34mleft&amp#27;[0m &amp#27;[34mjoin&amp#27;[0m
        university u1_0 
            &amp#27;[34mon&amp#27;[0m u1_0.id=a2_0.university_id 
    &amp#27;[34mwhere&amp#27;[0m
        a1_0.id=?
&amp#27;[35m[Hibernate]&amp#27;[0m 
    &amp#27;[34mselect&amp#27;[0m
        c1_0.id,
        c1_0.name,
        c2_0.company_id,
        c2_0.position_id,
        p1_0.id,
        p1_0.name,
        c2_0.req_exp,
        r1_0.id,
        r1_0.name,
        c2_0.salary 
    &amp#27;[34mfrom&amp#27;[0m
        company c1_0 
    &amp#27;[34mleft&amp#27;[0m &amp#27;[34mjoin&amp#27;[0m
        vacancy c2_0 
            &amp#27;[34mon&amp#27;[0m c1_0.id=c2_0.company_id 
    &amp#27;[34mleft&amp#27;[0m &amp#27;[34mjoin&amp#27;[0m
        position p1_0 
            &amp#27;[34mon&amp#27;[0m p1_0.id=c2_0.position_id 
    &amp#27;[34mleft&amp#27;[0m &amp#27;[34mjoin&amp#27;[0m
        speciality r1_0 
            &amp#27;[34mon&amp#27;[0m r1_0.id=c2_0.req_spec 
    &amp#27;[34mwhere&amp#27;[0m
        c1_0.id=?
&amp#27;[35m[Hibernate]&amp#27;[0m 
    &amp#27;[34mselect&amp#27;[0m
        a1_0.applicant_id,
        a1_0.company_id,
        c1_0.id,
        c1_0.name,
        a1_0.position_id,
        p1_0.id,
        p1_0.name,
        a1_0.end_date,
        a1_0.salary,
        a1_0.start_date 
    &amp#27;[34mfrom&amp#27;[0m
        workhistory a1_0 
    &amp#27;[34mjoin&amp#27;[0m
        company c1_0 
            &amp#27;[34mon&amp#27;[0m c1_0.id=a1_0.company_id 
    &amp#27;[34mjoin&amp#27;[0m
        position p1_0 
            &amp#27;[34mon&amp#27;[0m p1_0.id=a1_0.position_id 
    &amp#27;[34mwhere&amp#27;[0m
        a1_0.applicant_id=?
&amp#27;[35m[Hibernate]&amp#27;[0m 
    &amp#27;[34mselect&amp#27;[0m
        c1_0.company_id,
        c1_0.position_id,
        p1_0.id,
        p1_0.name,
        c1_0.req_exp,
        r1_0.id,
        r1_0.name,
        c1_0.salary 
    &amp#27;[34mfrom&amp#27;[0m
        vacancy c1_0 
    &amp#27;[34mjoin&amp#27;[0m
        position p1_0 
            &amp#27;[34mon&amp#27;[0m p1_0.id=c1_0.position_id 
    &amp#27;[34mleft&amp#27;[0m &amp#27;[34mjoin&amp#27;[0m
        speciality r1_0 
            &amp#27;[34mon&amp#27;[0m r1_0.id=c1_0.req_spec 
    &amp#27;[34mwhere&amp#27;[0m
        c1_0.company_id=?
]]></system-out>
  </testcase>
</testsuite>